[2023-03-17T10:49:22.212+0000] {taskinstance.py:1083} INFO - Dependencies all met for <TaskInstance: LocalIngestionDag.ingest manual__2023-03-17T10:49:20.007900+00:00 [queued]>
[2023-03-17T10:49:22.222+0000] {taskinstance.py:1083} INFO - Dependencies all met for <TaskInstance: LocalIngestionDag.ingest manual__2023-03-17T10:49:20.007900+00:00 [queued]>
[2023-03-17T10:49:22.222+0000] {taskinstance.py:1279} INFO - 
--------------------------------------------------------------------------------
[2023-03-17T10:49:22.222+0000] {taskinstance.py:1280} INFO - Starting attempt 1 of 1
[2023-03-17T10:49:22.222+0000] {taskinstance.py:1281} INFO - 
--------------------------------------------------------------------------------
[2023-03-17T10:49:22.241+0000] {taskinstance.py:1300} INFO - Executing <Task(PythonOperator): ingest> on 2023-03-17 10:49:20.007900+00:00
[2023-03-17T10:49:22.245+0000] {standard_task_runner.py:55} INFO - Started process 2821 to run task
[2023-03-17T10:49:22.247+0000] {standard_task_runner.py:82} INFO - Running: ['***', 'tasks', 'run', 'LocalIngestionDag', 'ingest', 'manual__2023-03-17T10:49:20.007900+00:00', '--job-id', '1782', '--raw', '--subdir', 'DAGS_FOLDER/data_ingestion_local.py', '--cfg-path', '/tmp/tmpt7am_7a_']
[2023-03-17T10:49:22.248+0000] {standard_task_runner.py:83} INFO - Job 1782: Subtask ingest
[2023-03-17T10:49:22.257+0000] {warnings.py:110} WARNING - /home/***/.local/lib/python3.7/site-packages/***/settings.py:249: DeprecationWarning: The sql_alchemy_conn option in [core] has been moved to the sql_alchemy_conn option in [database] - the old setting has been used, but please update your config.
  SQL_ALCHEMY_CONN = conf.get("database", "SQL_ALCHEMY_CONN")

[2023-03-17T10:49:22.294+0000] {task_command.py:388} INFO - Running <TaskInstance: LocalIngestionDag.ingest manual__2023-03-17T10:49:20.007900+00:00 [running]> on host 846854af4045
[2023-03-17T10:49:22.322+0000] {warnings.py:110} WARNING - /home/***/.local/lib/python3.7/site-packages/***/utils/context.py:205: AirflowContextDeprecationWarning: Accessing 'execution_date' from the template is deprecated and will be removed in a future version. Please use 'data_interval_start' or 'logical_date' instead.
  warnings.warn(_create_deprecation_warning(key, self._deprecation_replacements[key]))

[2023-03-17T10:49:22.352+0000] {taskinstance.py:1509} INFO - Exporting the following env vars:
AIRFLOW_CTX_DAG_OWNER=***
AIRFLOW_CTX_DAG_ID=LocalIngestionDag
AIRFLOW_CTX_TASK_ID=ingest
AIRFLOW_CTX_EXECUTION_DATE=2023-03-17T10:49:20.007900+00:00
AIRFLOW_CTX_TRY_NUMBER=1
AIRFLOW_CTX_DAG_RUN_ID=manual__2023-03-17T10:49:20.007900+00:00
[2023-03-17T10:49:22.353+0000] {logging_mixin.py:137} INFO - yellow_tax_2023_03 /opt/***/output_2023-03.csv 2023-03-17T10:49:20.007900+00:00
[2023-03-17T10:49:22.357+0000] {ingestion_script.py:12} INFO - connected to ny_taxi
[2023-03-17T10:49:22.360+0000] {ingestion_script.py:19} INFO - starting to ingest data
[2023-03-17T10:49:22.395+0000] {ingestion_script.py:24} INFO - Insert the first chunk
[2023-03-17T10:49:22.395+0000] {ingestion_script.py:36} INFO - Finished ingesting data into the postgres database
[2023-03-17T10:49:22.395+0000] {python.py:177} INFO - Done. Returned value was: None
[2023-03-17T10:49:22.404+0000] {taskinstance.py:1323} INFO - Marking task as SUCCESS. dag_id=LocalIngestionDag, task_id=ingest, execution_date=20230317T104920, start_date=20230317T104922, end_date=20230317T104922
[2023-03-17T10:49:22.419+0000] {local_task_job.py:208} INFO - Task exited with return code 0
[2023-03-17T10:49:22.431+0000] {taskinstance.py:2578} INFO - 0 downstream tasks scheduled from follow-on schedule check
