[2023-03-23T10:54:34.106+0000] {taskinstance.py:1083} INFO - Dependencies all met for <TaskInstance: gcs_2_bq_dag.move_yellow_tripdata_files manual__2023-03-23T10:54:32.222477+00:00 [queued]>
[2023-03-23T10:54:34.119+0000] {taskinstance.py:1083} INFO - Dependencies all met for <TaskInstance: gcs_2_bq_dag.move_yellow_tripdata_files manual__2023-03-23T10:54:32.222477+00:00 [queued]>
[2023-03-23T10:54:34.120+0000] {taskinstance.py:1279} INFO - 
--------------------------------------------------------------------------------
[2023-03-23T10:54:34.120+0000] {taskinstance.py:1280} INFO - Starting attempt 1 of 2
[2023-03-23T10:54:34.120+0000] {taskinstance.py:1281} INFO - 
--------------------------------------------------------------------------------
[2023-03-23T10:54:34.145+0000] {taskinstance.py:1300} INFO - Executing <Task(GCSToGCSOperator): move_yellow_tripdata_files> on 2023-03-23 10:54:32.222477+00:00
[2023-03-23T10:54:34.154+0000] {standard_task_runner.py:55} INFO - Started process 3057 to run task
[2023-03-23T10:54:34.158+0000] {standard_task_runner.py:82} INFO - Running: ['***', 'tasks', 'run', 'gcs_2_bq_dag', 'move_yellow_tripdata_files', 'manual__2023-03-23T10:54:32.222477+00:00', '--job-id', '1960', '--raw', '--subdir', 'DAGS_FOLDER/transfer_gcp_to_bq.py', '--cfg-path', '/tmp/tmp1hqzcwd8']
[2023-03-23T10:54:34.160+0000] {standard_task_runner.py:83} INFO - Job 1960: Subtask move_yellow_tripdata_files
[2023-03-23T10:54:34.200+0000] {warnings.py:110} WARNING - /home/***/.local/lib/python3.7/site-packages/***/settings.py:249: DeprecationWarning: The sql_alchemy_conn option in [core] has been moved to the sql_alchemy_conn option in [database] - the old setting has been used, but please update your config.
  SQL_ALCHEMY_CONN = conf.get("database", "SQL_ALCHEMY_CONN")

[2023-03-23T10:54:34.249+0000] {task_command.py:388} INFO - Running <TaskInstance: gcs_2_bq_dag.move_yellow_tripdata_files manual__2023-03-23T10:54:32.222477+00:00 [running]> on host 4b3eeaf199d3
[2023-03-23T10:54:34.324+0000] {taskinstance.py:1509} INFO - Exporting the following env vars:
AIRFLOW_CTX_DAG_OWNER=***
AIRFLOW_CTX_DAG_ID=gcs_2_bq_dag
AIRFLOW_CTX_TASK_ID=move_yellow_tripdata_files
AIRFLOW_CTX_EXECUTION_DATE=2023-03-23T10:54:32.222477+00:00
AIRFLOW_CTX_TRY_NUMBER=1
AIRFLOW_CTX_DAG_RUN_ID=manual__2023-03-23T10:54:32.222477+00:00
[2023-03-23T10:54:34.326+0000] {crypto.py:83} WARNING - empty cryptography key - values will not be stored encrypted.
[2023-03-23T10:54:34.326+0000] {base.py:73} INFO - Using connection ID 'google_cloud_default' for task execution.
[2023-03-23T10:54:34.327+0000] {gcs_to_gcs.py:408} INFO - Delimiter ignored because wildcard is in prefix
[2023-03-23T10:54:34.875+0000] {gcs_to_gcs.py:475} INFO - Executing copy of gs://dtc_data_lake_winged-vigil-379810/raw/yellow/yellow_tripdata_2019-01.parquet to gs://dtc_data_lake_winged-vigil-379810/yellow/yellow/yellow_tripdata_2019-01.parquet
[2023-03-23T10:54:34.970+0000] {gcs.py:263} INFO - Total Bytes: 2259 | Bytes Written: 2259
[2023-03-23T10:54:34.970+0000] {gcs.py:276} INFO - Object raw/yellow/yellow_tripdata_2019-01.parquet in bucket dtc_data_lake_winged-vigil-379810 rewritten to object yellow/yellow/yellow_tripdata_2019-01.parquet in bucket dtc_data_lake_winged-vigil-379810
[2023-03-23T10:54:34.970+0000] {gcs_to_gcs.py:475} INFO - Executing copy of gs://dtc_data_lake_winged-vigil-379810/raw/yellow/yellow_tripdata_2019-02.parquet to gs://dtc_data_lake_winged-vigil-379810/yellow/yellow/yellow_tripdata_2019-02.parquet
[2023-03-23T10:54:35.043+0000] {gcs.py:263} INFO - Total Bytes: 2259 | Bytes Written: 2259
[2023-03-23T10:54:35.043+0000] {gcs.py:276} INFO - Object raw/yellow/yellow_tripdata_2019-02.parquet in bucket dtc_data_lake_winged-vigil-379810 rewritten to object yellow/yellow/yellow_tripdata_2019-02.parquet in bucket dtc_data_lake_winged-vigil-379810
[2023-03-23T10:54:35.043+0000] {gcs_to_gcs.py:475} INFO - Executing copy of gs://dtc_data_lake_winged-vigil-379810/raw/yellow/yellow_tripdata_2019-03.parquet to gs://dtc_data_lake_winged-vigil-379810/yellow/yellow/yellow_tripdata_2019-03.parquet
[2023-03-23T10:54:35.115+0000] {gcs.py:263} INFO - Total Bytes: 2259 | Bytes Written: 2259
[2023-03-23T10:54:35.115+0000] {gcs.py:276} INFO - Object raw/yellow/yellow_tripdata_2019-03.parquet in bucket dtc_data_lake_winged-vigil-379810 rewritten to object yellow/yellow/yellow_tripdata_2019-03.parquet in bucket dtc_data_lake_winged-vigil-379810
[2023-03-23T10:54:35.115+0000] {gcs_to_gcs.py:475} INFO - Executing copy of gs://dtc_data_lake_winged-vigil-379810/raw/yellow/yellow_tripdata_2019-04.parquet to gs://dtc_data_lake_winged-vigil-379810/yellow/yellow/yellow_tripdata_2019-04.parquet
[2023-03-23T10:54:35.215+0000] {gcs.py:263} INFO - Total Bytes: 2259 | Bytes Written: 2259
[2023-03-23T10:54:35.215+0000] {gcs.py:276} INFO - Object raw/yellow/yellow_tripdata_2019-04.parquet in bucket dtc_data_lake_winged-vigil-379810 rewritten to object yellow/yellow/yellow_tripdata_2019-04.parquet in bucket dtc_data_lake_winged-vigil-379810
[2023-03-23T10:54:35.215+0000] {gcs_to_gcs.py:475} INFO - Executing copy of gs://dtc_data_lake_winged-vigil-379810/raw/yellow/yellow_tripdata_2019-05.parquet to gs://dtc_data_lake_winged-vigil-379810/yellow/yellow/yellow_tripdata_2019-05.parquet
[2023-03-23T10:54:35.283+0000] {gcs.py:263} INFO - Total Bytes: 2259 | Bytes Written: 2259
[2023-03-23T10:54:35.284+0000] {gcs.py:276} INFO - Object raw/yellow/yellow_tripdata_2019-05.parquet in bucket dtc_data_lake_winged-vigil-379810 rewritten to object yellow/yellow/yellow_tripdata_2019-05.parquet in bucket dtc_data_lake_winged-vigil-379810
[2023-03-23T10:54:35.284+0000] {gcs_to_gcs.py:475} INFO - Executing copy of gs://dtc_data_lake_winged-vigil-379810/raw/yellow/yellow_tripdata_2019-06.parquet to gs://dtc_data_lake_winged-vigil-379810/yellow/yellow/yellow_tripdata_2019-06.parquet
[2023-03-23T10:54:35.354+0000] {gcs.py:263} INFO - Total Bytes: 2259 | Bytes Written: 2259
[2023-03-23T10:54:35.354+0000] {gcs.py:276} INFO - Object raw/yellow/yellow_tripdata_2019-06.parquet in bucket dtc_data_lake_winged-vigil-379810 rewritten to object yellow/yellow/yellow_tripdata_2019-06.parquet in bucket dtc_data_lake_winged-vigil-379810
[2023-03-23T10:54:35.354+0000] {gcs_to_gcs.py:475} INFO - Executing copy of gs://dtc_data_lake_winged-vigil-379810/raw/yellow/yellow_tripdata_2019-07.parquet to gs://dtc_data_lake_winged-vigil-379810/yellow/yellow/yellow_tripdata_2019-07.parquet
[2023-03-23T10:54:35.418+0000] {gcs.py:263} INFO - Total Bytes: 2259 | Bytes Written: 2259
[2023-03-23T10:54:35.418+0000] {gcs.py:276} INFO - Object raw/yellow/yellow_tripdata_2019-07.parquet in bucket dtc_data_lake_winged-vigil-379810 rewritten to object yellow/yellow/yellow_tripdata_2019-07.parquet in bucket dtc_data_lake_winged-vigil-379810
[2023-03-23T10:54:35.418+0000] {gcs_to_gcs.py:475} INFO - Executing copy of gs://dtc_data_lake_winged-vigil-379810/raw/yellow/yellow_tripdata_2019-08.parquet to gs://dtc_data_lake_winged-vigil-379810/yellow/yellow/yellow_tripdata_2019-08.parquet
[2023-03-23T10:54:35.481+0000] {gcs.py:263} INFO - Total Bytes: 2259 | Bytes Written: 2259
[2023-03-23T10:54:35.481+0000] {gcs.py:276} INFO - Object raw/yellow/yellow_tripdata_2019-08.parquet in bucket dtc_data_lake_winged-vigil-379810 rewritten to object yellow/yellow/yellow_tripdata_2019-08.parquet in bucket dtc_data_lake_winged-vigil-379810
[2023-03-23T10:54:35.481+0000] {gcs_to_gcs.py:475} INFO - Executing copy of gs://dtc_data_lake_winged-vigil-379810/raw/yellow/yellow_tripdata_2019-09.parquet to gs://dtc_data_lake_winged-vigil-379810/yellow/yellow/yellow_tripdata_2019-09.parquet
[2023-03-23T10:54:35.585+0000] {gcs.py:263} INFO - Total Bytes: 2259 | Bytes Written: 2259
[2023-03-23T10:54:35.585+0000] {gcs.py:276} INFO - Object raw/yellow/yellow_tripdata_2019-09.parquet in bucket dtc_data_lake_winged-vigil-379810 rewritten to object yellow/yellow/yellow_tripdata_2019-09.parquet in bucket dtc_data_lake_winged-vigil-379810
[2023-03-23T10:54:35.585+0000] {gcs_to_gcs.py:475} INFO - Executing copy of gs://dtc_data_lake_winged-vigil-379810/raw/yellow/yellow_tripdata_2019-10.parquet to gs://dtc_data_lake_winged-vigil-379810/yellow/yellow/yellow_tripdata_2019-10.parquet
[2023-03-23T10:54:35.655+0000] {gcs.py:263} INFO - Total Bytes: 2259 | Bytes Written: 2259
[2023-03-23T10:54:35.655+0000] {gcs.py:276} INFO - Object raw/yellow/yellow_tripdata_2019-10.parquet in bucket dtc_data_lake_winged-vigil-379810 rewritten to object yellow/yellow/yellow_tripdata_2019-10.parquet in bucket dtc_data_lake_winged-vigil-379810
[2023-03-23T10:54:35.655+0000] {gcs_to_gcs.py:475} INFO - Executing copy of gs://dtc_data_lake_winged-vigil-379810/raw/yellow/yellow_tripdata_2019-11.parquet to gs://dtc_data_lake_winged-vigil-379810/yellow/yellow/yellow_tripdata_2019-11.parquet
[2023-03-23T10:54:35.729+0000] {gcs.py:263} INFO - Total Bytes: 2259 | Bytes Written: 2259
[2023-03-23T10:54:35.729+0000] {gcs.py:276} INFO - Object raw/yellow/yellow_tripdata_2019-11.parquet in bucket dtc_data_lake_winged-vigil-379810 rewritten to object yellow/yellow/yellow_tripdata_2019-11.parquet in bucket dtc_data_lake_winged-vigil-379810
[2023-03-23T10:54:35.729+0000] {gcs_to_gcs.py:475} INFO - Executing copy of gs://dtc_data_lake_winged-vigil-379810/raw/yellow/yellow_tripdata_2019-12.parquet to gs://dtc_data_lake_winged-vigil-379810/yellow/yellow/yellow_tripdata_2019-12.parquet
[2023-03-23T10:54:35.799+0000] {gcs.py:263} INFO - Total Bytes: 2259 | Bytes Written: 2259
[2023-03-23T10:54:35.799+0000] {gcs.py:276} INFO - Object raw/yellow/yellow_tripdata_2019-12.parquet in bucket dtc_data_lake_winged-vigil-379810 rewritten to object yellow/yellow/yellow_tripdata_2019-12.parquet in bucket dtc_data_lake_winged-vigil-379810
[2023-03-23T10:54:35.799+0000] {gcs_to_gcs.py:475} INFO - Executing copy of gs://dtc_data_lake_winged-vigil-379810/raw/yellow/yellow_tripdata_2020-01.parquet to gs://dtc_data_lake_winged-vigil-379810/yellow/yellow/yellow_tripdata_2020-01.parquet
[2023-03-23T10:54:35.864+0000] {gcs.py:263} INFO - Total Bytes: 2259 | Bytes Written: 2259
[2023-03-23T10:54:35.864+0000] {gcs.py:276} INFO - Object raw/yellow/yellow_tripdata_2020-01.parquet in bucket dtc_data_lake_winged-vigil-379810 rewritten to object yellow/yellow/yellow_tripdata_2020-01.parquet in bucket dtc_data_lake_winged-vigil-379810
[2023-03-23T10:54:35.864+0000] {gcs_to_gcs.py:475} INFO - Executing copy of gs://dtc_data_lake_winged-vigil-379810/raw/yellow/yellow_tripdata_2020-02.parquet to gs://dtc_data_lake_winged-vigil-379810/yellow/yellow/yellow_tripdata_2020-02.parquet
[2023-03-23T10:54:35.960+0000] {gcs.py:263} INFO - Total Bytes: 2259 | Bytes Written: 2259
[2023-03-23T10:54:35.961+0000] {gcs.py:276} INFO - Object raw/yellow/yellow_tripdata_2020-02.parquet in bucket dtc_data_lake_winged-vigil-379810 rewritten to object yellow/yellow/yellow_tripdata_2020-02.parquet in bucket dtc_data_lake_winged-vigil-379810
[2023-03-23T10:54:35.961+0000] {gcs_to_gcs.py:475} INFO - Executing copy of gs://dtc_data_lake_winged-vigil-379810/raw/yellow/yellow_tripdata_2020-03.parquet to gs://dtc_data_lake_winged-vigil-379810/yellow/yellow/yellow_tripdata_2020-03.parquet
[2023-03-23T10:54:36.039+0000] {gcs.py:263} INFO - Total Bytes: 2259 | Bytes Written: 2259
[2023-03-23T10:54:36.040+0000] {gcs.py:276} INFO - Object raw/yellow/yellow_tripdata_2020-03.parquet in bucket dtc_data_lake_winged-vigil-379810 rewritten to object yellow/yellow/yellow_tripdata_2020-03.parquet in bucket dtc_data_lake_winged-vigil-379810
[2023-03-23T10:54:36.040+0000] {gcs_to_gcs.py:475} INFO - Executing copy of gs://dtc_data_lake_winged-vigil-379810/raw/yellow/yellow_tripdata_2020-04.parquet to gs://dtc_data_lake_winged-vigil-379810/yellow/yellow/yellow_tripdata_2020-04.parquet
[2023-03-23T10:54:36.105+0000] {gcs.py:263} INFO - Total Bytes: 2259 | Bytes Written: 2259
[2023-03-23T10:54:36.105+0000] {gcs.py:276} INFO - Object raw/yellow/yellow_tripdata_2020-04.parquet in bucket dtc_data_lake_winged-vigil-379810 rewritten to object yellow/yellow/yellow_tripdata_2020-04.parquet in bucket dtc_data_lake_winged-vigil-379810
[2023-03-23T10:54:36.105+0000] {gcs_to_gcs.py:475} INFO - Executing copy of gs://dtc_data_lake_winged-vigil-379810/raw/yellow/yellow_tripdata_2020-05.parquet to gs://dtc_data_lake_winged-vigil-379810/yellow/yellow/yellow_tripdata_2020-05.parquet
[2023-03-23T10:54:36.173+0000] {gcs.py:263} INFO - Total Bytes: 2259 | Bytes Written: 2259
[2023-03-23T10:54:36.173+0000] {gcs.py:276} INFO - Object raw/yellow/yellow_tripdata_2020-05.parquet in bucket dtc_data_lake_winged-vigil-379810 rewritten to object yellow/yellow/yellow_tripdata_2020-05.parquet in bucket dtc_data_lake_winged-vigil-379810
[2023-03-23T10:54:36.173+0000] {gcs_to_gcs.py:475} INFO - Executing copy of gs://dtc_data_lake_winged-vigil-379810/raw/yellow/yellow_tripdata_2020-06.parquet to gs://dtc_data_lake_winged-vigil-379810/yellow/yellow/yellow_tripdata_2020-06.parquet
[2023-03-23T10:54:36.235+0000] {gcs.py:263} INFO - Total Bytes: 2259 | Bytes Written: 2259
[2023-03-23T10:54:36.235+0000] {gcs.py:276} INFO - Object raw/yellow/yellow_tripdata_2020-06.parquet in bucket dtc_data_lake_winged-vigil-379810 rewritten to object yellow/yellow/yellow_tripdata_2020-06.parquet in bucket dtc_data_lake_winged-vigil-379810
[2023-03-23T10:54:36.235+0000] {gcs_to_gcs.py:475} INFO - Executing copy of gs://dtc_data_lake_winged-vigil-379810/raw/yellow/yellow_tripdata_2020-07.parquet to gs://dtc_data_lake_winged-vigil-379810/yellow/yellow/yellow_tripdata_2020-07.parquet
[2023-03-23T10:54:36.307+0000] {gcs.py:263} INFO - Total Bytes: 2259 | Bytes Written: 2259
[2023-03-23T10:54:36.307+0000] {gcs.py:276} INFO - Object raw/yellow/yellow_tripdata_2020-07.parquet in bucket dtc_data_lake_winged-vigil-379810 rewritten to object yellow/yellow/yellow_tripdata_2020-07.parquet in bucket dtc_data_lake_winged-vigil-379810
[2023-03-23T10:54:36.307+0000] {gcs_to_gcs.py:475} INFO - Executing copy of gs://dtc_data_lake_winged-vigil-379810/raw/yellow/yellow_tripdata_2020-08.parquet to gs://dtc_data_lake_winged-vigil-379810/yellow/yellow/yellow_tripdata_2020-08.parquet
[2023-03-23T10:54:36.413+0000] {gcs.py:263} INFO - Total Bytes: 2259 | Bytes Written: 2259
[2023-03-23T10:54:36.413+0000] {gcs.py:276} INFO - Object raw/yellow/yellow_tripdata_2020-08.parquet in bucket dtc_data_lake_winged-vigil-379810 rewritten to object yellow/yellow/yellow_tripdata_2020-08.parquet in bucket dtc_data_lake_winged-vigil-379810
[2023-03-23T10:54:36.413+0000] {gcs_to_gcs.py:475} INFO - Executing copy of gs://dtc_data_lake_winged-vigil-379810/raw/yellow/yellow_tripdata_2020-09.parquet to gs://dtc_data_lake_winged-vigil-379810/yellow/yellow/yellow_tripdata_2020-09.parquet
[2023-03-23T10:54:36.467+0000] {gcs.py:263} INFO - Total Bytes: 2259 | Bytes Written: 2259
[2023-03-23T10:54:36.467+0000] {gcs.py:276} INFO - Object raw/yellow/yellow_tripdata_2020-09.parquet in bucket dtc_data_lake_winged-vigil-379810 rewritten to object yellow/yellow/yellow_tripdata_2020-09.parquet in bucket dtc_data_lake_winged-vigil-379810
[2023-03-23T10:54:36.467+0000] {gcs_to_gcs.py:475} INFO - Executing copy of gs://dtc_data_lake_winged-vigil-379810/raw/yellow/yellow_tripdata_2020-10.parquet to gs://dtc_data_lake_winged-vigil-379810/yellow/yellow/yellow_tripdata_2020-10.parquet
[2023-03-23T10:54:36.525+0000] {gcs.py:263} INFO - Total Bytes: 2259 | Bytes Written: 2259
[2023-03-23T10:54:36.525+0000] {gcs.py:276} INFO - Object raw/yellow/yellow_tripdata_2020-10.parquet in bucket dtc_data_lake_winged-vigil-379810 rewritten to object yellow/yellow/yellow_tripdata_2020-10.parquet in bucket dtc_data_lake_winged-vigil-379810
[2023-03-23T10:54:36.525+0000] {gcs_to_gcs.py:475} INFO - Executing copy of gs://dtc_data_lake_winged-vigil-379810/raw/yellow/yellow_tripdata_2020-11.parquet to gs://dtc_data_lake_winged-vigil-379810/yellow/yellow/yellow_tripdata_2020-11.parquet
[2023-03-23T10:54:36.585+0000] {gcs.py:263} INFO - Total Bytes: 2259 | Bytes Written: 2259
[2023-03-23T10:54:36.586+0000] {gcs.py:276} INFO - Object raw/yellow/yellow_tripdata_2020-11.parquet in bucket dtc_data_lake_winged-vigil-379810 rewritten to object yellow/yellow/yellow_tripdata_2020-11.parquet in bucket dtc_data_lake_winged-vigil-379810
[2023-03-23T10:54:36.586+0000] {gcs_to_gcs.py:475} INFO - Executing copy of gs://dtc_data_lake_winged-vigil-379810/raw/yellow/yellow_tripdata_2020-12.parquet to gs://dtc_data_lake_winged-vigil-379810/yellow/yellow/yellow_tripdata_2020-12.parquet
[2023-03-23T10:54:36.653+0000] {gcs.py:263} INFO - Total Bytes: 2259 | Bytes Written: 2259
[2023-03-23T10:54:36.653+0000] {gcs.py:276} INFO - Object raw/yellow/yellow_tripdata_2020-12.parquet in bucket dtc_data_lake_winged-vigil-379810 rewritten to object yellow/yellow/yellow_tripdata_2020-12.parquet in bucket dtc_data_lake_winged-vigil-379810
[2023-03-23T10:54:36.661+0000] {taskinstance.py:1323} INFO - Marking task as SUCCESS. dag_id=gcs_2_bq_dag, task_id=move_yellow_tripdata_files, execution_date=20230323T105432, start_date=20230323T105434, end_date=20230323T105436
[2023-03-23T10:54:36.694+0000] {local_task_job.py:208} INFO - Task exited with return code 0
[2023-03-23T10:54:36.727+0000] {taskinstance.py:2578} INFO - 1 downstream tasks scheduled from follow-on schedule check
