[2023-03-23T10:24:42.904+0000] {taskinstance.py:1083} INFO - Dependencies all met for <TaskInstance: gcs_2_bq_dag.move_fhv_tripdata_files scheduled__2023-03-22T00:00:00+00:00 [queued]>
[2023-03-23T10:24:42.913+0000] {taskinstance.py:1083} INFO - Dependencies all met for <TaskInstance: gcs_2_bq_dag.move_fhv_tripdata_files scheduled__2023-03-22T00:00:00+00:00 [queued]>
[2023-03-23T10:24:42.913+0000] {taskinstance.py:1279} INFO - 
--------------------------------------------------------------------------------
[2023-03-23T10:24:42.913+0000] {taskinstance.py:1280} INFO - Starting attempt 1 of 2
[2023-03-23T10:24:42.913+0000] {taskinstance.py:1281} INFO - 
--------------------------------------------------------------------------------
[2023-03-23T10:24:42.923+0000] {taskinstance.py:1300} INFO - Executing <Task(GCSToGCSOperator): move_fhv_tripdata_files> on 2023-03-22 00:00:00+00:00
[2023-03-23T10:24:42.928+0000] {standard_task_runner.py:55} INFO - Started process 556 to run task
[2023-03-23T10:24:42.930+0000] {standard_task_runner.py:82} INFO - Running: ['***', 'tasks', 'run', 'gcs_2_bq_dag', 'move_fhv_tripdata_files', 'scheduled__2023-03-22T00:00:00+00:00', '--job-id', '1940', '--raw', '--subdir', 'DAGS_FOLDER/transfer_gcp_to_bq.py', '--cfg-path', '/tmp/tmptrpb2w3l']
[2023-03-23T10:24:42.931+0000] {standard_task_runner.py:83} INFO - Job 1940: Subtask move_fhv_tripdata_files
[2023-03-23T10:24:42.941+0000] {warnings.py:110} WARNING - /home/***/.local/lib/python3.7/site-packages/***/settings.py:249: DeprecationWarning: The sql_alchemy_conn option in [core] has been moved to the sql_alchemy_conn option in [database] - the old setting has been used, but please update your config.
  SQL_ALCHEMY_CONN = conf.get("database", "SQL_ALCHEMY_CONN")

[2023-03-23T10:24:42.955+0000] {warnings.py:110} WARNING - /home/***/.local/lib/python3.7/site-packages/***/utils/sqlalchemy.py:124: DeprecationWarning: The sql_alchemy_conn option in [core] has been moved to the sql_alchemy_conn option in [database] - the old setting has been used, but please update your config.
  return not conf.get("database", "sql_alchemy_conn").startswith("mssql")

[2023-03-23T10:24:42.975+0000] {task_command.py:388} INFO - Running <TaskInstance: gcs_2_bq_dag.move_fhv_tripdata_files scheduled__2023-03-22T00:00:00+00:00 [running]> on host 4b3eeaf199d3
[2023-03-23T10:24:43.029+0000] {taskinstance.py:1509} INFO - Exporting the following env vars:
AIRFLOW_CTX_DAG_OWNER=***
AIRFLOW_CTX_DAG_ID=gcs_2_bq_dag
AIRFLOW_CTX_TASK_ID=move_fhv_tripdata_files
AIRFLOW_CTX_EXECUTION_DATE=2023-03-22T00:00:00+00:00
AIRFLOW_CTX_TRY_NUMBER=1
AIRFLOW_CTX_DAG_RUN_ID=scheduled__2023-03-22T00:00:00+00:00
[2023-03-23T10:24:43.030+0000] {crypto.py:83} WARNING - empty cryptography key - values will not be stored encrypted.
[2023-03-23T10:24:43.030+0000] {base.py:73} INFO - Using connection ID 'google_cloud_default' for task execution.
[2023-03-23T10:24:43.031+0000] {gcs_to_gcs.py:408} INFO - Delimiter ignored because wildcard is in prefix
[2023-03-23T10:24:43.389+0000] {taskinstance.py:1323} INFO - Marking task as SUCCESS. dag_id=gcs_2_bq_dag, task_id=move_fhv_tripdata_files, execution_date=20230322T000000, start_date=20230323T102442, end_date=20230323T102443
[2023-03-23T10:24:43.422+0000] {local_task_job.py:208} INFO - Task exited with return code 0
[2023-03-23T10:24:43.449+0000] {taskinstance.py:2578} INFO - 0 downstream tasks scheduled from follow-on schedule check
