[2023-03-14T10:41:01.343+0000] {taskinstance.py:1083} INFO - Dependencies all met for <TaskInstance: LocalIngestionDag.ingest scheduled__2022-10-02T06:00:00+00:00 [queued]>
[2023-03-14T10:41:01.356+0000] {taskinstance.py:1083} INFO - Dependencies all met for <TaskInstance: LocalIngestionDag.ingest scheduled__2022-10-02T06:00:00+00:00 [queued]>
[2023-03-14T10:41:01.356+0000] {taskinstance.py:1279} INFO - 
--------------------------------------------------------------------------------
[2023-03-14T10:41:01.356+0000] {taskinstance.py:1280} INFO - Starting attempt 1 of 1
[2023-03-14T10:41:01.356+0000] {taskinstance.py:1281} INFO - 
--------------------------------------------------------------------------------
[2023-03-14T10:41:01.377+0000] {taskinstance.py:1300} INFO - Executing <Task(BashOperator): ingest> on 2022-10-02 06:00:00+00:00
[2023-03-14T10:41:01.383+0000] {standard_task_runner.py:55} INFO - Started process 326 to run task
[2023-03-14T10:41:01.386+0000] {standard_task_runner.py:82} INFO - Running: ['***', 'tasks', 'run', 'LocalIngestionDag', 'ingest', 'scheduled__2022-10-02T06:00:00+00:00', '--job-id', '1739', '--raw', '--subdir', 'DAGS_FOLDER/data_ingestion_local.py', '--cfg-path', '/tmp/tmpxz5kkez5']
[2023-03-14T10:41:01.387+0000] {standard_task_runner.py:83} INFO - Job 1739: Subtask ingest
[2023-03-14T10:41:01.401+0000] {warnings.py:110} WARNING - /home/***/.local/lib/python3.7/site-packages/***/settings.py:249: DeprecationWarning: The sql_alchemy_conn option in [core] has been moved to the sql_alchemy_conn option in [database] - the old setting has been used, but please update your config.
  SQL_ALCHEMY_CONN = conf.get("database", "SQL_ALCHEMY_CONN")

[2023-03-14T10:41:01.424+0000] {warnings.py:110} WARNING - /home/***/.local/lib/python3.7/site-packages/***/utils/sqlalchemy.py:124: DeprecationWarning: The sql_alchemy_conn option in [core] has been moved to the sql_alchemy_conn option in [database] - the old setting has been used, but please update your config.
  return not conf.get("database", "sql_alchemy_conn").startswith("mssql")

[2023-03-14T10:41:01.456+0000] {task_command.py:388} INFO - Running <TaskInstance: LocalIngestionDag.ingest scheduled__2022-10-02T06:00:00+00:00 [running]> on host 67d5ca07a279
[2023-03-14T10:41:01.539+0000] {taskinstance.py:1509} INFO - Exporting the following env vars:
AIRFLOW_CTX_DAG_OWNER=***
AIRFLOW_CTX_DAG_ID=LocalIngestionDag
AIRFLOW_CTX_TASK_ID=ingest
AIRFLOW_CTX_EXECUTION_DATE=2022-10-02T06:00:00+00:00
AIRFLOW_CTX_TRY_NUMBER=1
AIRFLOW_CTX_DAG_RUN_ID=scheduled__2022-10-02T06:00:00+00:00
[2023-03-14T10:41:01.540+0000] {subprocess.py:63} INFO - Tmp dir root location: 
 /tmp
[2023-03-14T10:41:01.541+0000] {subprocess.py:75} INFO - Running command: ['/bin/bash', '-c', 'echo "hello world"']
[2023-03-14T10:41:01.554+0000] {subprocess.py:86} INFO - Output:
[2023-03-14T10:41:01.555+0000] {subprocess.py:93} INFO - hello world
[2023-03-14T10:41:01.556+0000] {subprocess.py:97} INFO - Command exited with return code 0
[2023-03-14T10:41:01.583+0000] {taskinstance.py:1323} INFO - Marking task as SUCCESS. dag_id=LocalIngestionDag, task_id=ingest, execution_date=20221002T060000, start_date=20230314T104101, end_date=20230314T104101
[2023-03-14T10:41:01.642+0000] {local_task_job.py:208} INFO - Task exited with return code 0
[2023-03-14T10:41:01.661+0000] {taskinstance.py:2578} INFO - 0 downstream tasks scheduled from follow-on schedule check
