[2023-03-24T09:46:18.233+0000] {processor.py:153} INFO - Started process (PID=45) to work on /opt/airflow/dags/data_ingestion_local.py
[2023-03-24T09:46:18.234+0000] {processor.py:743} INFO - Processing file /opt/airflow/dags/data_ingestion_local.py for tasks to queue
[2023-03-24T09:46:18.234+0000] {logging_mixin.py:137} INFO - [2023-03-24T09:46:18.234+0000] {dagbag.py:538} INFO - Filling up the DagBag from /opt/airflow/dags/data_ingestion_local.py
[2023-03-24T09:46:18.410+0000] {processor.py:753} INFO - DAG(s) dict_keys(['LocalIngestionDag']) retrieved from /opt/airflow/dags/data_ingestion_local.py
[2023-03-24T09:46:18.425+0000] {logging_mixin.py:137} INFO - [2023-03-24T09:46:18.425+0000] {dag.py:2690} INFO - Sync 1 DAGs
[2023-03-24T09:46:18.446+0000] {logging_mixin.py:137} INFO - [2023-03-24T09:46:18.446+0000] {dag.py:3441} INFO - Setting next_dagrun for LocalIngestionDag to 2023-03-02T06:00:00+00:00, run_after=2023-04-02T06:00:00+00:00
[2023-03-24T09:46:18.465+0000] {processor.py:175} INFO - Processing /opt/airflow/dags/data_ingestion_local.py took 0.234 seconds
[2023-03-24T09:46:50.314+0000] {processor.py:153} INFO - Started process (PID=109) to work on /opt/airflow/dags/data_ingestion_local.py
[2023-03-24T09:46:50.315+0000] {processor.py:743} INFO - Processing file /opt/airflow/dags/data_ingestion_local.py for tasks to queue
[2023-03-24T09:46:50.316+0000] {logging_mixin.py:137} INFO - [2023-03-24T09:46:50.315+0000] {dagbag.py:538} INFO - Filling up the DagBag from /opt/airflow/dags/data_ingestion_local.py
[2023-03-24T09:46:50.824+0000] {processor.py:753} INFO - DAG(s) dict_keys(['LocalIngestionDag']) retrieved from /opt/airflow/dags/data_ingestion_local.py
[2023-03-24T09:46:50.853+0000] {logging_mixin.py:137} INFO - [2023-03-24T09:46:50.852+0000] {dag.py:2690} INFO - Sync 1 DAGs
[2023-03-24T09:46:50.893+0000] {logging_mixin.py:137} INFO - [2023-03-24T09:46:50.893+0000] {dag.py:3441} INFO - Setting next_dagrun for LocalIngestionDag to 2023-03-02T06:00:00+00:00, run_after=2023-04-02T06:00:00+00:00
[2023-03-24T09:46:50.943+0000] {processor.py:175} INFO - Processing /opt/airflow/dags/data_ingestion_local.py took 0.634 seconds
[2023-03-24T09:47:21.028+0000] {processor.py:153} INFO - Started process (PID=147) to work on /opt/airflow/dags/data_ingestion_local.py
[2023-03-24T09:47:21.029+0000] {processor.py:743} INFO - Processing file /opt/airflow/dags/data_ingestion_local.py for tasks to queue
[2023-03-24T09:47:21.030+0000] {logging_mixin.py:137} INFO - [2023-03-24T09:47:21.029+0000] {dagbag.py:538} INFO - Filling up the DagBag from /opt/airflow/dags/data_ingestion_local.py
[2023-03-24T09:47:21.179+0000] {processor.py:753} INFO - DAG(s) dict_keys(['LocalIngestionDag']) retrieved from /opt/airflow/dags/data_ingestion_local.py
[2023-03-24T09:47:21.192+0000] {logging_mixin.py:137} INFO - [2023-03-24T09:47:21.192+0000] {dag.py:2690} INFO - Sync 1 DAGs
[2023-03-24T09:47:21.210+0000] {logging_mixin.py:137} INFO - [2023-03-24T09:47:21.210+0000] {dag.py:3441} INFO - Setting next_dagrun for LocalIngestionDag to 2023-03-02T06:00:00+00:00, run_after=2023-04-02T06:00:00+00:00
[2023-03-24T09:47:21.223+0000] {processor.py:175} INFO - Processing /opt/airflow/dags/data_ingestion_local.py took 0.196 seconds
[2023-03-24T09:47:51.712+0000] {processor.py:153} INFO - Started process (PID=202) to work on /opt/airflow/dags/data_ingestion_local.py
[2023-03-24T09:47:51.713+0000] {processor.py:743} INFO - Processing file /opt/airflow/dags/data_ingestion_local.py for tasks to queue
[2023-03-24T09:47:51.713+0000] {logging_mixin.py:137} INFO - [2023-03-24T09:47:51.713+0000] {dagbag.py:538} INFO - Filling up the DagBag from /opt/airflow/dags/data_ingestion_local.py
[2023-03-24T09:47:51.862+0000] {processor.py:753} INFO - DAG(s) dict_keys(['LocalIngestionDag']) retrieved from /opt/airflow/dags/data_ingestion_local.py
[2023-03-24T09:47:51.875+0000] {logging_mixin.py:137} INFO - [2023-03-24T09:47:51.874+0000] {dag.py:2690} INFO - Sync 1 DAGs
[2023-03-24T09:47:51.892+0000] {logging_mixin.py:137} INFO - [2023-03-24T09:47:51.892+0000] {dag.py:3441} INFO - Setting next_dagrun for LocalIngestionDag to 2023-03-02T06:00:00+00:00, run_after=2023-04-02T06:00:00+00:00
[2023-03-24T09:47:51.908+0000] {processor.py:175} INFO - Processing /opt/airflow/dags/data_ingestion_local.py took 0.197 seconds
[2023-03-24T09:48:23.677+0000] {processor.py:153} INFO - Started process (PID=248) to work on /opt/airflow/dags/data_ingestion_local.py
[2023-03-24T09:48:23.678+0000] {processor.py:743} INFO - Processing file /opt/airflow/dags/data_ingestion_local.py for tasks to queue
[2023-03-24T09:48:23.679+0000] {logging_mixin.py:137} INFO - [2023-03-24T09:48:23.679+0000] {dagbag.py:538} INFO - Filling up the DagBag from /opt/airflow/dags/data_ingestion_local.py
[2023-03-24T09:48:24.033+0000] {processor.py:753} INFO - DAG(s) dict_keys(['LocalIngestionDag']) retrieved from /opt/airflow/dags/data_ingestion_local.py
[2023-03-24T09:48:24.053+0000] {logging_mixin.py:137} INFO - [2023-03-24T09:48:24.053+0000] {dag.py:2690} INFO - Sync 1 DAGs
[2023-03-24T09:48:24.084+0000] {logging_mixin.py:137} INFO - [2023-03-24T09:48:24.084+0000] {dag.py:3441} INFO - Setting next_dagrun for LocalIngestionDag to 2023-03-02T06:00:00+00:00, run_after=2023-04-02T06:00:00+00:00
[2023-03-24T09:48:24.101+0000] {processor.py:175} INFO - Processing /opt/airflow/dags/data_ingestion_local.py took 0.429 seconds
[2023-03-24T09:48:57.139+0000] {processor.py:153} INFO - Started process (PID=292) to work on /opt/airflow/dags/data_ingestion_local.py
[2023-03-24T09:48:57.140+0000] {processor.py:743} INFO - Processing file /opt/airflow/dags/data_ingestion_local.py for tasks to queue
[2023-03-24T09:48:57.141+0000] {logging_mixin.py:137} INFO - [2023-03-24T09:48:57.140+0000] {dagbag.py:538} INFO - Filling up the DagBag from /opt/airflow/dags/data_ingestion_local.py
[2023-03-24T09:48:57.422+0000] {processor.py:753} INFO - DAG(s) dict_keys(['LocalIngestionDag']) retrieved from /opt/airflow/dags/data_ingestion_local.py
[2023-03-24T09:48:57.444+0000] {logging_mixin.py:137} INFO - [2023-03-24T09:48:57.443+0000] {dag.py:2690} INFO - Sync 1 DAGs
[2023-03-24T09:48:57.475+0000] {logging_mixin.py:137} INFO - [2023-03-24T09:48:57.475+0000] {dag.py:3441} INFO - Setting next_dagrun for LocalIngestionDag to 2023-03-02T06:00:00+00:00, run_after=2023-04-02T06:00:00+00:00
[2023-03-24T09:48:57.496+0000] {processor.py:175} INFO - Processing /opt/airflow/dags/data_ingestion_local.py took 0.359 seconds
[2023-03-24T09:49:28.702+0000] {processor.py:153} INFO - Started process (PID=346) to work on /opt/airflow/dags/data_ingestion_local.py
[2023-03-24T09:49:28.708+0000] {processor.py:743} INFO - Processing file /opt/airflow/dags/data_ingestion_local.py for tasks to queue
[2023-03-24T09:49:28.712+0000] {logging_mixin.py:137} INFO - [2023-03-24T09:49:28.711+0000] {dagbag.py:538} INFO - Filling up the DagBag from /opt/airflow/dags/data_ingestion_local.py
[2023-03-24T09:49:29.184+0000] {processor.py:753} INFO - DAG(s) dict_keys(['LocalIngestionDag']) retrieved from /opt/airflow/dags/data_ingestion_local.py
[2023-03-24T09:49:29.216+0000] {logging_mixin.py:137} INFO - [2023-03-24T09:49:29.215+0000] {dag.py:2690} INFO - Sync 1 DAGs
[2023-03-24T09:49:29.251+0000] {logging_mixin.py:137} INFO - [2023-03-24T09:49:29.250+0000] {dag.py:3441} INFO - Setting next_dagrun for LocalIngestionDag to 2023-03-02T06:00:00+00:00, run_after=2023-04-02T06:00:00+00:00
[2023-03-24T09:49:29.275+0000] {processor.py:175} INFO - Processing /opt/airflow/dags/data_ingestion_local.py took 0.581 seconds
[2023-03-24T09:49:59.490+0000] {processor.py:153} INFO - Started process (PID=384) to work on /opt/airflow/dags/data_ingestion_local.py
[2023-03-24T09:49:59.491+0000] {processor.py:743} INFO - Processing file /opt/airflow/dags/data_ingestion_local.py for tasks to queue
[2023-03-24T09:49:59.492+0000] {logging_mixin.py:137} INFO - [2023-03-24T09:49:59.492+0000] {dagbag.py:538} INFO - Filling up the DagBag from /opt/airflow/dags/data_ingestion_local.py
[2023-03-24T09:49:59.727+0000] {processor.py:753} INFO - DAG(s) dict_keys(['LocalIngestionDag']) retrieved from /opt/airflow/dags/data_ingestion_local.py
[2023-03-24T09:49:59.742+0000] {logging_mixin.py:137} INFO - [2023-03-24T09:49:59.742+0000] {dag.py:2690} INFO - Sync 1 DAGs
[2023-03-24T09:49:59.762+0000] {logging_mixin.py:137} INFO - [2023-03-24T09:49:59.762+0000] {dag.py:3441} INFO - Setting next_dagrun for LocalIngestionDag to 2023-03-02T06:00:00+00:00, run_after=2023-04-02T06:00:00+00:00
[2023-03-24T09:49:59.776+0000] {processor.py:175} INFO - Processing /opt/airflow/dags/data_ingestion_local.py took 0.288 seconds
[2023-03-24T09:50:30.455+0000] {processor.py:153} INFO - Started process (PID=438) to work on /opt/airflow/dags/data_ingestion_local.py
[2023-03-24T09:50:30.456+0000] {processor.py:743} INFO - Processing file /opt/airflow/dags/data_ingestion_local.py for tasks to queue
[2023-03-24T09:50:30.457+0000] {logging_mixin.py:137} INFO - [2023-03-24T09:50:30.457+0000] {dagbag.py:538} INFO - Filling up the DagBag from /opt/airflow/dags/data_ingestion_local.py
[2023-03-24T09:50:30.688+0000] {processor.py:753} INFO - DAG(s) dict_keys(['LocalIngestionDag']) retrieved from /opt/airflow/dags/data_ingestion_local.py
[2023-03-24T09:50:30.707+0000] {logging_mixin.py:137} INFO - [2023-03-24T09:50:30.707+0000] {dag.py:2690} INFO - Sync 1 DAGs
[2023-03-24T09:50:30.733+0000] {logging_mixin.py:137} INFO - [2023-03-24T09:50:30.733+0000] {dag.py:3441} INFO - Setting next_dagrun for LocalIngestionDag to 2023-03-02T06:00:00+00:00, run_after=2023-04-02T06:00:00+00:00
[2023-03-24T09:50:30.749+0000] {processor.py:175} INFO - Processing /opt/airflow/dags/data_ingestion_local.py took 0.298 seconds
[2023-03-24T09:51:01.389+0000] {processor.py:153} INFO - Started process (PID=476) to work on /opt/airflow/dags/data_ingestion_local.py
[2023-03-24T09:51:01.390+0000] {processor.py:743} INFO - Processing file /opt/airflow/dags/data_ingestion_local.py for tasks to queue
[2023-03-24T09:51:01.390+0000] {logging_mixin.py:137} INFO - [2023-03-24T09:51:01.390+0000] {dagbag.py:538} INFO - Filling up the DagBag from /opt/airflow/dags/data_ingestion_local.py
[2023-03-24T09:51:01.555+0000] {processor.py:753} INFO - DAG(s) dict_keys(['LocalIngestionDag']) retrieved from /opt/airflow/dags/data_ingestion_local.py
[2023-03-24T09:51:01.570+0000] {logging_mixin.py:137} INFO - [2023-03-24T09:51:01.570+0000] {dag.py:2690} INFO - Sync 1 DAGs
[2023-03-24T09:51:01.589+0000] {logging_mixin.py:137} INFO - [2023-03-24T09:51:01.589+0000] {dag.py:3441} INFO - Setting next_dagrun for LocalIngestionDag to 2023-03-02T06:00:00+00:00, run_after=2023-04-02T06:00:00+00:00
[2023-03-24T09:51:01.606+0000] {processor.py:175} INFO - Processing /opt/airflow/dags/data_ingestion_local.py took 0.219 seconds
[2023-03-24T09:51:32.666+0000] {processor.py:153} INFO - Started process (PID=533) to work on /opt/airflow/dags/data_ingestion_local.py
[2023-03-24T09:51:32.667+0000] {processor.py:743} INFO - Processing file /opt/airflow/dags/data_ingestion_local.py for tasks to queue
[2023-03-24T09:51:32.668+0000] {logging_mixin.py:137} INFO - [2023-03-24T09:51:32.668+0000] {dagbag.py:538} INFO - Filling up the DagBag from /opt/airflow/dags/data_ingestion_local.py
[2023-03-24T09:51:33.001+0000] {processor.py:753} INFO - DAG(s) dict_keys(['LocalIngestionDag']) retrieved from /opt/airflow/dags/data_ingestion_local.py
[2023-03-24T09:51:33.023+0000] {logging_mixin.py:137} INFO - [2023-03-24T09:51:33.021+0000] {dag.py:2690} INFO - Sync 1 DAGs
[2023-03-24T09:51:33.057+0000] {logging_mixin.py:137} INFO - [2023-03-24T09:51:33.057+0000] {dag.py:3441} INFO - Setting next_dagrun for LocalIngestionDag to 2023-03-02T06:00:00+00:00, run_after=2023-04-02T06:00:00+00:00
[2023-03-24T09:51:33.080+0000] {processor.py:175} INFO - Processing /opt/airflow/dags/data_ingestion_local.py took 0.418 seconds
[2023-03-24T09:52:03.393+0000] {processor.py:153} INFO - Started process (PID=570) to work on /opt/airflow/dags/data_ingestion_local.py
[2023-03-24T09:52:03.394+0000] {processor.py:743} INFO - Processing file /opt/airflow/dags/data_ingestion_local.py for tasks to queue
[2023-03-24T09:52:03.395+0000] {logging_mixin.py:137} INFO - [2023-03-24T09:52:03.395+0000] {dagbag.py:538} INFO - Filling up the DagBag from /opt/airflow/dags/data_ingestion_local.py
[2023-03-24T09:52:03.557+0000] {processor.py:753} INFO - DAG(s) dict_keys(['LocalIngestionDag']) retrieved from /opt/airflow/dags/data_ingestion_local.py
[2023-03-24T09:52:03.572+0000] {logging_mixin.py:137} INFO - [2023-03-24T09:52:03.572+0000] {dag.py:2690} INFO - Sync 1 DAGs
[2023-03-24T09:52:03.590+0000] {logging_mixin.py:137} INFO - [2023-03-24T09:52:03.590+0000] {dag.py:3441} INFO - Setting next_dagrun for LocalIngestionDag to 2023-03-02T06:00:00+00:00, run_after=2023-04-02T06:00:00+00:00
[2023-03-24T09:52:03.607+0000] {processor.py:175} INFO - Processing /opt/airflow/dags/data_ingestion_local.py took 0.216 seconds
[2023-03-24T09:52:34.096+0000] {processor.py:153} INFO - Started process (PID=625) to work on /opt/airflow/dags/data_ingestion_local.py
[2023-03-24T09:52:34.097+0000] {processor.py:743} INFO - Processing file /opt/airflow/dags/data_ingestion_local.py for tasks to queue
[2023-03-24T09:52:34.097+0000] {logging_mixin.py:137} INFO - [2023-03-24T09:52:34.097+0000] {dagbag.py:538} INFO - Filling up the DagBag from /opt/airflow/dags/data_ingestion_local.py
[2023-03-24T09:52:34.274+0000] {processor.py:753} INFO - DAG(s) dict_keys(['LocalIngestionDag']) retrieved from /opt/airflow/dags/data_ingestion_local.py
[2023-03-24T09:52:34.289+0000] {logging_mixin.py:137} INFO - [2023-03-24T09:52:34.288+0000] {dag.py:2690} INFO - Sync 1 DAGs
[2023-03-24T09:52:34.310+0000] {logging_mixin.py:137} INFO - [2023-03-24T09:52:34.310+0000] {dag.py:3441} INFO - Setting next_dagrun for LocalIngestionDag to 2023-03-02T06:00:00+00:00, run_after=2023-04-02T06:00:00+00:00
[2023-03-24T09:52:34.322+0000] {processor.py:175} INFO - Processing /opt/airflow/dags/data_ingestion_local.py took 0.228 seconds
[2023-03-24T09:53:05.012+0000] {processor.py:153} INFO - Started process (PID=679) to work on /opt/airflow/dags/data_ingestion_local.py
[2023-03-24T09:53:05.012+0000] {processor.py:743} INFO - Processing file /opt/airflow/dags/data_ingestion_local.py for tasks to queue
[2023-03-24T09:53:05.013+0000] {logging_mixin.py:137} INFO - [2023-03-24T09:53:05.013+0000] {dagbag.py:538} INFO - Filling up the DagBag from /opt/airflow/dags/data_ingestion_local.py
[2023-03-24T09:53:05.332+0000] {processor.py:753} INFO - DAG(s) dict_keys(['LocalIngestionDag']) retrieved from /opt/airflow/dags/data_ingestion_local.py
[2023-03-24T09:53:05.350+0000] {logging_mixin.py:137} INFO - [2023-03-24T09:53:05.349+0000] {dag.py:2690} INFO - Sync 1 DAGs
[2023-03-24T09:53:05.372+0000] {logging_mixin.py:137} INFO - [2023-03-24T09:53:05.372+0000] {dag.py:3441} INFO - Setting next_dagrun for LocalIngestionDag to 2023-03-02T06:00:00+00:00, run_after=2023-04-02T06:00:00+00:00
[2023-03-24T09:53:05.388+0000] {processor.py:175} INFO - Processing /opt/airflow/dags/data_ingestion_local.py took 0.381 seconds
[2023-03-24T09:53:35.764+0000] {processor.py:153} INFO - Started process (PID=717) to work on /opt/airflow/dags/data_ingestion_local.py
[2023-03-24T09:53:35.764+0000] {processor.py:743} INFO - Processing file /opt/airflow/dags/data_ingestion_local.py for tasks to queue
[2023-03-24T09:53:35.765+0000] {logging_mixin.py:137} INFO - [2023-03-24T09:53:35.765+0000] {dagbag.py:538} INFO - Filling up the DagBag from /opt/airflow/dags/data_ingestion_local.py
[2023-03-24T09:53:35.930+0000] {processor.py:753} INFO - DAG(s) dict_keys(['LocalIngestionDag']) retrieved from /opt/airflow/dags/data_ingestion_local.py
[2023-03-24T09:53:35.945+0000] {logging_mixin.py:137} INFO - [2023-03-24T09:53:35.944+0000] {dag.py:2690} INFO - Sync 1 DAGs
[2023-03-24T09:53:35.964+0000] {logging_mixin.py:137} INFO - [2023-03-24T09:53:35.964+0000] {dag.py:3441} INFO - Setting next_dagrun for LocalIngestionDag to 2023-03-02T06:00:00+00:00, run_after=2023-04-02T06:00:00+00:00
[2023-03-24T09:53:35.980+0000] {processor.py:175} INFO - Processing /opt/airflow/dags/data_ingestion_local.py took 0.219 seconds
[2023-03-24T09:54:06.467+0000] {processor.py:153} INFO - Started process (PID=771) to work on /opt/airflow/dags/data_ingestion_local.py
[2023-03-24T09:54:06.468+0000] {processor.py:743} INFO - Processing file /opt/airflow/dags/data_ingestion_local.py for tasks to queue
[2023-03-24T09:54:06.469+0000] {logging_mixin.py:137} INFO - [2023-03-24T09:54:06.469+0000] {dagbag.py:538} INFO - Filling up the DagBag from /opt/airflow/dags/data_ingestion_local.py
[2023-03-24T09:54:06.639+0000] {processor.py:753} INFO - DAG(s) dict_keys(['LocalIngestionDag']) retrieved from /opt/airflow/dags/data_ingestion_local.py
[2023-03-24T09:54:06.654+0000] {logging_mixin.py:137} INFO - [2023-03-24T09:54:06.654+0000] {dag.py:2690} INFO - Sync 1 DAGs
[2023-03-24T09:54:06.673+0000] {logging_mixin.py:137} INFO - [2023-03-24T09:54:06.673+0000] {dag.py:3441} INFO - Setting next_dagrun for LocalIngestionDag to 2023-03-02T06:00:00+00:00, run_after=2023-04-02T06:00:00+00:00
[2023-03-24T09:54:06.689+0000] {processor.py:175} INFO - Processing /opt/airflow/dags/data_ingestion_local.py took 0.226 seconds
[2023-03-24T09:54:37.212+0000] {processor.py:153} INFO - Started process (PID=809) to work on /opt/airflow/dags/data_ingestion_local.py
[2023-03-24T09:54:37.213+0000] {processor.py:743} INFO - Processing file /opt/airflow/dags/data_ingestion_local.py for tasks to queue
[2023-03-24T09:54:37.214+0000] {logging_mixin.py:137} INFO - [2023-03-24T09:54:37.214+0000] {dagbag.py:538} INFO - Filling up the DagBag from /opt/airflow/dags/data_ingestion_local.py
[2023-03-24T09:54:37.396+0000] {processor.py:753} INFO - DAG(s) dict_keys(['LocalIngestionDag']) retrieved from /opt/airflow/dags/data_ingestion_local.py
[2023-03-24T09:54:37.417+0000] {logging_mixin.py:137} INFO - [2023-03-24T09:54:37.416+0000] {dag.py:2690} INFO - Sync 1 DAGs
[2023-03-24T09:54:37.451+0000] {logging_mixin.py:137} INFO - [2023-03-24T09:54:37.451+0000] {dag.py:3441} INFO - Setting next_dagrun for LocalIngestionDag to 2023-03-02T06:00:00+00:00, run_after=2023-04-02T06:00:00+00:00
[2023-03-24T09:54:37.469+0000] {processor.py:175} INFO - Processing /opt/airflow/dags/data_ingestion_local.py took 0.260 seconds
[2023-03-24T09:55:07.940+0000] {processor.py:153} INFO - Started process (PID=864) to work on /opt/airflow/dags/data_ingestion_local.py
[2023-03-24T09:55:07.941+0000] {processor.py:743} INFO - Processing file /opt/airflow/dags/data_ingestion_local.py for tasks to queue
[2023-03-24T09:55:07.941+0000] {logging_mixin.py:137} INFO - [2023-03-24T09:55:07.941+0000] {dagbag.py:538} INFO - Filling up the DagBag from /opt/airflow/dags/data_ingestion_local.py
[2023-03-24T09:55:08.106+0000] {processor.py:753} INFO - DAG(s) dict_keys(['LocalIngestionDag']) retrieved from /opt/airflow/dags/data_ingestion_local.py
[2023-03-24T09:55:08.122+0000] {logging_mixin.py:137} INFO - [2023-03-24T09:55:08.122+0000] {dag.py:2690} INFO - Sync 1 DAGs
[2023-03-24T09:55:08.141+0000] {logging_mixin.py:137} INFO - [2023-03-24T09:55:08.141+0000] {dag.py:3441} INFO - Setting next_dagrun for LocalIngestionDag to 2023-03-02T06:00:00+00:00, run_after=2023-04-02T06:00:00+00:00
[2023-03-24T09:55:08.154+0000] {processor.py:175} INFO - Processing /opt/airflow/dags/data_ingestion_local.py took 0.217 seconds
[2023-03-24T09:55:38.753+0000] {processor.py:153} INFO - Started process (PID=918) to work on /opt/airflow/dags/data_ingestion_local.py
[2023-03-24T09:55:38.754+0000] {processor.py:743} INFO - Processing file /opt/airflow/dags/data_ingestion_local.py for tasks to queue
[2023-03-24T09:55:38.754+0000] {logging_mixin.py:137} INFO - [2023-03-24T09:55:38.754+0000] {dagbag.py:538} INFO - Filling up the DagBag from /opt/airflow/dags/data_ingestion_local.py
[2023-03-24T09:55:38.954+0000] {processor.py:753} INFO - DAG(s) dict_keys(['LocalIngestionDag']) retrieved from /opt/airflow/dags/data_ingestion_local.py
[2023-03-24T09:55:38.975+0000] {logging_mixin.py:137} INFO - [2023-03-24T09:55:38.974+0000] {dag.py:2690} INFO - Sync 1 DAGs
[2023-03-24T09:55:39.003+0000] {logging_mixin.py:137} INFO - [2023-03-24T09:55:39.002+0000] {dag.py:3441} INFO - Setting next_dagrun for LocalIngestionDag to 2023-03-02T06:00:00+00:00, run_after=2023-04-02T06:00:00+00:00
[2023-03-24T09:55:39.017+0000] {processor.py:175} INFO - Processing /opt/airflow/dags/data_ingestion_local.py took 0.269 seconds
[2023-03-24T09:56:09.609+0000] {processor.py:153} INFO - Started process (PID=956) to work on /opt/airflow/dags/data_ingestion_local.py
[2023-03-24T09:56:09.610+0000] {processor.py:743} INFO - Processing file /opt/airflow/dags/data_ingestion_local.py for tasks to queue
[2023-03-24T09:56:09.610+0000] {logging_mixin.py:137} INFO - [2023-03-24T09:56:09.610+0000] {dagbag.py:538} INFO - Filling up the DagBag from /opt/airflow/dags/data_ingestion_local.py
[2023-03-24T09:56:09.795+0000] {processor.py:753} INFO - DAG(s) dict_keys(['LocalIngestionDag']) retrieved from /opt/airflow/dags/data_ingestion_local.py
[2023-03-24T09:56:09.809+0000] {logging_mixin.py:137} INFO - [2023-03-24T09:56:09.809+0000] {dag.py:2690} INFO - Sync 1 DAGs
[2023-03-24T09:56:09.828+0000] {logging_mixin.py:137} INFO - [2023-03-24T09:56:09.828+0000] {dag.py:3441} INFO - Setting next_dagrun for LocalIngestionDag to 2023-03-02T06:00:00+00:00, run_after=2023-04-02T06:00:00+00:00
[2023-03-24T09:56:09.841+0000] {processor.py:175} INFO - Processing /opt/airflow/dags/data_ingestion_local.py took 0.235 seconds
[2023-03-24T09:56:40.427+0000] {processor.py:153} INFO - Started process (PID=1010) to work on /opt/airflow/dags/data_ingestion_local.py
[2023-03-24T09:56:40.428+0000] {processor.py:743} INFO - Processing file /opt/airflow/dags/data_ingestion_local.py for tasks to queue
[2023-03-24T09:56:40.429+0000] {logging_mixin.py:137} INFO - [2023-03-24T09:56:40.428+0000] {dagbag.py:538} INFO - Filling up the DagBag from /opt/airflow/dags/data_ingestion_local.py
[2023-03-24T09:56:40.596+0000] {processor.py:753} INFO - DAG(s) dict_keys(['LocalIngestionDag']) retrieved from /opt/airflow/dags/data_ingestion_local.py
[2023-03-24T09:56:40.610+0000] {logging_mixin.py:137} INFO - [2023-03-24T09:56:40.609+0000] {dag.py:2690} INFO - Sync 1 DAGs
[2023-03-24T09:56:40.629+0000] {logging_mixin.py:137} INFO - [2023-03-24T09:56:40.629+0000] {dag.py:3441} INFO - Setting next_dagrun for LocalIngestionDag to 2023-03-02T06:00:00+00:00, run_after=2023-04-02T06:00:00+00:00
[2023-03-24T09:56:40.642+0000] {processor.py:175} INFO - Processing /opt/airflow/dags/data_ingestion_local.py took 0.217 seconds
[2023-03-24T09:57:11.236+0000] {processor.py:153} INFO - Started process (PID=1065) to work on /opt/airflow/dags/data_ingestion_local.py
[2023-03-24T09:57:11.237+0000] {processor.py:743} INFO - Processing file /opt/airflow/dags/data_ingestion_local.py for tasks to queue
[2023-03-24T09:57:11.238+0000] {logging_mixin.py:137} INFO - [2023-03-24T09:57:11.237+0000] {dagbag.py:538} INFO - Filling up the DagBag from /opt/airflow/dags/data_ingestion_local.py
[2023-03-24T09:57:11.559+0000] {processor.py:753} INFO - DAG(s) dict_keys(['LocalIngestionDag']) retrieved from /opt/airflow/dags/data_ingestion_local.py
[2023-03-24T09:57:11.586+0000] {logging_mixin.py:137} INFO - [2023-03-24T09:57:11.585+0000] {dag.py:2690} INFO - Sync 1 DAGs
[2023-03-24T09:57:11.625+0000] {logging_mixin.py:137} INFO - [2023-03-24T09:57:11.625+0000] {dag.py:3441} INFO - Setting next_dagrun for LocalIngestionDag to 2023-03-02T06:00:00+00:00, run_after=2023-04-02T06:00:00+00:00
[2023-03-24T09:57:11.647+0000] {processor.py:175} INFO - Processing /opt/airflow/dags/data_ingestion_local.py took 0.414 seconds
[2023-03-24T09:57:41.960+0000] {processor.py:153} INFO - Started process (PID=1103) to work on /opt/airflow/dags/data_ingestion_local.py
[2023-03-24T09:57:41.961+0000] {processor.py:743} INFO - Processing file /opt/airflow/dags/data_ingestion_local.py for tasks to queue
[2023-03-24T09:57:41.962+0000] {logging_mixin.py:137} INFO - [2023-03-24T09:57:41.962+0000] {dagbag.py:538} INFO - Filling up the DagBag from /opt/airflow/dags/data_ingestion_local.py
[2023-03-24T09:57:42.129+0000] {processor.py:753} INFO - DAG(s) dict_keys(['LocalIngestionDag']) retrieved from /opt/airflow/dags/data_ingestion_local.py
[2023-03-24T09:57:42.144+0000] {logging_mixin.py:137} INFO - [2023-03-24T09:57:42.143+0000] {dag.py:2690} INFO - Sync 1 DAGs
[2023-03-24T09:57:42.163+0000] {logging_mixin.py:137} INFO - [2023-03-24T09:57:42.162+0000] {dag.py:3441} INFO - Setting next_dagrun for LocalIngestionDag to 2023-03-02T06:00:00+00:00, run_after=2023-04-02T06:00:00+00:00
[2023-03-24T09:57:42.179+0000] {processor.py:175} INFO - Processing /opt/airflow/dags/data_ingestion_local.py took 0.221 seconds
[2023-03-24T09:58:12.667+0000] {processor.py:153} INFO - Started process (PID=1156) to work on /opt/airflow/dags/data_ingestion_local.py
[2023-03-24T09:58:12.667+0000] {processor.py:743} INFO - Processing file /opt/airflow/dags/data_ingestion_local.py for tasks to queue
[2023-03-24T09:58:12.668+0000] {logging_mixin.py:137} INFO - [2023-03-24T09:58:12.668+0000] {dagbag.py:538} INFO - Filling up the DagBag from /opt/airflow/dags/data_ingestion_local.py
[2023-03-24T09:58:12.846+0000] {processor.py:753} INFO - DAG(s) dict_keys(['LocalIngestionDag']) retrieved from /opt/airflow/dags/data_ingestion_local.py
[2023-03-24T09:58:12.861+0000] {logging_mixin.py:137} INFO - [2023-03-24T09:58:12.861+0000] {dag.py:2690} INFO - Sync 1 DAGs
[2023-03-24T09:58:12.884+0000] {logging_mixin.py:137} INFO - [2023-03-24T09:58:12.884+0000] {dag.py:3441} INFO - Setting next_dagrun for LocalIngestionDag to 2023-03-02T06:00:00+00:00, run_after=2023-04-02T06:00:00+00:00
[2023-03-24T09:58:12.898+0000] {processor.py:175} INFO - Processing /opt/airflow/dags/data_ingestion_local.py took 0.234 seconds
[2023-03-24T09:58:43.385+0000] {processor.py:153} INFO - Started process (PID=1204) to work on /opt/airflow/dags/data_ingestion_local.py
[2023-03-24T09:58:43.385+0000] {processor.py:743} INFO - Processing file /opt/airflow/dags/data_ingestion_local.py for tasks to queue
[2023-03-24T09:58:43.386+0000] {logging_mixin.py:137} INFO - [2023-03-24T09:58:43.386+0000] {dagbag.py:538} INFO - Filling up the DagBag from /opt/airflow/dags/data_ingestion_local.py
[2023-03-24T09:58:43.567+0000] {processor.py:753} INFO - DAG(s) dict_keys(['LocalIngestionDag']) retrieved from /opt/airflow/dags/data_ingestion_local.py
[2023-03-24T09:58:43.583+0000] {logging_mixin.py:137} INFO - [2023-03-24T09:58:43.583+0000] {dag.py:2690} INFO - Sync 1 DAGs
[2023-03-24T09:58:43.602+0000] {logging_mixin.py:137} INFO - [2023-03-24T09:58:43.602+0000] {dag.py:3441} INFO - Setting next_dagrun for LocalIngestionDag to 2023-03-02T06:00:00+00:00, run_after=2023-04-02T06:00:00+00:00
[2023-03-24T09:58:43.616+0000] {processor.py:175} INFO - Processing /opt/airflow/dags/data_ingestion_local.py took 0.234 seconds
[2023-03-24T09:59:14.187+0000] {processor.py:153} INFO - Started process (PID=1249) to work on /opt/airflow/dags/data_ingestion_local.py
[2023-03-24T09:59:14.188+0000] {processor.py:743} INFO - Processing file /opt/airflow/dags/data_ingestion_local.py for tasks to queue
[2023-03-24T09:59:14.188+0000] {logging_mixin.py:137} INFO - [2023-03-24T09:59:14.188+0000] {dagbag.py:538} INFO - Filling up the DagBag from /opt/airflow/dags/data_ingestion_local.py
[2023-03-24T09:59:14.374+0000] {processor.py:753} INFO - DAG(s) dict_keys(['LocalIngestionDag']) retrieved from /opt/airflow/dags/data_ingestion_local.py
[2023-03-24T09:59:14.390+0000] {logging_mixin.py:137} INFO - [2023-03-24T09:59:14.390+0000] {dag.py:2690} INFO - Sync 1 DAGs
[2023-03-24T09:59:14.412+0000] {logging_mixin.py:137} INFO - [2023-03-24T09:59:14.412+0000] {dag.py:3441} INFO - Setting next_dagrun for LocalIngestionDag to 2023-03-02T06:00:00+00:00, run_after=2023-04-02T06:00:00+00:00
[2023-03-24T09:59:14.430+0000] {processor.py:175} INFO - Processing /opt/airflow/dags/data_ingestion_local.py took 0.246 seconds
[2023-03-24T09:59:44.982+0000] {processor.py:153} INFO - Started process (PID=1303) to work on /opt/airflow/dags/data_ingestion_local.py
[2023-03-24T09:59:44.983+0000] {processor.py:743} INFO - Processing file /opt/airflow/dags/data_ingestion_local.py for tasks to queue
[2023-03-24T09:59:44.984+0000] {logging_mixin.py:137} INFO - [2023-03-24T09:59:44.984+0000] {dagbag.py:538} INFO - Filling up the DagBag from /opt/airflow/dags/data_ingestion_local.py
[2023-03-24T09:59:45.205+0000] {processor.py:753} INFO - DAG(s) dict_keys(['LocalIngestionDag']) retrieved from /opt/airflow/dags/data_ingestion_local.py
[2023-03-24T09:59:45.220+0000] {logging_mixin.py:137} INFO - [2023-03-24T09:59:45.219+0000] {dag.py:2690} INFO - Sync 1 DAGs
[2023-03-24T09:59:45.240+0000] {logging_mixin.py:137} INFO - [2023-03-24T09:59:45.240+0000] {dag.py:3441} INFO - Setting next_dagrun for LocalIngestionDag to 2023-03-02T06:00:00+00:00, run_after=2023-04-02T06:00:00+00:00
[2023-03-24T09:59:45.259+0000] {processor.py:175} INFO - Processing /opt/airflow/dags/data_ingestion_local.py took 0.282 seconds
[2023-03-24T10:00:15.684+0000] {processor.py:153} INFO - Started process (PID=1341) to work on /opt/airflow/dags/data_ingestion_local.py
[2023-03-24T10:00:15.685+0000] {processor.py:743} INFO - Processing file /opt/airflow/dags/data_ingestion_local.py for tasks to queue
[2023-03-24T10:00:15.686+0000] {logging_mixin.py:137} INFO - [2023-03-24T10:00:15.685+0000] {dagbag.py:538} INFO - Filling up the DagBag from /opt/airflow/dags/data_ingestion_local.py
[2023-03-24T10:00:15.874+0000] {processor.py:753} INFO - DAG(s) dict_keys(['LocalIngestionDag']) retrieved from /opt/airflow/dags/data_ingestion_local.py
[2023-03-24T10:00:15.890+0000] {logging_mixin.py:137} INFO - [2023-03-24T10:00:15.890+0000] {dag.py:2690} INFO - Sync 1 DAGs
[2023-03-24T10:00:15.913+0000] {logging_mixin.py:137} INFO - [2023-03-24T10:00:15.913+0000] {dag.py:3441} INFO - Setting next_dagrun for LocalIngestionDag to 2023-03-02T06:00:00+00:00, run_after=2023-04-02T06:00:00+00:00
[2023-03-24T10:00:15.930+0000] {processor.py:175} INFO - Processing /opt/airflow/dags/data_ingestion_local.py took 0.248 seconds
[2023-03-24T10:00:46.358+0000] {processor.py:153} INFO - Started process (PID=1395) to work on /opt/airflow/dags/data_ingestion_local.py
[2023-03-24T10:00:46.359+0000] {processor.py:743} INFO - Processing file /opt/airflow/dags/data_ingestion_local.py for tasks to queue
[2023-03-24T10:00:46.359+0000] {logging_mixin.py:137} INFO - [2023-03-24T10:00:46.359+0000] {dagbag.py:538} INFO - Filling up the DagBag from /opt/airflow/dags/data_ingestion_local.py
[2023-03-24T10:00:46.512+0000] {processor.py:753} INFO - DAG(s) dict_keys(['LocalIngestionDag']) retrieved from /opt/airflow/dags/data_ingestion_local.py
[2023-03-24T10:00:46.526+0000] {logging_mixin.py:137} INFO - [2023-03-24T10:00:46.525+0000] {dag.py:2690} INFO - Sync 1 DAGs
[2023-03-24T10:00:46.543+0000] {logging_mixin.py:137} INFO - [2023-03-24T10:00:46.543+0000] {dag.py:3441} INFO - Setting next_dagrun for LocalIngestionDag to 2023-03-02T06:00:00+00:00, run_after=2023-04-02T06:00:00+00:00
[2023-03-24T10:00:46.557+0000] {processor.py:175} INFO - Processing /opt/airflow/dags/data_ingestion_local.py took 0.201 seconds
[2023-03-24T10:01:17.084+0000] {processor.py:153} INFO - Started process (PID=1448) to work on /opt/airflow/dags/data_ingestion_local.py
[2023-03-24T10:01:17.085+0000] {processor.py:743} INFO - Processing file /opt/airflow/dags/data_ingestion_local.py for tasks to queue
[2023-03-24T10:01:17.085+0000] {logging_mixin.py:137} INFO - [2023-03-24T10:01:17.085+0000] {dagbag.py:538} INFO - Filling up the DagBag from /opt/airflow/dags/data_ingestion_local.py
[2023-03-24T10:01:17.314+0000] {processor.py:753} INFO - DAG(s) dict_keys(['LocalIngestionDag']) retrieved from /opt/airflow/dags/data_ingestion_local.py
[2023-03-24T10:01:17.330+0000] {logging_mixin.py:137} INFO - [2023-03-24T10:01:17.329+0000] {dag.py:2690} INFO - Sync 1 DAGs
[2023-03-24T10:01:17.353+0000] {logging_mixin.py:137} INFO - [2023-03-24T10:01:17.353+0000] {dag.py:3441} INFO - Setting next_dagrun for LocalIngestionDag to 2023-03-02T06:00:00+00:00, run_after=2023-04-02T06:00:00+00:00
[2023-03-24T10:01:17.368+0000] {processor.py:175} INFO - Processing /opt/airflow/dags/data_ingestion_local.py took 0.286 seconds
[2023-03-24T10:01:47.848+0000] {processor.py:153} INFO - Started process (PID=1486) to work on /opt/airflow/dags/data_ingestion_local.py
[2023-03-24T10:01:47.849+0000] {processor.py:743} INFO - Processing file /opt/airflow/dags/data_ingestion_local.py for tasks to queue
[2023-03-24T10:01:47.849+0000] {logging_mixin.py:137} INFO - [2023-03-24T10:01:47.849+0000] {dagbag.py:538} INFO - Filling up the DagBag from /opt/airflow/dags/data_ingestion_local.py
[2023-03-24T10:01:48.017+0000] {processor.py:753} INFO - DAG(s) dict_keys(['LocalIngestionDag']) retrieved from /opt/airflow/dags/data_ingestion_local.py
[2023-03-24T10:01:48.032+0000] {logging_mixin.py:137} INFO - [2023-03-24T10:01:48.032+0000] {dag.py:2690} INFO - Sync 1 DAGs
[2023-03-24T10:01:48.052+0000] {logging_mixin.py:137} INFO - [2023-03-24T10:01:48.052+0000] {dag.py:3441} INFO - Setting next_dagrun for LocalIngestionDag to 2023-03-02T06:00:00+00:00, run_after=2023-04-02T06:00:00+00:00
[2023-03-24T10:01:48.065+0000] {processor.py:175} INFO - Processing /opt/airflow/dags/data_ingestion_local.py took 0.220 seconds
[2023-03-24T10:02:18.495+0000] {processor.py:153} INFO - Started process (PID=1540) to work on /opt/airflow/dags/data_ingestion_local.py
[2023-03-24T10:02:18.495+0000] {processor.py:743} INFO - Processing file /opt/airflow/dags/data_ingestion_local.py for tasks to queue
[2023-03-24T10:02:18.496+0000] {logging_mixin.py:137} INFO - [2023-03-24T10:02:18.496+0000] {dagbag.py:538} INFO - Filling up the DagBag from /opt/airflow/dags/data_ingestion_local.py
[2023-03-24T10:02:18.648+0000] {processor.py:753} INFO - DAG(s) dict_keys(['LocalIngestionDag']) retrieved from /opt/airflow/dags/data_ingestion_local.py
[2023-03-24T10:02:18.662+0000] {logging_mixin.py:137} INFO - [2023-03-24T10:02:18.662+0000] {dag.py:2690} INFO - Sync 1 DAGs
[2023-03-24T10:02:18.679+0000] {logging_mixin.py:137} INFO - [2023-03-24T10:02:18.679+0000] {dag.py:3441} INFO - Setting next_dagrun for LocalIngestionDag to 2023-03-02T06:00:00+00:00, run_after=2023-04-02T06:00:00+00:00
[2023-03-24T10:02:18.690+0000] {processor.py:175} INFO - Processing /opt/airflow/dags/data_ingestion_local.py took 0.198 seconds
[2023-03-24T10:02:49.177+0000] {processor.py:153} INFO - Started process (PID=1594) to work on /opt/airflow/dags/data_ingestion_local.py
[2023-03-24T10:02:49.178+0000] {processor.py:743} INFO - Processing file /opt/airflow/dags/data_ingestion_local.py for tasks to queue
[2023-03-24T10:02:49.178+0000] {logging_mixin.py:137} INFO - [2023-03-24T10:02:49.178+0000] {dagbag.py:538} INFO - Filling up the DagBag from /opt/airflow/dags/data_ingestion_local.py
[2023-03-24T10:02:49.339+0000] {processor.py:753} INFO - DAG(s) dict_keys(['LocalIngestionDag']) retrieved from /opt/airflow/dags/data_ingestion_local.py
[2023-03-24T10:02:49.353+0000] {logging_mixin.py:137} INFO - [2023-03-24T10:02:49.352+0000] {dag.py:2690} INFO - Sync 1 DAGs
[2023-03-24T10:02:49.370+0000] {logging_mixin.py:137} INFO - [2023-03-24T10:02:49.370+0000] {dag.py:3441} INFO - Setting next_dagrun for LocalIngestionDag to 2023-03-02T06:00:00+00:00, run_after=2023-04-02T06:00:00+00:00
[2023-03-24T10:02:49.383+0000] {processor.py:175} INFO - Processing /opt/airflow/dags/data_ingestion_local.py took 0.208 seconds
[2023-03-24T10:03:20.578+0000] {processor.py:153} INFO - Started process (PID=1631) to work on /opt/airflow/dags/data_ingestion_local.py
[2023-03-24T10:03:20.579+0000] {processor.py:743} INFO - Processing file /opt/airflow/dags/data_ingestion_local.py for tasks to queue
[2023-03-24T10:03:20.580+0000] {logging_mixin.py:137} INFO - [2023-03-24T10:03:20.580+0000] {dagbag.py:538} INFO - Filling up the DagBag from /opt/airflow/dags/data_ingestion_local.py
[2023-03-24T10:03:20.786+0000] {processor.py:753} INFO - DAG(s) dict_keys(['LocalIngestionDag']) retrieved from /opt/airflow/dags/data_ingestion_local.py
[2023-03-24T10:03:20.802+0000] {logging_mixin.py:137} INFO - [2023-03-24T10:03:20.802+0000] {dag.py:2690} INFO - Sync 1 DAGs
[2023-03-24T10:03:20.825+0000] {logging_mixin.py:137} INFO - [2023-03-24T10:03:20.825+0000] {dag.py:3441} INFO - Setting next_dagrun for LocalIngestionDag to 2023-03-02T06:00:00+00:00, run_after=2023-04-02T06:00:00+00:00
[2023-03-24T10:03:20.850+0000] {processor.py:175} INFO - Processing /opt/airflow/dags/data_ingestion_local.py took 0.275 seconds
[2023-03-24T10:03:51.281+0000] {processor.py:153} INFO - Started process (PID=1685) to work on /opt/airflow/dags/data_ingestion_local.py
[2023-03-24T10:03:51.281+0000] {processor.py:743} INFO - Processing file /opt/airflow/dags/data_ingestion_local.py for tasks to queue
[2023-03-24T10:03:51.282+0000] {logging_mixin.py:137} INFO - [2023-03-24T10:03:51.282+0000] {dagbag.py:538} INFO - Filling up the DagBag from /opt/airflow/dags/data_ingestion_local.py
[2023-03-24T10:03:51.465+0000] {processor.py:753} INFO - DAG(s) dict_keys(['LocalIngestionDag']) retrieved from /opt/airflow/dags/data_ingestion_local.py
[2023-03-24T10:03:51.482+0000] {logging_mixin.py:137} INFO - [2023-03-24T10:03:51.481+0000] {dag.py:2690} INFO - Sync 1 DAGs
[2023-03-24T10:03:51.504+0000] {logging_mixin.py:137} INFO - [2023-03-24T10:03:51.504+0000] {dag.py:3441} INFO - Setting next_dagrun for LocalIngestionDag to 2023-03-02T06:00:00+00:00, run_after=2023-04-02T06:00:00+00:00
[2023-03-24T10:03:51.518+0000] {processor.py:175} INFO - Processing /opt/airflow/dags/data_ingestion_local.py took 0.240 seconds
[2023-03-24T10:04:22.016+0000] {processor.py:153} INFO - Started process (PID=1739) to work on /opt/airflow/dags/data_ingestion_local.py
[2023-03-24T10:04:22.017+0000] {processor.py:743} INFO - Processing file /opt/airflow/dags/data_ingestion_local.py for tasks to queue
[2023-03-24T10:04:22.018+0000] {logging_mixin.py:137} INFO - [2023-03-24T10:04:22.017+0000] {dagbag.py:538} INFO - Filling up the DagBag from /opt/airflow/dags/data_ingestion_local.py
[2023-03-24T10:04:22.201+0000] {processor.py:753} INFO - DAG(s) dict_keys(['LocalIngestionDag']) retrieved from /opt/airflow/dags/data_ingestion_local.py
[2023-03-24T10:04:22.216+0000] {logging_mixin.py:137} INFO - [2023-03-24T10:04:22.215+0000] {dag.py:2690} INFO - Sync 1 DAGs
[2023-03-24T10:04:22.233+0000] {logging_mixin.py:137} INFO - [2023-03-24T10:04:22.233+0000] {dag.py:3441} INFO - Setting next_dagrun for LocalIngestionDag to 2023-03-02T06:00:00+00:00, run_after=2023-04-02T06:00:00+00:00
[2023-03-24T10:04:22.247+0000] {processor.py:175} INFO - Processing /opt/airflow/dags/data_ingestion_local.py took 0.233 seconds
[2023-03-24T10:04:52.759+0000] {processor.py:153} INFO - Started process (PID=1777) to work on /opt/airflow/dags/data_ingestion_local.py
[2023-03-24T10:04:52.760+0000] {processor.py:743} INFO - Processing file /opt/airflow/dags/data_ingestion_local.py for tasks to queue
[2023-03-24T10:04:52.760+0000] {logging_mixin.py:137} INFO - [2023-03-24T10:04:52.760+0000] {dagbag.py:538} INFO - Filling up the DagBag from /opt/airflow/dags/data_ingestion_local.py
[2023-03-24T10:04:52.927+0000] {processor.py:753} INFO - DAG(s) dict_keys(['LocalIngestionDag']) retrieved from /opt/airflow/dags/data_ingestion_local.py
[2023-03-24T10:04:52.941+0000] {logging_mixin.py:137} INFO - [2023-03-24T10:04:52.941+0000] {dag.py:2690} INFO - Sync 1 DAGs
[2023-03-24T10:04:52.960+0000] {logging_mixin.py:137} INFO - [2023-03-24T10:04:52.959+0000] {dag.py:3441} INFO - Setting next_dagrun for LocalIngestionDag to 2023-03-02T06:00:00+00:00, run_after=2023-04-02T06:00:00+00:00
[2023-03-24T10:04:52.976+0000] {processor.py:175} INFO - Processing /opt/airflow/dags/data_ingestion_local.py took 0.220 seconds
[2023-03-24T10:05:23.419+0000] {processor.py:153} INFO - Started process (PID=1831) to work on /opt/airflow/dags/data_ingestion_local.py
[2023-03-24T10:05:23.419+0000] {processor.py:743} INFO - Processing file /opt/airflow/dags/data_ingestion_local.py for tasks to queue
[2023-03-24T10:05:23.420+0000] {logging_mixin.py:137} INFO - [2023-03-24T10:05:23.419+0000] {dagbag.py:538} INFO - Filling up the DagBag from /opt/airflow/dags/data_ingestion_local.py
[2023-03-24T10:05:23.587+0000] {processor.py:753} INFO - DAG(s) dict_keys(['LocalIngestionDag']) retrieved from /opt/airflow/dags/data_ingestion_local.py
[2023-03-24T10:05:23.602+0000] {logging_mixin.py:137} INFO - [2023-03-24T10:05:23.602+0000] {dag.py:2690} INFO - Sync 1 DAGs
[2023-03-24T10:05:23.621+0000] {logging_mixin.py:137} INFO - [2023-03-24T10:05:23.621+0000] {dag.py:3441} INFO - Setting next_dagrun for LocalIngestionDag to 2023-03-02T06:00:00+00:00, run_after=2023-04-02T06:00:00+00:00
[2023-03-24T10:05:23.635+0000] {processor.py:175} INFO - Processing /opt/airflow/dags/data_ingestion_local.py took 0.218 seconds
[2023-03-24T10:05:54.094+0000] {processor.py:153} INFO - Started process (PID=1885) to work on /opt/airflow/dags/data_ingestion_local.py
[2023-03-24T10:05:54.094+0000] {processor.py:743} INFO - Processing file /opt/airflow/dags/data_ingestion_local.py for tasks to queue
[2023-03-24T10:05:54.095+0000] {logging_mixin.py:137} INFO - [2023-03-24T10:05:54.095+0000] {dagbag.py:538} INFO - Filling up the DagBag from /opt/airflow/dags/data_ingestion_local.py
[2023-03-24T10:05:54.253+0000] {processor.py:753} INFO - DAG(s) dict_keys(['LocalIngestionDag']) retrieved from /opt/airflow/dags/data_ingestion_local.py
[2023-03-24T10:05:54.268+0000] {logging_mixin.py:137} INFO - [2023-03-24T10:05:54.267+0000] {dag.py:2690} INFO - Sync 1 DAGs
[2023-03-24T10:05:54.286+0000] {logging_mixin.py:137} INFO - [2023-03-24T10:05:54.286+0000] {dag.py:3441} INFO - Setting next_dagrun for LocalIngestionDag to 2023-03-02T06:00:00+00:00, run_after=2023-04-02T06:00:00+00:00
[2023-03-24T10:05:54.300+0000] {processor.py:175} INFO - Processing /opt/airflow/dags/data_ingestion_local.py took 0.208 seconds
[2023-03-24T10:06:24.841+0000] {processor.py:153} INFO - Started process (PID=1923) to work on /opt/airflow/dags/data_ingestion_local.py
[2023-03-24T10:06:24.842+0000] {processor.py:743} INFO - Processing file /opt/airflow/dags/data_ingestion_local.py for tasks to queue
[2023-03-24T10:06:24.843+0000] {logging_mixin.py:137} INFO - [2023-03-24T10:06:24.842+0000] {dagbag.py:538} INFO - Filling up the DagBag from /opt/airflow/dags/data_ingestion_local.py
[2023-03-24T10:06:25.009+0000] {processor.py:753} INFO - DAG(s) dict_keys(['LocalIngestionDag']) retrieved from /opt/airflow/dags/data_ingestion_local.py
[2023-03-24T10:06:25.023+0000] {logging_mixin.py:137} INFO - [2023-03-24T10:06:25.023+0000] {dag.py:2690} INFO - Sync 1 DAGs
[2023-03-24T10:06:25.047+0000] {logging_mixin.py:137} INFO - [2023-03-24T10:06:25.047+0000] {dag.py:3441} INFO - Setting next_dagrun for LocalIngestionDag to 2023-03-02T06:00:00+00:00, run_after=2023-04-02T06:00:00+00:00
[2023-03-24T10:06:25.063+0000] {processor.py:175} INFO - Processing /opt/airflow/dags/data_ingestion_local.py took 0.225 seconds
[2023-03-24T10:06:55.477+0000] {processor.py:153} INFO - Started process (PID=1977) to work on /opt/airflow/dags/data_ingestion_local.py
[2023-03-24T10:06:55.478+0000] {processor.py:743} INFO - Processing file /opt/airflow/dags/data_ingestion_local.py for tasks to queue
[2023-03-24T10:06:55.478+0000] {logging_mixin.py:137} INFO - [2023-03-24T10:06:55.478+0000] {dagbag.py:538} INFO - Filling up the DagBag from /opt/airflow/dags/data_ingestion_local.py
[2023-03-24T10:06:55.635+0000] {processor.py:753} INFO - DAG(s) dict_keys(['LocalIngestionDag']) retrieved from /opt/airflow/dags/data_ingestion_local.py
[2023-03-24T10:06:55.649+0000] {logging_mixin.py:137} INFO - [2023-03-24T10:06:55.648+0000] {dag.py:2690} INFO - Sync 1 DAGs
[2023-03-24T10:06:55.666+0000] {logging_mixin.py:137} INFO - [2023-03-24T10:06:55.666+0000] {dag.py:3441} INFO - Setting next_dagrun for LocalIngestionDag to 2023-03-02T06:00:00+00:00, run_after=2023-04-02T06:00:00+00:00
[2023-03-24T10:06:55.677+0000] {processor.py:175} INFO - Processing /opt/airflow/dags/data_ingestion_local.py took 0.202 seconds
[2023-03-24T10:07:26.131+0000] {processor.py:153} INFO - Started process (PID=2031) to work on /opt/airflow/dags/data_ingestion_local.py
[2023-03-24T10:07:26.131+0000] {processor.py:743} INFO - Processing file /opt/airflow/dags/data_ingestion_local.py for tasks to queue
[2023-03-24T10:07:26.132+0000] {logging_mixin.py:137} INFO - [2023-03-24T10:07:26.132+0000] {dagbag.py:538} INFO - Filling up the DagBag from /opt/airflow/dags/data_ingestion_local.py
[2023-03-24T10:07:26.285+0000] {processor.py:753} INFO - DAG(s) dict_keys(['LocalIngestionDag']) retrieved from /opt/airflow/dags/data_ingestion_local.py
[2023-03-24T10:07:26.299+0000] {logging_mixin.py:137} INFO - [2023-03-24T10:07:26.299+0000] {dag.py:2690} INFO - Sync 1 DAGs
[2023-03-24T10:07:26.316+0000] {logging_mixin.py:137} INFO - [2023-03-24T10:07:26.316+0000] {dag.py:3441} INFO - Setting next_dagrun for LocalIngestionDag to 2023-03-02T06:00:00+00:00, run_after=2023-04-02T06:00:00+00:00
[2023-03-24T10:07:26.330+0000] {processor.py:175} INFO - Processing /opt/airflow/dags/data_ingestion_local.py took 0.201 seconds
[2023-03-24T10:07:56.852+0000] {processor.py:153} INFO - Started process (PID=2069) to work on /opt/airflow/dags/data_ingestion_local.py
[2023-03-24T10:07:56.853+0000] {processor.py:743} INFO - Processing file /opt/airflow/dags/data_ingestion_local.py for tasks to queue
[2023-03-24T10:07:56.853+0000] {logging_mixin.py:137} INFO - [2023-03-24T10:07:56.853+0000] {dagbag.py:538} INFO - Filling up the DagBag from /opt/airflow/dags/data_ingestion_local.py
[2023-03-24T10:07:57.021+0000] {processor.py:753} INFO - DAG(s) dict_keys(['LocalIngestionDag']) retrieved from /opt/airflow/dags/data_ingestion_local.py
[2023-03-24T10:07:57.036+0000] {logging_mixin.py:137} INFO - [2023-03-24T10:07:57.035+0000] {dag.py:2690} INFO - Sync 1 DAGs
[2023-03-24T10:07:57.055+0000] {logging_mixin.py:137} INFO - [2023-03-24T10:07:57.054+0000] {dag.py:3441} INFO - Setting next_dagrun for LocalIngestionDag to 2023-03-02T06:00:00+00:00, run_after=2023-04-02T06:00:00+00:00
[2023-03-24T10:07:57.074+0000] {processor.py:175} INFO - Processing /opt/airflow/dags/data_ingestion_local.py took 0.224 seconds
[2023-03-24T10:08:27.550+0000] {processor.py:153} INFO - Started process (PID=2123) to work on /opt/airflow/dags/data_ingestion_local.py
[2023-03-24T10:08:27.551+0000] {processor.py:743} INFO - Processing file /opt/airflow/dags/data_ingestion_local.py for tasks to queue
[2023-03-24T10:08:27.552+0000] {logging_mixin.py:137} INFO - [2023-03-24T10:08:27.551+0000] {dagbag.py:538} INFO - Filling up the DagBag from /opt/airflow/dags/data_ingestion_local.py
[2023-03-24T10:08:27.710+0000] {processor.py:753} INFO - DAG(s) dict_keys(['LocalIngestionDag']) retrieved from /opt/airflow/dags/data_ingestion_local.py
[2023-03-24T10:08:27.724+0000] {logging_mixin.py:137} INFO - [2023-03-24T10:08:27.724+0000] {dag.py:2690} INFO - Sync 1 DAGs
[2023-03-24T10:08:27.742+0000] {logging_mixin.py:137} INFO - [2023-03-24T10:08:27.742+0000] {dag.py:3441} INFO - Setting next_dagrun for LocalIngestionDag to 2023-03-02T06:00:00+00:00, run_after=2023-04-02T06:00:00+00:00
[2023-03-24T10:08:27.759+0000] {processor.py:175} INFO - Processing /opt/airflow/dags/data_ingestion_local.py took 0.211 seconds
[2023-03-24T10:08:58.205+0000] {processor.py:153} INFO - Started process (PID=2177) to work on /opt/airflow/dags/data_ingestion_local.py
[2023-03-24T10:08:58.206+0000] {processor.py:743} INFO - Processing file /opt/airflow/dags/data_ingestion_local.py for tasks to queue
[2023-03-24T10:08:58.206+0000] {logging_mixin.py:137} INFO - [2023-03-24T10:08:58.206+0000] {dagbag.py:538} INFO - Filling up the DagBag from /opt/airflow/dags/data_ingestion_local.py
[2023-03-24T10:08:58.368+0000] {processor.py:753} INFO - DAG(s) dict_keys(['LocalIngestionDag']) retrieved from /opt/airflow/dags/data_ingestion_local.py
[2023-03-24T10:08:58.381+0000] {logging_mixin.py:137} INFO - [2023-03-24T10:08:58.381+0000] {dag.py:2690} INFO - Sync 1 DAGs
[2023-03-24T10:08:58.399+0000] {logging_mixin.py:137} INFO - [2023-03-24T10:08:58.399+0000] {dag.py:3441} INFO - Setting next_dagrun for LocalIngestionDag to 2023-03-02T06:00:00+00:00, run_after=2023-04-02T06:00:00+00:00
[2023-03-24T10:08:58.414+0000] {processor.py:175} INFO - Processing /opt/airflow/dags/data_ingestion_local.py took 0.212 seconds
[2023-03-24T10:09:28.929+0000] {processor.py:153} INFO - Started process (PID=2215) to work on /opt/airflow/dags/data_ingestion_local.py
[2023-03-24T10:09:28.930+0000] {processor.py:743} INFO - Processing file /opt/airflow/dags/data_ingestion_local.py for tasks to queue
[2023-03-24T10:09:28.930+0000] {logging_mixin.py:137} INFO - [2023-03-24T10:09:28.930+0000] {dagbag.py:538} INFO - Filling up the DagBag from /opt/airflow/dags/data_ingestion_local.py
[2023-03-24T10:09:29.091+0000] {processor.py:753} INFO - DAG(s) dict_keys(['LocalIngestionDag']) retrieved from /opt/airflow/dags/data_ingestion_local.py
[2023-03-24T10:09:29.105+0000] {logging_mixin.py:137} INFO - [2023-03-24T10:09:29.104+0000] {dag.py:2690} INFO - Sync 1 DAGs
[2023-03-24T10:09:29.123+0000] {logging_mixin.py:137} INFO - [2023-03-24T10:09:29.123+0000] {dag.py:3441} INFO - Setting next_dagrun for LocalIngestionDag to 2023-03-02T06:00:00+00:00, run_after=2023-04-02T06:00:00+00:00
[2023-03-24T10:09:29.138+0000] {processor.py:175} INFO - Processing /opt/airflow/dags/data_ingestion_local.py took 0.211 seconds
[2023-03-24T10:09:59.865+0000] {processor.py:153} INFO - Started process (PID=2268) to work on /opt/airflow/dags/data_ingestion_local.py
[2023-03-24T10:09:59.866+0000] {processor.py:743} INFO - Processing file /opt/airflow/dags/data_ingestion_local.py for tasks to queue
[2023-03-24T10:09:59.866+0000] {logging_mixin.py:137} INFO - [2023-03-24T10:09:59.866+0000] {dagbag.py:538} INFO - Filling up the DagBag from /opt/airflow/dags/data_ingestion_local.py
[2023-03-24T10:10:00.039+0000] {processor.py:753} INFO - DAG(s) dict_keys(['LocalIngestionDag']) retrieved from /opt/airflow/dags/data_ingestion_local.py
[2023-03-24T10:10:00.055+0000] {logging_mixin.py:137} INFO - [2023-03-24T10:10:00.054+0000] {dag.py:2690} INFO - Sync 1 DAGs
[2023-03-24T10:10:00.072+0000] {logging_mixin.py:137} INFO - [2023-03-24T10:10:00.072+0000] {dag.py:3441} INFO - Setting next_dagrun for LocalIngestionDag to 2023-03-02T06:00:00+00:00, run_after=2023-04-02T06:00:00+00:00
[2023-03-24T10:10:00.085+0000] {processor.py:175} INFO - Processing /opt/airflow/dags/data_ingestion_local.py took 0.222 seconds
[2023-03-24T10:10:30.551+0000] {processor.py:153} INFO - Started process (PID=2322) to work on /opt/airflow/dags/data_ingestion_local.py
[2023-03-24T10:10:30.555+0000] {processor.py:743} INFO - Processing file /opt/airflow/dags/data_ingestion_local.py for tasks to queue
[2023-03-24T10:10:30.555+0000] {logging_mixin.py:137} INFO - [2023-03-24T10:10:30.555+0000] {dagbag.py:538} INFO - Filling up the DagBag from /opt/airflow/dags/data_ingestion_local.py
[2023-03-24T10:10:30.723+0000] {processor.py:753} INFO - DAG(s) dict_keys(['LocalIngestionDag']) retrieved from /opt/airflow/dags/data_ingestion_local.py
[2023-03-24T10:10:30.738+0000] {logging_mixin.py:137} INFO - [2023-03-24T10:10:30.737+0000] {dag.py:2690} INFO - Sync 1 DAGs
[2023-03-24T10:10:30.756+0000] {logging_mixin.py:137} INFO - [2023-03-24T10:10:30.756+0000] {dag.py:3441} INFO - Setting next_dagrun for LocalIngestionDag to 2023-03-02T06:00:00+00:00, run_after=2023-04-02T06:00:00+00:00
[2023-03-24T10:10:30.771+0000] {processor.py:175} INFO - Processing /opt/airflow/dags/data_ingestion_local.py took 0.224 seconds
[2023-03-24T10:11:01.300+0000] {processor.py:153} INFO - Started process (PID=2360) to work on /opt/airflow/dags/data_ingestion_local.py
[2023-03-24T10:11:01.301+0000] {processor.py:743} INFO - Processing file /opt/airflow/dags/data_ingestion_local.py for tasks to queue
[2023-03-24T10:11:01.301+0000] {logging_mixin.py:137} INFO - [2023-03-24T10:11:01.301+0000] {dagbag.py:538} INFO - Filling up the DagBag from /opt/airflow/dags/data_ingestion_local.py
[2023-03-24T10:11:01.467+0000] {processor.py:753} INFO - DAG(s) dict_keys(['LocalIngestionDag']) retrieved from /opt/airflow/dags/data_ingestion_local.py
[2023-03-24T10:11:01.481+0000] {logging_mixin.py:137} INFO - [2023-03-24T10:11:01.481+0000] {dag.py:2690} INFO - Sync 1 DAGs
[2023-03-24T10:11:01.500+0000] {logging_mixin.py:137} INFO - [2023-03-24T10:11:01.499+0000] {dag.py:3441} INFO - Setting next_dagrun for LocalIngestionDag to 2023-03-02T06:00:00+00:00, run_after=2023-04-02T06:00:00+00:00
[2023-03-24T10:11:01.513+0000] {processor.py:175} INFO - Processing /opt/airflow/dags/data_ingestion_local.py took 0.215 seconds
[2023-03-24T10:11:32.085+0000] {processor.py:153} INFO - Started process (PID=2413) to work on /opt/airflow/dags/data_ingestion_local.py
[2023-03-24T10:11:32.085+0000] {processor.py:743} INFO - Processing file /opt/airflow/dags/data_ingestion_local.py for tasks to queue
[2023-03-24T10:11:32.086+0000] {logging_mixin.py:137} INFO - [2023-03-24T10:11:32.086+0000] {dagbag.py:538} INFO - Filling up the DagBag from /opt/airflow/dags/data_ingestion_local.py
[2023-03-24T10:11:32.255+0000] {processor.py:753} INFO - DAG(s) dict_keys(['LocalIngestionDag']) retrieved from /opt/airflow/dags/data_ingestion_local.py
[2023-03-24T10:11:32.268+0000] {logging_mixin.py:137} INFO - [2023-03-24T10:11:32.268+0000] {dag.py:2690} INFO - Sync 1 DAGs
[2023-03-24T10:11:32.284+0000] {logging_mixin.py:137} INFO - [2023-03-24T10:11:32.284+0000] {dag.py:3441} INFO - Setting next_dagrun for LocalIngestionDag to 2023-03-02T06:00:00+00:00, run_after=2023-04-02T06:00:00+00:00
[2023-03-24T10:11:32.297+0000] {processor.py:175} INFO - Processing /opt/airflow/dags/data_ingestion_local.py took 0.215 seconds
[2023-03-24T10:12:02.755+0000] {processor.py:153} INFO - Started process (PID=2467) to work on /opt/airflow/dags/data_ingestion_local.py
[2023-03-24T10:12:02.756+0000] {processor.py:743} INFO - Processing file /opt/airflow/dags/data_ingestion_local.py for tasks to queue
[2023-03-24T10:12:02.756+0000] {logging_mixin.py:137} INFO - [2023-03-24T10:12:02.756+0000] {dagbag.py:538} INFO - Filling up the DagBag from /opt/airflow/dags/data_ingestion_local.py
[2023-03-24T10:12:02.917+0000] {processor.py:753} INFO - DAG(s) dict_keys(['LocalIngestionDag']) retrieved from /opt/airflow/dags/data_ingestion_local.py
[2023-03-24T10:12:02.931+0000] {logging_mixin.py:137} INFO - [2023-03-24T10:12:02.930+0000] {dag.py:2690} INFO - Sync 1 DAGs
[2023-03-24T10:12:02.948+0000] {logging_mixin.py:137} INFO - [2023-03-24T10:12:02.948+0000] {dag.py:3441} INFO - Setting next_dagrun for LocalIngestionDag to 2023-03-02T06:00:00+00:00, run_after=2023-04-02T06:00:00+00:00
[2023-03-24T10:12:02.963+0000] {processor.py:175} INFO - Processing /opt/airflow/dags/data_ingestion_local.py took 0.210 seconds
[2023-03-24T10:12:33.472+0000] {processor.py:153} INFO - Started process (PID=2505) to work on /opt/airflow/dags/data_ingestion_local.py
[2023-03-24T10:12:33.473+0000] {processor.py:743} INFO - Processing file /opt/airflow/dags/data_ingestion_local.py for tasks to queue
[2023-03-24T10:12:33.473+0000] {logging_mixin.py:137} INFO - [2023-03-24T10:12:33.473+0000] {dagbag.py:538} INFO - Filling up the DagBag from /opt/airflow/dags/data_ingestion_local.py
[2023-03-24T10:12:33.655+0000] {processor.py:753} INFO - DAG(s) dict_keys(['LocalIngestionDag']) retrieved from /opt/airflow/dags/data_ingestion_local.py
[2023-03-24T10:12:33.676+0000] {logging_mixin.py:137} INFO - [2023-03-24T10:12:33.675+0000] {dag.py:2690} INFO - Sync 1 DAGs
[2023-03-24T10:12:33.702+0000] {logging_mixin.py:137} INFO - [2023-03-24T10:12:33.702+0000] {dag.py:3441} INFO - Setting next_dagrun for LocalIngestionDag to 2023-03-02T06:00:00+00:00, run_after=2023-04-02T06:00:00+00:00
[2023-03-24T10:12:33.717+0000] {processor.py:175} INFO - Processing /opt/airflow/dags/data_ingestion_local.py took 0.248 seconds
[2023-03-24T10:13:04.150+0000] {processor.py:153} INFO - Started process (PID=2559) to work on /opt/airflow/dags/data_ingestion_local.py
[2023-03-24T10:13:04.151+0000] {processor.py:743} INFO - Processing file /opt/airflow/dags/data_ingestion_local.py for tasks to queue
[2023-03-24T10:13:04.152+0000] {logging_mixin.py:137} INFO - [2023-03-24T10:13:04.152+0000] {dagbag.py:538} INFO - Filling up the DagBag from /opt/airflow/dags/data_ingestion_local.py
[2023-03-24T10:13:04.341+0000] {processor.py:753} INFO - DAG(s) dict_keys(['LocalIngestionDag']) retrieved from /opt/airflow/dags/data_ingestion_local.py
[2023-03-24T10:13:04.357+0000] {logging_mixin.py:137} INFO - [2023-03-24T10:13:04.356+0000] {dag.py:2690} INFO - Sync 1 DAGs
[2023-03-24T10:13:04.376+0000] {logging_mixin.py:137} INFO - [2023-03-24T10:13:04.376+0000] {dag.py:3441} INFO - Setting next_dagrun for LocalIngestionDag to 2023-03-02T06:00:00+00:00, run_after=2023-04-02T06:00:00+00:00
[2023-03-24T10:13:04.391+0000] {processor.py:175} INFO - Processing /opt/airflow/dags/data_ingestion_local.py took 0.244 seconds
[2023-03-24T10:13:34.916+0000] {processor.py:153} INFO - Started process (PID=2613) to work on /opt/airflow/dags/data_ingestion_local.py
[2023-03-24T10:13:34.917+0000] {processor.py:743} INFO - Processing file /opt/airflow/dags/data_ingestion_local.py for tasks to queue
[2023-03-24T10:13:34.918+0000] {logging_mixin.py:137} INFO - [2023-03-24T10:13:34.918+0000] {dagbag.py:538} INFO - Filling up the DagBag from /opt/airflow/dags/data_ingestion_local.py
[2023-03-24T10:13:35.073+0000] {processor.py:753} INFO - DAG(s) dict_keys(['LocalIngestionDag']) retrieved from /opt/airflow/dags/data_ingestion_local.py
[2023-03-24T10:13:35.088+0000] {logging_mixin.py:137} INFO - [2023-03-24T10:13:35.087+0000] {dag.py:2690} INFO - Sync 1 DAGs
[2023-03-24T10:13:35.105+0000] {logging_mixin.py:137} INFO - [2023-03-24T10:13:35.105+0000] {dag.py:3441} INFO - Setting next_dagrun for LocalIngestionDag to 2023-03-02T06:00:00+00:00, run_after=2023-04-02T06:00:00+00:00
[2023-03-24T10:13:35.120+0000] {processor.py:175} INFO - Processing /opt/airflow/dags/data_ingestion_local.py took 0.207 seconds
[2023-03-24T10:14:05.651+0000] {processor.py:153} INFO - Started process (PID=2651) to work on /opt/airflow/dags/data_ingestion_local.py
[2023-03-24T10:14:05.652+0000] {processor.py:743} INFO - Processing file /opt/airflow/dags/data_ingestion_local.py for tasks to queue
[2023-03-24T10:14:05.652+0000] {logging_mixin.py:137} INFO - [2023-03-24T10:14:05.652+0000] {dagbag.py:538} INFO - Filling up the DagBag from /opt/airflow/dags/data_ingestion_local.py
[2023-03-24T10:14:05.818+0000] {processor.py:753} INFO - DAG(s) dict_keys(['LocalIngestionDag']) retrieved from /opt/airflow/dags/data_ingestion_local.py
[2023-03-24T10:14:05.832+0000] {logging_mixin.py:137} INFO - [2023-03-24T10:14:05.831+0000] {dag.py:2690} INFO - Sync 1 DAGs
[2023-03-24T10:14:05.848+0000] {logging_mixin.py:137} INFO - [2023-03-24T10:14:05.848+0000] {dag.py:3441} INFO - Setting next_dagrun for LocalIngestionDag to 2023-03-02T06:00:00+00:00, run_after=2023-04-02T06:00:00+00:00
[2023-03-24T10:14:05.860+0000] {processor.py:175} INFO - Processing /opt/airflow/dags/data_ingestion_local.py took 0.211 seconds
[2023-03-24T10:14:36.378+0000] {processor.py:153} INFO - Started process (PID=2705) to work on /opt/airflow/dags/data_ingestion_local.py
[2023-03-24T10:14:36.379+0000] {processor.py:743} INFO - Processing file /opt/airflow/dags/data_ingestion_local.py for tasks to queue
[2023-03-24T10:14:36.379+0000] {logging_mixin.py:137} INFO - [2023-03-24T10:14:36.379+0000] {dagbag.py:538} INFO - Filling up the DagBag from /opt/airflow/dags/data_ingestion_local.py
[2023-03-24T10:14:36.545+0000] {processor.py:753} INFO - DAG(s) dict_keys(['LocalIngestionDag']) retrieved from /opt/airflow/dags/data_ingestion_local.py
[2023-03-24T10:14:36.560+0000] {logging_mixin.py:137} INFO - [2023-03-24T10:14:36.559+0000] {dag.py:2690} INFO - Sync 1 DAGs
[2023-03-24T10:14:36.578+0000] {logging_mixin.py:137} INFO - [2023-03-24T10:14:36.578+0000] {dag.py:3441} INFO - Setting next_dagrun for LocalIngestionDag to 2023-03-02T06:00:00+00:00, run_after=2023-04-02T06:00:00+00:00
[2023-03-24T10:14:36.593+0000] {processor.py:175} INFO - Processing /opt/airflow/dags/data_ingestion_local.py took 0.217 seconds
[2023-03-24T10:15:07.131+0000] {processor.py:153} INFO - Started process (PID=2759) to work on /opt/airflow/dags/data_ingestion_local.py
[2023-03-24T10:15:07.132+0000] {processor.py:743} INFO - Processing file /opt/airflow/dags/data_ingestion_local.py for tasks to queue
[2023-03-24T10:15:07.132+0000] {logging_mixin.py:137} INFO - [2023-03-24T10:15:07.132+0000] {dagbag.py:538} INFO - Filling up the DagBag from /opt/airflow/dags/data_ingestion_local.py
[2023-03-24T10:15:07.347+0000] {processor.py:753} INFO - DAG(s) dict_keys(['LocalIngestionDag']) retrieved from /opt/airflow/dags/data_ingestion_local.py
[2023-03-24T10:15:07.369+0000] {logging_mixin.py:137} INFO - [2023-03-24T10:15:07.368+0000] {dag.py:2690} INFO - Sync 1 DAGs
[2023-03-24T10:15:07.395+0000] {logging_mixin.py:137} INFO - [2023-03-24T10:15:07.394+0000] {dag.py:3441} INFO - Setting next_dagrun for LocalIngestionDag to 2023-03-02T06:00:00+00:00, run_after=2023-04-02T06:00:00+00:00
[2023-03-24T10:15:07.415+0000] {processor.py:175} INFO - Processing /opt/airflow/dags/data_ingestion_local.py took 0.287 seconds
[2023-03-24T10:15:37.963+0000] {processor.py:153} INFO - Started process (PID=2797) to work on /opt/airflow/dags/data_ingestion_local.py
[2023-03-24T10:15:37.963+0000] {processor.py:743} INFO - Processing file /opt/airflow/dags/data_ingestion_local.py for tasks to queue
[2023-03-24T10:15:37.964+0000] {logging_mixin.py:137} INFO - [2023-03-24T10:15:37.964+0000] {dagbag.py:538} INFO - Filling up the DagBag from /opt/airflow/dags/data_ingestion_local.py
[2023-03-24T10:15:38.134+0000] {processor.py:753} INFO - DAG(s) dict_keys(['LocalIngestionDag']) retrieved from /opt/airflow/dags/data_ingestion_local.py
[2023-03-24T10:15:38.149+0000] {logging_mixin.py:137} INFO - [2023-03-24T10:15:38.149+0000] {dag.py:2690} INFO - Sync 1 DAGs
[2023-03-24T10:15:38.169+0000] {logging_mixin.py:137} INFO - [2023-03-24T10:15:38.169+0000] {dag.py:3441} INFO - Setting next_dagrun for LocalIngestionDag to 2023-03-02T06:00:00+00:00, run_after=2023-04-02T06:00:00+00:00
[2023-03-24T10:15:38.183+0000] {processor.py:175} INFO - Processing /opt/airflow/dags/data_ingestion_local.py took 0.223 seconds
[2023-03-24T10:16:08.674+0000] {processor.py:153} INFO - Started process (PID=2851) to work on /opt/airflow/dags/data_ingestion_local.py
[2023-03-24T10:16:08.676+0000] {processor.py:743} INFO - Processing file /opt/airflow/dags/data_ingestion_local.py for tasks to queue
[2023-03-24T10:16:08.676+0000] {logging_mixin.py:137} INFO - [2023-03-24T10:16:08.676+0000] {dagbag.py:538} INFO - Filling up the DagBag from /opt/airflow/dags/data_ingestion_local.py
[2023-03-24T10:16:08.852+0000] {processor.py:753} INFO - DAG(s) dict_keys(['LocalIngestionDag']) retrieved from /opt/airflow/dags/data_ingestion_local.py
[2023-03-24T10:16:08.867+0000] {logging_mixin.py:137} INFO - [2023-03-24T10:16:08.866+0000] {dag.py:2690} INFO - Sync 1 DAGs
[2023-03-24T10:16:08.885+0000] {logging_mixin.py:137} INFO - [2023-03-24T10:16:08.885+0000] {dag.py:3441} INFO - Setting next_dagrun for LocalIngestionDag to 2023-03-02T06:00:00+00:00, run_after=2023-04-02T06:00:00+00:00
[2023-03-24T10:16:08.896+0000] {processor.py:175} INFO - Processing /opt/airflow/dags/data_ingestion_local.py took 0.224 seconds
[2023-03-24T10:16:39.428+0000] {processor.py:153} INFO - Started process (PID=2905) to work on /opt/airflow/dags/data_ingestion_local.py
[2023-03-24T10:16:39.429+0000] {processor.py:743} INFO - Processing file /opt/airflow/dags/data_ingestion_local.py for tasks to queue
[2023-03-24T10:16:39.429+0000] {logging_mixin.py:137} INFO - [2023-03-24T10:16:39.429+0000] {dagbag.py:538} INFO - Filling up the DagBag from /opt/airflow/dags/data_ingestion_local.py
[2023-03-24T10:16:39.586+0000] {processor.py:753} INFO - DAG(s) dict_keys(['LocalIngestionDag']) retrieved from /opt/airflow/dags/data_ingestion_local.py
[2023-03-24T10:16:39.600+0000] {logging_mixin.py:137} INFO - [2023-03-24T10:16:39.600+0000] {dag.py:2690} INFO - Sync 1 DAGs
[2023-03-24T10:16:39.619+0000] {logging_mixin.py:137} INFO - [2023-03-24T10:16:39.619+0000] {dag.py:3441} INFO - Setting next_dagrun for LocalIngestionDag to 2023-03-02T06:00:00+00:00, run_after=2023-04-02T06:00:00+00:00
[2023-03-24T10:16:39.631+0000] {processor.py:175} INFO - Processing /opt/airflow/dags/data_ingestion_local.py took 0.205 seconds
[2023-03-24T10:17:10.152+0000] {processor.py:153} INFO - Started process (PID=2943) to work on /opt/airflow/dags/data_ingestion_local.py
[2023-03-24T10:17:10.152+0000] {processor.py:743} INFO - Processing file /opt/airflow/dags/data_ingestion_local.py for tasks to queue
[2023-03-24T10:17:10.153+0000] {logging_mixin.py:137} INFO - [2023-03-24T10:17:10.153+0000] {dagbag.py:538} INFO - Filling up the DagBag from /opt/airflow/dags/data_ingestion_local.py
[2023-03-24T10:17:10.384+0000] {processor.py:753} INFO - DAG(s) dict_keys(['LocalIngestionDag']) retrieved from /opt/airflow/dags/data_ingestion_local.py
[2023-03-24T10:17:10.401+0000] {logging_mixin.py:137} INFO - [2023-03-24T10:17:10.401+0000] {dag.py:2690} INFO - Sync 1 DAGs
[2023-03-24T10:17:10.421+0000] {logging_mixin.py:137} INFO - [2023-03-24T10:17:10.421+0000] {dag.py:3441} INFO - Setting next_dagrun for LocalIngestionDag to 2023-03-02T06:00:00+00:00, run_after=2023-04-02T06:00:00+00:00
[2023-03-24T10:17:10.436+0000] {processor.py:175} INFO - Processing /opt/airflow/dags/data_ingestion_local.py took 0.287 seconds
[2023-03-24T10:17:40.849+0000] {processor.py:153} INFO - Started process (PID=2996) to work on /opt/airflow/dags/data_ingestion_local.py
[2023-03-24T10:17:40.850+0000] {processor.py:743} INFO - Processing file /opt/airflow/dags/data_ingestion_local.py for tasks to queue
[2023-03-24T10:17:40.851+0000] {logging_mixin.py:137} INFO - [2023-03-24T10:17:40.850+0000] {dagbag.py:538} INFO - Filling up the DagBag from /opt/airflow/dags/data_ingestion_local.py
[2023-03-24T10:17:41.003+0000] {processor.py:753} INFO - DAG(s) dict_keys(['LocalIngestionDag']) retrieved from /opt/airflow/dags/data_ingestion_local.py
[2023-03-24T10:17:41.017+0000] {logging_mixin.py:137} INFO - [2023-03-24T10:17:41.017+0000] {dag.py:2690} INFO - Sync 1 DAGs
[2023-03-24T10:17:41.036+0000] {logging_mixin.py:137} INFO - [2023-03-24T10:17:41.036+0000] {dag.py:3441} INFO - Setting next_dagrun for LocalIngestionDag to 2023-03-02T06:00:00+00:00, run_after=2023-04-02T06:00:00+00:00
[2023-03-24T10:17:41.053+0000] {processor.py:175} INFO - Processing /opt/airflow/dags/data_ingestion_local.py took 0.206 seconds
[2023-03-24T10:18:11.532+0000] {processor.py:153} INFO - Started process (PID=3050) to work on /opt/airflow/dags/data_ingestion_local.py
[2023-03-24T10:18:11.533+0000] {processor.py:743} INFO - Processing file /opt/airflow/dags/data_ingestion_local.py for tasks to queue
[2023-03-24T10:18:11.533+0000] {logging_mixin.py:137} INFO - [2023-03-24T10:18:11.533+0000] {dagbag.py:538} INFO - Filling up the DagBag from /opt/airflow/dags/data_ingestion_local.py
[2023-03-24T10:18:11.691+0000] {processor.py:753} INFO - DAG(s) dict_keys(['LocalIngestionDag']) retrieved from /opt/airflow/dags/data_ingestion_local.py
[2023-03-24T10:18:11.709+0000] {logging_mixin.py:137} INFO - [2023-03-24T10:18:11.709+0000] {dag.py:2690} INFO - Sync 1 DAGs
[2023-03-24T10:18:11.727+0000] {logging_mixin.py:137} INFO - [2023-03-24T10:18:11.727+0000] {dag.py:3441} INFO - Setting next_dagrun for LocalIngestionDag to 2023-03-02T06:00:00+00:00, run_after=2023-04-02T06:00:00+00:00
[2023-03-24T10:18:11.739+0000] {processor.py:175} INFO - Processing /opt/airflow/dags/data_ingestion_local.py took 0.209 seconds
[2023-03-24T10:18:42.264+0000] {processor.py:153} INFO - Started process (PID=3088) to work on /opt/airflow/dags/data_ingestion_local.py
[2023-03-24T10:18:42.265+0000] {processor.py:743} INFO - Processing file /opt/airflow/dags/data_ingestion_local.py for tasks to queue
[2023-03-24T10:18:42.265+0000] {logging_mixin.py:137} INFO - [2023-03-24T10:18:42.265+0000] {dagbag.py:538} INFO - Filling up the DagBag from /opt/airflow/dags/data_ingestion_local.py
[2023-03-24T10:18:42.429+0000] {processor.py:753} INFO - DAG(s) dict_keys(['LocalIngestionDag']) retrieved from /opt/airflow/dags/data_ingestion_local.py
[2023-03-24T10:18:42.445+0000] {logging_mixin.py:137} INFO - [2023-03-24T10:18:42.445+0000] {dag.py:2690} INFO - Sync 1 DAGs
[2023-03-24T10:18:42.473+0000] {logging_mixin.py:137} INFO - [2023-03-24T10:18:42.473+0000] {dag.py:3441} INFO - Setting next_dagrun for LocalIngestionDag to 2023-03-02T06:00:00+00:00, run_after=2023-04-02T06:00:00+00:00
[2023-03-24T10:18:42.492+0000] {processor.py:175} INFO - Processing /opt/airflow/dags/data_ingestion_local.py took 0.230 seconds
[2023-03-24T10:19:12.953+0000] {processor.py:153} INFO - Started process (PID=3142) to work on /opt/airflow/dags/data_ingestion_local.py
[2023-03-24T10:19:12.954+0000] {processor.py:743} INFO - Processing file /opt/airflow/dags/data_ingestion_local.py for tasks to queue
[2023-03-24T10:19:12.955+0000] {logging_mixin.py:137} INFO - [2023-03-24T10:19:12.955+0000] {dagbag.py:538} INFO - Filling up the DagBag from /opt/airflow/dags/data_ingestion_local.py
[2023-03-24T10:19:13.105+0000] {processor.py:753} INFO - DAG(s) dict_keys(['LocalIngestionDag']) retrieved from /opt/airflow/dags/data_ingestion_local.py
[2023-03-24T10:19:13.119+0000] {logging_mixin.py:137} INFO - [2023-03-24T10:19:13.119+0000] {dag.py:2690} INFO - Sync 1 DAGs
[2023-03-24T10:19:13.136+0000] {logging_mixin.py:137} INFO - [2023-03-24T10:19:13.136+0000] {dag.py:3441} INFO - Setting next_dagrun for LocalIngestionDag to 2023-03-02T06:00:00+00:00, run_after=2023-04-02T06:00:00+00:00
[2023-03-24T10:19:13.148+0000] {processor.py:175} INFO - Processing /opt/airflow/dags/data_ingestion_local.py took 0.197 seconds
[2023-03-24T10:19:43.675+0000] {processor.py:153} INFO - Started process (PID=3196) to work on /opt/airflow/dags/data_ingestion_local.py
[2023-03-24T10:19:43.676+0000] {processor.py:743} INFO - Processing file /opt/airflow/dags/data_ingestion_local.py for tasks to queue
[2023-03-24T10:19:43.677+0000] {logging_mixin.py:137} INFO - [2023-03-24T10:19:43.677+0000] {dagbag.py:538} INFO - Filling up the DagBag from /opt/airflow/dags/data_ingestion_local.py
[2023-03-24T10:19:43.836+0000] {processor.py:753} INFO - DAG(s) dict_keys(['LocalIngestionDag']) retrieved from /opt/airflow/dags/data_ingestion_local.py
[2023-03-24T10:19:43.850+0000] {logging_mixin.py:137} INFO - [2023-03-24T10:19:43.849+0000] {dag.py:2690} INFO - Sync 1 DAGs
[2023-03-24T10:19:43.867+0000] {logging_mixin.py:137} INFO - [2023-03-24T10:19:43.867+0000] {dag.py:3441} INFO - Setting next_dagrun for LocalIngestionDag to 2023-03-02T06:00:00+00:00, run_after=2023-04-02T06:00:00+00:00
[2023-03-24T10:19:43.879+0000] {processor.py:175} INFO - Processing /opt/airflow/dags/data_ingestion_local.py took 0.206 seconds
[2023-03-24T10:20:14.694+0000] {processor.py:153} INFO - Started process (PID=3234) to work on /opt/airflow/dags/data_ingestion_local.py
[2023-03-24T10:20:14.695+0000] {processor.py:743} INFO - Processing file /opt/airflow/dags/data_ingestion_local.py for tasks to queue
[2023-03-24T10:20:14.696+0000] {logging_mixin.py:137} INFO - [2023-03-24T10:20:14.695+0000] {dagbag.py:538} INFO - Filling up the DagBag from /opt/airflow/dags/data_ingestion_local.py
[2023-03-24T10:20:14.913+0000] {processor.py:753} INFO - DAG(s) dict_keys(['LocalIngestionDag']) retrieved from /opt/airflow/dags/data_ingestion_local.py
[2023-03-24T10:20:14.929+0000] {logging_mixin.py:137} INFO - [2023-03-24T10:20:14.928+0000] {dag.py:2690} INFO - Sync 1 DAGs
[2023-03-24T10:20:14.949+0000] {logging_mixin.py:137} INFO - [2023-03-24T10:20:14.949+0000] {dag.py:3441} INFO - Setting next_dagrun for LocalIngestionDag to 2023-03-02T06:00:00+00:00, run_after=2023-04-02T06:00:00+00:00
[2023-03-24T10:20:14.963+0000] {processor.py:175} INFO - Processing /opt/airflow/dags/data_ingestion_local.py took 0.270 seconds
[2023-03-24T10:20:45.402+0000] {processor.py:153} INFO - Started process (PID=3288) to work on /opt/airflow/dags/data_ingestion_local.py
[2023-03-24T10:20:45.403+0000] {processor.py:743} INFO - Processing file /opt/airflow/dags/data_ingestion_local.py for tasks to queue
[2023-03-24T10:20:45.404+0000] {logging_mixin.py:137} INFO - [2023-03-24T10:20:45.404+0000] {dagbag.py:538} INFO - Filling up the DagBag from /opt/airflow/dags/data_ingestion_local.py
[2023-03-24T10:20:45.568+0000] {processor.py:753} INFO - DAG(s) dict_keys(['LocalIngestionDag']) retrieved from /opt/airflow/dags/data_ingestion_local.py
[2023-03-24T10:20:45.584+0000] {logging_mixin.py:137} INFO - [2023-03-24T10:20:45.583+0000] {dag.py:2690} INFO - Sync 1 DAGs
[2023-03-24T10:20:45.602+0000] {logging_mixin.py:137} INFO - [2023-03-24T10:20:45.602+0000] {dag.py:3441} INFO - Setting next_dagrun for LocalIngestionDag to 2023-03-02T06:00:00+00:00, run_after=2023-04-02T06:00:00+00:00
[2023-03-24T10:20:45.616+0000] {processor.py:175} INFO - Processing /opt/airflow/dags/data_ingestion_local.py took 0.217 seconds
[2023-03-24T10:21:16.136+0000] {processor.py:153} INFO - Started process (PID=3341) to work on /opt/airflow/dags/data_ingestion_local.py
[2023-03-24T10:21:16.137+0000] {processor.py:743} INFO - Processing file /opt/airflow/dags/data_ingestion_local.py for tasks to queue
[2023-03-24T10:21:16.137+0000] {logging_mixin.py:137} INFO - [2023-03-24T10:21:16.137+0000] {dagbag.py:538} INFO - Filling up the DagBag from /opt/airflow/dags/data_ingestion_local.py
[2023-03-24T10:21:16.312+0000] {processor.py:753} INFO - DAG(s) dict_keys(['LocalIngestionDag']) retrieved from /opt/airflow/dags/data_ingestion_local.py
[2023-03-24T10:21:16.326+0000] {logging_mixin.py:137} INFO - [2023-03-24T10:21:16.326+0000] {dag.py:2690} INFO - Sync 1 DAGs
[2023-03-24T10:21:16.346+0000] {logging_mixin.py:137} INFO - [2023-03-24T10:21:16.345+0000] {dag.py:3441} INFO - Setting next_dagrun for LocalIngestionDag to 2023-03-02T06:00:00+00:00, run_after=2023-04-02T06:00:00+00:00
[2023-03-24T10:21:16.359+0000] {processor.py:175} INFO - Processing /opt/airflow/dags/data_ingestion_local.py took 0.225 seconds
[2023-03-24T10:21:46.871+0000] {processor.py:153} INFO - Started process (PID=3379) to work on /opt/airflow/dags/data_ingestion_local.py
[2023-03-24T10:21:46.871+0000] {processor.py:743} INFO - Processing file /opt/airflow/dags/data_ingestion_local.py for tasks to queue
[2023-03-24T10:21:46.872+0000] {logging_mixin.py:137} INFO - [2023-03-24T10:21:46.872+0000] {dagbag.py:538} INFO - Filling up the DagBag from /opt/airflow/dags/data_ingestion_local.py
[2023-03-24T10:21:47.070+0000] {processor.py:753} INFO - DAG(s) dict_keys(['LocalIngestionDag']) retrieved from /opt/airflow/dags/data_ingestion_local.py
[2023-03-24T10:21:47.084+0000] {logging_mixin.py:137} INFO - [2023-03-24T10:21:47.084+0000] {dag.py:2690} INFO - Sync 1 DAGs
[2023-03-24T10:21:47.103+0000] {logging_mixin.py:137} INFO - [2023-03-24T10:21:47.103+0000] {dag.py:3441} INFO - Setting next_dagrun for LocalIngestionDag to 2023-03-02T06:00:00+00:00, run_after=2023-04-02T06:00:00+00:00
[2023-03-24T10:21:47.115+0000] {processor.py:175} INFO - Processing /opt/airflow/dags/data_ingestion_local.py took 0.247 seconds
[2023-03-24T10:22:17.672+0000] {processor.py:153} INFO - Started process (PID=3432) to work on /opt/airflow/dags/data_ingestion_local.py
[2023-03-24T10:22:17.673+0000] {processor.py:743} INFO - Processing file /opt/airflow/dags/data_ingestion_local.py for tasks to queue
[2023-03-24T10:22:17.674+0000] {logging_mixin.py:137} INFO - [2023-03-24T10:22:17.673+0000] {dagbag.py:538} INFO - Filling up the DagBag from /opt/airflow/dags/data_ingestion_local.py
[2023-03-24T10:22:17.855+0000] {processor.py:753} INFO - DAG(s) dict_keys(['LocalIngestionDag']) retrieved from /opt/airflow/dags/data_ingestion_local.py
[2023-03-24T10:22:17.871+0000] {logging_mixin.py:137} INFO - [2023-03-24T10:22:17.870+0000] {dag.py:2690} INFO - Sync 1 DAGs
[2023-03-24T10:22:17.892+0000] {logging_mixin.py:137} INFO - [2023-03-24T10:22:17.892+0000] {dag.py:3441} INFO - Setting next_dagrun for LocalIngestionDag to 2023-03-02T06:00:00+00:00, run_after=2023-04-02T06:00:00+00:00
[2023-03-24T10:22:17.907+0000] {processor.py:175} INFO - Processing /opt/airflow/dags/data_ingestion_local.py took 0.238 seconds
[2023-03-24T10:22:48.388+0000] {processor.py:153} INFO - Started process (PID=3479) to work on /opt/airflow/dags/data_ingestion_local.py
[2023-03-24T10:22:48.389+0000] {processor.py:743} INFO - Processing file /opt/airflow/dags/data_ingestion_local.py for tasks to queue
[2023-03-24T10:22:48.389+0000] {logging_mixin.py:137} INFO - [2023-03-24T10:22:48.389+0000] {dagbag.py:538} INFO - Filling up the DagBag from /opt/airflow/dags/data_ingestion_local.py
[2023-03-24T10:22:48.571+0000] {processor.py:753} INFO - DAG(s) dict_keys(['LocalIngestionDag']) retrieved from /opt/airflow/dags/data_ingestion_local.py
[2023-03-24T10:22:48.587+0000] {logging_mixin.py:137} INFO - [2023-03-24T10:22:48.586+0000] {dag.py:2690} INFO - Sync 1 DAGs
[2023-03-24T10:22:48.634+0000] {logging_mixin.py:137} INFO - [2023-03-24T10:22:48.633+0000] {dag.py:3441} INFO - Setting next_dagrun for LocalIngestionDag to 2023-03-02T06:00:00+00:00, run_after=2023-04-02T06:00:00+00:00
[2023-03-24T10:22:48.656+0000] {processor.py:175} INFO - Processing /opt/airflow/dags/data_ingestion_local.py took 0.270 seconds
[2023-03-24T10:23:19.153+0000] {processor.py:153} INFO - Started process (PID=3524) to work on /opt/airflow/dags/data_ingestion_local.py
[2023-03-24T10:23:19.155+0000] {processor.py:743} INFO - Processing file /opt/airflow/dags/data_ingestion_local.py for tasks to queue
[2023-03-24T10:23:19.156+0000] {logging_mixin.py:137} INFO - [2023-03-24T10:23:19.156+0000] {dagbag.py:538} INFO - Filling up the DagBag from /opt/airflow/dags/data_ingestion_local.py
[2023-03-24T10:23:19.335+0000] {processor.py:753} INFO - DAG(s) dict_keys(['LocalIngestionDag']) retrieved from /opt/airflow/dags/data_ingestion_local.py
[2023-03-24T10:23:19.358+0000] {logging_mixin.py:137} INFO - [2023-03-24T10:23:19.358+0000] {dag.py:2690} INFO - Sync 1 DAGs
[2023-03-24T10:23:19.376+0000] {logging_mixin.py:137} INFO - [2023-03-24T10:23:19.376+0000] {dag.py:3441} INFO - Setting next_dagrun for LocalIngestionDag to 2023-03-02T06:00:00+00:00, run_after=2023-04-02T06:00:00+00:00
[2023-03-24T10:23:19.392+0000] {processor.py:175} INFO - Processing /opt/airflow/dags/data_ingestion_local.py took 0.243 seconds
[2023-03-24T10:23:49.884+0000] {processor.py:153} INFO - Started process (PID=3578) to work on /opt/airflow/dags/data_ingestion_local.py
[2023-03-24T10:23:49.885+0000] {processor.py:743} INFO - Processing file /opt/airflow/dags/data_ingestion_local.py for tasks to queue
[2023-03-24T10:23:49.886+0000] {logging_mixin.py:137} INFO - [2023-03-24T10:23:49.886+0000] {dagbag.py:538} INFO - Filling up the DagBag from /opt/airflow/dags/data_ingestion_local.py
[2023-03-24T10:23:50.070+0000] {processor.py:753} INFO - DAG(s) dict_keys(['LocalIngestionDag']) retrieved from /opt/airflow/dags/data_ingestion_local.py
[2023-03-24T10:23:50.085+0000] {logging_mixin.py:137} INFO - [2023-03-24T10:23:50.084+0000] {dag.py:2690} INFO - Sync 1 DAGs
[2023-03-24T10:23:50.109+0000] {logging_mixin.py:137} INFO - [2023-03-24T10:23:50.109+0000] {dag.py:3441} INFO - Setting next_dagrun for LocalIngestionDag to 2023-03-02T06:00:00+00:00, run_after=2023-04-02T06:00:00+00:00
[2023-03-24T10:23:50.123+0000] {processor.py:175} INFO - Processing /opt/airflow/dags/data_ingestion_local.py took 0.241 seconds
[2023-03-24T10:24:20.732+0000] {processor.py:153} INFO - Started process (PID=3616) to work on /opt/airflow/dags/data_ingestion_local.py
[2023-03-24T10:24:20.733+0000] {processor.py:743} INFO - Processing file /opt/airflow/dags/data_ingestion_local.py for tasks to queue
[2023-03-24T10:24:20.734+0000] {logging_mixin.py:137} INFO - [2023-03-24T10:24:20.734+0000] {dagbag.py:538} INFO - Filling up the DagBag from /opt/airflow/dags/data_ingestion_local.py
[2023-03-24T10:24:20.932+0000] {processor.py:753} INFO - DAG(s) dict_keys(['LocalIngestionDag']) retrieved from /opt/airflow/dags/data_ingestion_local.py
[2023-03-24T10:24:20.947+0000] {logging_mixin.py:137} INFO - [2023-03-24T10:24:20.947+0000] {dag.py:2690} INFO - Sync 1 DAGs
[2023-03-24T10:24:20.972+0000] {logging_mixin.py:137} INFO - [2023-03-24T10:24:20.972+0000] {dag.py:3441} INFO - Setting next_dagrun for LocalIngestionDag to 2023-03-02T06:00:00+00:00, run_after=2023-04-02T06:00:00+00:00
[2023-03-24T10:24:20.987+0000] {processor.py:175} INFO - Processing /opt/airflow/dags/data_ingestion_local.py took 0.258 seconds
[2023-03-24T10:24:51.473+0000] {processor.py:153} INFO - Started process (PID=3670) to work on /opt/airflow/dags/data_ingestion_local.py
[2023-03-24T10:24:51.474+0000] {processor.py:743} INFO - Processing file /opt/airflow/dags/data_ingestion_local.py for tasks to queue
[2023-03-24T10:24:51.474+0000] {logging_mixin.py:137} INFO - [2023-03-24T10:24:51.474+0000] {dagbag.py:538} INFO - Filling up the DagBag from /opt/airflow/dags/data_ingestion_local.py
[2023-03-24T10:24:51.646+0000] {processor.py:753} INFO - DAG(s) dict_keys(['LocalIngestionDag']) retrieved from /opt/airflow/dags/data_ingestion_local.py
[2023-03-24T10:24:51.660+0000] {logging_mixin.py:137} INFO - [2023-03-24T10:24:51.660+0000] {dag.py:2690} INFO - Sync 1 DAGs
[2023-03-24T10:24:51.679+0000] {logging_mixin.py:137} INFO - [2023-03-24T10:24:51.679+0000] {dag.py:3441} INFO - Setting next_dagrun for LocalIngestionDag to 2023-03-02T06:00:00+00:00, run_after=2023-04-02T06:00:00+00:00
[2023-03-24T10:24:51.697+0000] {processor.py:175} INFO - Processing /opt/airflow/dags/data_ingestion_local.py took 0.226 seconds
[2023-03-24T10:25:22.289+0000] {processor.py:153} INFO - Started process (PID=3724) to work on /opt/airflow/dags/data_ingestion_local.py
[2023-03-24T10:25:22.290+0000] {processor.py:743} INFO - Processing file /opt/airflow/dags/data_ingestion_local.py for tasks to queue
[2023-03-24T10:25:22.290+0000] {logging_mixin.py:137} INFO - [2023-03-24T10:25:22.290+0000] {dagbag.py:538} INFO - Filling up the DagBag from /opt/airflow/dags/data_ingestion_local.py
[2023-03-24T10:25:22.468+0000] {processor.py:753} INFO - DAG(s) dict_keys(['LocalIngestionDag']) retrieved from /opt/airflow/dags/data_ingestion_local.py
[2023-03-24T10:25:22.483+0000] {logging_mixin.py:137} INFO - [2023-03-24T10:25:22.483+0000] {dag.py:2690} INFO - Sync 1 DAGs
[2023-03-24T10:25:22.501+0000] {logging_mixin.py:137} INFO - [2023-03-24T10:25:22.501+0000] {dag.py:3441} INFO - Setting next_dagrun for LocalIngestionDag to 2023-03-02T06:00:00+00:00, run_after=2023-04-02T06:00:00+00:00
[2023-03-24T10:25:22.519+0000] {processor.py:175} INFO - Processing /opt/airflow/dags/data_ingestion_local.py took 0.232 seconds
[2023-03-24T10:25:53.033+0000] {processor.py:153} INFO - Started process (PID=3762) to work on /opt/airflow/dags/data_ingestion_local.py
[2023-03-24T10:25:53.034+0000] {processor.py:743} INFO - Processing file /opt/airflow/dags/data_ingestion_local.py for tasks to queue
[2023-03-24T10:25:53.035+0000] {logging_mixin.py:137} INFO - [2023-03-24T10:25:53.035+0000] {dagbag.py:538} INFO - Filling up the DagBag from /opt/airflow/dags/data_ingestion_local.py
[2023-03-24T10:25:53.241+0000] {processor.py:753} INFO - DAG(s) dict_keys(['LocalIngestionDag']) retrieved from /opt/airflow/dags/data_ingestion_local.py
[2023-03-24T10:25:53.262+0000] {logging_mixin.py:137} INFO - [2023-03-24T10:25:53.261+0000] {dag.py:2690} INFO - Sync 1 DAGs
[2023-03-24T10:25:53.295+0000] {logging_mixin.py:137} INFO - [2023-03-24T10:25:53.295+0000] {dag.py:3441} INFO - Setting next_dagrun for LocalIngestionDag to 2023-03-02T06:00:00+00:00, run_after=2023-04-02T06:00:00+00:00
[2023-03-24T10:25:53.319+0000] {processor.py:175} INFO - Processing /opt/airflow/dags/data_ingestion_local.py took 0.288 seconds
[2023-03-24T10:26:23.744+0000] {processor.py:153} INFO - Started process (PID=3816) to work on /opt/airflow/dags/data_ingestion_local.py
[2023-03-24T10:26:23.745+0000] {processor.py:743} INFO - Processing file /opt/airflow/dags/data_ingestion_local.py for tasks to queue
[2023-03-24T10:26:23.745+0000] {logging_mixin.py:137} INFO - [2023-03-24T10:26:23.745+0000] {dagbag.py:538} INFO - Filling up the DagBag from /opt/airflow/dags/data_ingestion_local.py
[2023-03-24T10:26:23.912+0000] {processor.py:753} INFO - DAG(s) dict_keys(['LocalIngestionDag']) retrieved from /opt/airflow/dags/data_ingestion_local.py
[2023-03-24T10:26:23.933+0000] {logging_mixin.py:137} INFO - [2023-03-24T10:26:23.933+0000] {dag.py:2690} INFO - Sync 1 DAGs
[2023-03-24T10:26:23.954+0000] {logging_mixin.py:137} INFO - [2023-03-24T10:26:23.954+0000] {dag.py:3441} INFO - Setting next_dagrun for LocalIngestionDag to 2023-03-02T06:00:00+00:00, run_after=2023-04-02T06:00:00+00:00
[2023-03-24T10:26:23.975+0000] {processor.py:175} INFO - Processing /opt/airflow/dags/data_ingestion_local.py took 0.233 seconds
[2023-03-24T10:26:54.572+0000] {processor.py:153} INFO - Started process (PID=3871) to work on /opt/airflow/dags/data_ingestion_local.py
[2023-03-24T10:26:54.572+0000] {processor.py:743} INFO - Processing file /opt/airflow/dags/data_ingestion_local.py for tasks to queue
[2023-03-24T10:26:54.573+0000] {logging_mixin.py:137} INFO - [2023-03-24T10:26:54.573+0000] {dagbag.py:538} INFO - Filling up the DagBag from /opt/airflow/dags/data_ingestion_local.py
[2023-03-24T10:26:54.766+0000] {processor.py:753} INFO - DAG(s) dict_keys(['LocalIngestionDag']) retrieved from /opt/airflow/dags/data_ingestion_local.py
[2023-03-24T10:26:54.781+0000] {logging_mixin.py:137} INFO - [2023-03-24T10:26:54.781+0000] {dag.py:2690} INFO - Sync 1 DAGs
[2023-03-24T10:26:54.804+0000] {logging_mixin.py:137} INFO - [2023-03-24T10:26:54.804+0000] {dag.py:3441} INFO - Setting next_dagrun for LocalIngestionDag to 2023-03-02T06:00:00+00:00, run_after=2023-04-02T06:00:00+00:00
[2023-03-24T10:26:54.822+0000] {processor.py:175} INFO - Processing /opt/airflow/dags/data_ingestion_local.py took 0.260 seconds
[2023-03-24T10:27:25.302+0000] {processor.py:153} INFO - Started process (PID=3909) to work on /opt/airflow/dags/data_ingestion_local.py
[2023-03-24T10:27:25.303+0000] {processor.py:743} INFO - Processing file /opt/airflow/dags/data_ingestion_local.py for tasks to queue
[2023-03-24T10:27:25.303+0000] {logging_mixin.py:137} INFO - [2023-03-24T10:27:25.303+0000] {dagbag.py:538} INFO - Filling up the DagBag from /opt/airflow/dags/data_ingestion_local.py
[2023-03-24T10:27:25.475+0000] {processor.py:753} INFO - DAG(s) dict_keys(['LocalIngestionDag']) retrieved from /opt/airflow/dags/data_ingestion_local.py
[2023-03-24T10:27:25.490+0000] {logging_mixin.py:137} INFO - [2023-03-24T10:27:25.490+0000] {dag.py:2690} INFO - Sync 1 DAGs
[2023-03-24T10:27:25.509+0000] {logging_mixin.py:137} INFO - [2023-03-24T10:27:25.509+0000] {dag.py:3441} INFO - Setting next_dagrun for LocalIngestionDag to 2023-03-02T06:00:00+00:00, run_after=2023-04-02T06:00:00+00:00
[2023-03-24T10:27:25.521+0000] {processor.py:175} INFO - Processing /opt/airflow/dags/data_ingestion_local.py took 0.222 seconds
[2023-03-24T10:27:56.017+0000] {processor.py:153} INFO - Started process (PID=3963) to work on /opt/airflow/dags/data_ingestion_local.py
[2023-03-24T10:27:56.017+0000] {processor.py:743} INFO - Processing file /opt/airflow/dags/data_ingestion_local.py for tasks to queue
[2023-03-24T10:27:56.018+0000] {logging_mixin.py:137} INFO - [2023-03-24T10:27:56.018+0000] {dagbag.py:538} INFO - Filling up the DagBag from /opt/airflow/dags/data_ingestion_local.py
[2023-03-24T10:27:56.202+0000] {processor.py:753} INFO - DAG(s) dict_keys(['LocalIngestionDag']) retrieved from /opt/airflow/dags/data_ingestion_local.py
[2023-03-24T10:27:56.219+0000] {logging_mixin.py:137} INFO - [2023-03-24T10:27:56.218+0000] {dag.py:2690} INFO - Sync 1 DAGs
[2023-03-24T10:27:56.237+0000] {logging_mixin.py:137} INFO - [2023-03-24T10:27:56.237+0000] {dag.py:3441} INFO - Setting next_dagrun for LocalIngestionDag to 2023-03-02T06:00:00+00:00, run_after=2023-04-02T06:00:00+00:00
[2023-03-24T10:27:56.253+0000] {processor.py:175} INFO - Processing /opt/airflow/dags/data_ingestion_local.py took 0.239 seconds
[2023-03-24T10:28:26.806+0000] {processor.py:153} INFO - Started process (PID=4001) to work on /opt/airflow/dags/data_ingestion_local.py
[2023-03-24T10:28:26.808+0000] {processor.py:743} INFO - Processing file /opt/airflow/dags/data_ingestion_local.py for tasks to queue
[2023-03-24T10:28:26.809+0000] {logging_mixin.py:137} INFO - [2023-03-24T10:28:26.809+0000] {dagbag.py:538} INFO - Filling up the DagBag from /opt/airflow/dags/data_ingestion_local.py
[2023-03-24T10:28:27.056+0000] {processor.py:753} INFO - DAG(s) dict_keys(['LocalIngestionDag']) retrieved from /opt/airflow/dags/data_ingestion_local.py
[2023-03-24T10:28:27.074+0000] {logging_mixin.py:137} INFO - [2023-03-24T10:28:27.073+0000] {dag.py:2690} INFO - Sync 1 DAGs
[2023-03-24T10:28:27.095+0000] {logging_mixin.py:137} INFO - [2023-03-24T10:28:27.095+0000] {dag.py:3441} INFO - Setting next_dagrun for LocalIngestionDag to 2023-03-02T06:00:00+00:00, run_after=2023-04-02T06:00:00+00:00
[2023-03-24T10:28:27.110+0000] {processor.py:175} INFO - Processing /opt/airflow/dags/data_ingestion_local.py took 0.308 seconds
[2023-03-24T10:28:57.546+0000] {processor.py:153} INFO - Started process (PID=4055) to work on /opt/airflow/dags/data_ingestion_local.py
[2023-03-24T10:28:57.547+0000] {processor.py:743} INFO - Processing file /opt/airflow/dags/data_ingestion_local.py for tasks to queue
[2023-03-24T10:28:57.547+0000] {logging_mixin.py:137} INFO - [2023-03-24T10:28:57.547+0000] {dagbag.py:538} INFO - Filling up the DagBag from /opt/airflow/dags/data_ingestion_local.py
[2023-03-24T10:28:57.720+0000] {processor.py:753} INFO - DAG(s) dict_keys(['LocalIngestionDag']) retrieved from /opt/airflow/dags/data_ingestion_local.py
[2023-03-24T10:28:57.736+0000] {logging_mixin.py:137} INFO - [2023-03-24T10:28:57.736+0000] {dag.py:2690} INFO - Sync 1 DAGs
[2023-03-24T10:28:57.756+0000] {logging_mixin.py:137} INFO - [2023-03-24T10:28:57.756+0000] {dag.py:3441} INFO - Setting next_dagrun for LocalIngestionDag to 2023-03-02T06:00:00+00:00, run_after=2023-04-02T06:00:00+00:00
[2023-03-24T10:28:57.777+0000] {processor.py:175} INFO - Processing /opt/airflow/dags/data_ingestion_local.py took 0.233 seconds
[2023-03-24T10:29:28.293+0000] {processor.py:153} INFO - Started process (PID=4109) to work on /opt/airflow/dags/data_ingestion_local.py
[2023-03-24T10:29:28.294+0000] {processor.py:743} INFO - Processing file /opt/airflow/dags/data_ingestion_local.py for tasks to queue
[2023-03-24T10:29:28.295+0000] {logging_mixin.py:137} INFO - [2023-03-24T10:29:28.295+0000] {dagbag.py:538} INFO - Filling up the DagBag from /opt/airflow/dags/data_ingestion_local.py
[2023-03-24T10:29:28.469+0000] {processor.py:753} INFO - DAG(s) dict_keys(['LocalIngestionDag']) retrieved from /opt/airflow/dags/data_ingestion_local.py
[2023-03-24T10:29:28.487+0000] {logging_mixin.py:137} INFO - [2023-03-24T10:29:28.487+0000] {dag.py:2690} INFO - Sync 1 DAGs
[2023-03-24T10:29:28.508+0000] {logging_mixin.py:137} INFO - [2023-03-24T10:29:28.507+0000] {dag.py:3441} INFO - Setting next_dagrun for LocalIngestionDag to 2023-03-02T06:00:00+00:00, run_after=2023-04-02T06:00:00+00:00
[2023-03-24T10:29:28.521+0000] {processor.py:175} INFO - Processing /opt/airflow/dags/data_ingestion_local.py took 0.232 seconds
[2023-03-24T10:29:59.029+0000] {processor.py:153} INFO - Started process (PID=4147) to work on /opt/airflow/dags/data_ingestion_local.py
[2023-03-24T10:29:59.030+0000] {processor.py:743} INFO - Processing file /opt/airflow/dags/data_ingestion_local.py for tasks to queue
[2023-03-24T10:29:59.030+0000] {logging_mixin.py:137} INFO - [2023-03-24T10:29:59.030+0000] {dagbag.py:538} INFO - Filling up the DagBag from /opt/airflow/dags/data_ingestion_local.py
[2023-03-24T10:29:59.247+0000] {processor.py:753} INFO - DAG(s) dict_keys(['LocalIngestionDag']) retrieved from /opt/airflow/dags/data_ingestion_local.py
[2023-03-24T10:29:59.265+0000] {logging_mixin.py:137} INFO - [2023-03-24T10:29:59.264+0000] {dag.py:2690} INFO - Sync 1 DAGs
[2023-03-24T10:29:59.297+0000] {logging_mixin.py:137} INFO - [2023-03-24T10:29:59.297+0000] {dag.py:3441} INFO - Setting next_dagrun for LocalIngestionDag to 2023-03-02T06:00:00+00:00, run_after=2023-04-02T06:00:00+00:00
[2023-03-24T10:29:59.316+0000] {processor.py:175} INFO - Processing /opt/airflow/dags/data_ingestion_local.py took 0.289 seconds
[2023-03-24T10:30:29.740+0000] {processor.py:153} INFO - Started process (PID=4201) to work on /opt/airflow/dags/data_ingestion_local.py
[2023-03-24T10:30:29.741+0000] {processor.py:743} INFO - Processing file /opt/airflow/dags/data_ingestion_local.py for tasks to queue
[2023-03-24T10:30:29.741+0000] {logging_mixin.py:137} INFO - [2023-03-24T10:30:29.741+0000] {dagbag.py:538} INFO - Filling up the DagBag from /opt/airflow/dags/data_ingestion_local.py
[2023-03-24T10:30:29.910+0000] {processor.py:753} INFO - DAG(s) dict_keys(['LocalIngestionDag']) retrieved from /opt/airflow/dags/data_ingestion_local.py
[2023-03-24T10:30:29.925+0000] {logging_mixin.py:137} INFO - [2023-03-24T10:30:29.925+0000] {dag.py:2690} INFO - Sync 1 DAGs
[2023-03-24T10:30:29.944+0000] {logging_mixin.py:137} INFO - [2023-03-24T10:30:29.944+0000] {dag.py:3441} INFO - Setting next_dagrun for LocalIngestionDag to 2023-03-02T06:00:00+00:00, run_after=2023-04-02T06:00:00+00:00
[2023-03-24T10:30:29.958+0000] {processor.py:175} INFO - Processing /opt/airflow/dags/data_ingestion_local.py took 0.220 seconds
[2023-03-24T10:31:01.134+0000] {processor.py:153} INFO - Started process (PID=4255) to work on /opt/airflow/dags/data_ingestion_local.py
[2023-03-24T10:31:01.135+0000] {processor.py:743} INFO - Processing file /opt/airflow/dags/data_ingestion_local.py for tasks to queue
[2023-03-24T10:31:01.135+0000] {logging_mixin.py:137} INFO - [2023-03-24T10:31:01.135+0000] {dagbag.py:538} INFO - Filling up the DagBag from /opt/airflow/dags/data_ingestion_local.py
[2023-03-24T10:31:01.359+0000] {processor.py:753} INFO - DAG(s) dict_keys(['LocalIngestionDag']) retrieved from /opt/airflow/dags/data_ingestion_local.py
[2023-03-24T10:31:01.380+0000] {logging_mixin.py:137} INFO - [2023-03-24T10:31:01.378+0000] {dag.py:2690} INFO - Sync 1 DAGs
[2023-03-24T10:31:01.401+0000] {logging_mixin.py:137} INFO - [2023-03-24T10:31:01.401+0000] {dag.py:3441} INFO - Setting next_dagrun for LocalIngestionDag to 2023-03-02T06:00:00+00:00, run_after=2023-04-02T06:00:00+00:00
[2023-03-24T10:31:01.416+0000] {processor.py:175} INFO - Processing /opt/airflow/dags/data_ingestion_local.py took 0.285 seconds
[2023-03-24T10:31:31.853+0000] {processor.py:153} INFO - Started process (PID=4293) to work on /opt/airflow/dags/data_ingestion_local.py
[2023-03-24T10:31:31.854+0000] {processor.py:743} INFO - Processing file /opt/airflow/dags/data_ingestion_local.py for tasks to queue
[2023-03-24T10:31:31.854+0000] {logging_mixin.py:137} INFO - [2023-03-24T10:31:31.854+0000] {dagbag.py:538} INFO - Filling up the DagBag from /opt/airflow/dags/data_ingestion_local.py
[2023-03-24T10:31:32.032+0000] {processor.py:753} INFO - DAG(s) dict_keys(['LocalIngestionDag']) retrieved from /opt/airflow/dags/data_ingestion_local.py
[2023-03-24T10:31:32.048+0000] {logging_mixin.py:137} INFO - [2023-03-24T10:31:32.047+0000] {dag.py:2690} INFO - Sync 1 DAGs
[2023-03-24T10:31:32.069+0000] {logging_mixin.py:137} INFO - [2023-03-24T10:31:32.069+0000] {dag.py:3441} INFO - Setting next_dagrun for LocalIngestionDag to 2023-03-02T06:00:00+00:00, run_after=2023-04-02T06:00:00+00:00
[2023-03-24T10:31:32.085+0000] {processor.py:175} INFO - Processing /opt/airflow/dags/data_ingestion_local.py took 0.234 seconds
[2023-03-24T10:32:03.437+0000] {processor.py:153} INFO - Started process (PID=4346) to work on /opt/airflow/dags/data_ingestion_local.py
[2023-03-24T10:32:03.438+0000] {processor.py:743} INFO - Processing file /opt/airflow/dags/data_ingestion_local.py for tasks to queue
[2023-03-24T10:32:03.439+0000] {logging_mixin.py:137} INFO - [2023-03-24T10:32:03.439+0000] {dagbag.py:538} INFO - Filling up the DagBag from /opt/airflow/dags/data_ingestion_local.py
[2023-03-24T10:32:03.890+0000] {processor.py:753} INFO - DAG(s) dict_keys(['LocalIngestionDag']) retrieved from /opt/airflow/dags/data_ingestion_local.py
[2023-03-24T10:32:03.914+0000] {logging_mixin.py:137} INFO - [2023-03-24T10:32:03.914+0000] {dag.py:2690} INFO - Sync 1 DAGs
[2023-03-24T10:32:03.942+0000] {logging_mixin.py:137} INFO - [2023-03-24T10:32:03.942+0000] {dag.py:3441} INFO - Setting next_dagrun for LocalIngestionDag to 2023-03-02T06:00:00+00:00, run_after=2023-04-02T06:00:00+00:00
[2023-03-24T10:32:03.960+0000] {processor.py:175} INFO - Processing /opt/airflow/dags/data_ingestion_local.py took 0.533 seconds
[2023-03-24T10:49:59.904+0000] {processor.py:153} INFO - Started process (PID=6027) to work on /opt/airflow/dags/data_ingestion_local.py
[2023-03-24T10:49:59.905+0000] {processor.py:743} INFO - Processing file /opt/airflow/dags/data_ingestion_local.py for tasks to queue
[2023-03-24T10:49:59.906+0000] {logging_mixin.py:137} INFO - [2023-03-24T10:49:59.906+0000] {dagbag.py:538} INFO - Filling up the DagBag from /opt/airflow/dags/data_ingestion_local.py
[2023-03-24T10:50:00.100+0000] {processor.py:753} INFO - DAG(s) dict_keys(['LocalIngestionDag']) retrieved from /opt/airflow/dags/data_ingestion_local.py
[2023-03-24T10:50:00.114+0000] {logging_mixin.py:137} INFO - [2023-03-24T10:50:00.114+0000] {dag.py:2690} INFO - Sync 1 DAGs
[2023-03-24T10:50:00.134+0000] {logging_mixin.py:137} INFO - [2023-03-24T10:50:00.134+0000] {dag.py:3441} INFO - Setting next_dagrun for LocalIngestionDag to 2023-03-02T06:00:00+00:00, run_after=2023-04-02T06:00:00+00:00
[2023-03-24T10:50:00.150+0000] {processor.py:175} INFO - Processing /opt/airflow/dags/data_ingestion_local.py took 0.249 seconds
[2023-03-24T10:50:30.615+0000] {processor.py:153} INFO - Started process (PID=6081) to work on /opt/airflow/dags/data_ingestion_local.py
[2023-03-24T10:50:30.616+0000] {processor.py:743} INFO - Processing file /opt/airflow/dags/data_ingestion_local.py for tasks to queue
[2023-03-24T10:50:30.616+0000] {logging_mixin.py:137} INFO - [2023-03-24T10:50:30.616+0000] {dagbag.py:538} INFO - Filling up the DagBag from /opt/airflow/dags/data_ingestion_local.py
[2023-03-24T10:50:30.786+0000] {processor.py:753} INFO - DAG(s) dict_keys(['LocalIngestionDag']) retrieved from /opt/airflow/dags/data_ingestion_local.py
[2023-03-24T10:50:30.799+0000] {logging_mixin.py:137} INFO - [2023-03-24T10:50:30.799+0000] {dag.py:2690} INFO - Sync 1 DAGs
[2023-03-24T10:50:30.816+0000] {logging_mixin.py:137} INFO - [2023-03-24T10:50:30.816+0000] {dag.py:3441} INFO - Setting next_dagrun for LocalIngestionDag to 2023-03-02T06:00:00+00:00, run_after=2023-04-02T06:00:00+00:00
[2023-03-24T10:50:30.833+0000] {processor.py:175} INFO - Processing /opt/airflow/dags/data_ingestion_local.py took 0.220 seconds
