[2023-03-24T09:46:17.339+0000] {processor.py:153} INFO - Started process (PID=36) to work on /opt/airflow/dags/transfer_gcp_to_bq.py
[2023-03-24T09:46:17.340+0000] {processor.py:743} INFO - Processing file /opt/airflow/dags/transfer_gcp_to_bq.py for tasks to queue
[2023-03-24T09:46:17.340+0000] {logging_mixin.py:137} INFO - [2023-03-24T09:46:17.340+0000] {dagbag.py:538} INFO - Filling up the DagBag from /opt/airflow/dags/transfer_gcp_to_bq.py
[2023-03-24T09:46:18.164+0000] {processor.py:753} INFO - DAG(s) dict_keys(['gcs_2_bq_dag']) retrieved from /opt/airflow/dags/transfer_gcp_to_bq.py
[2023-03-24T09:46:18.209+0000] {logging_mixin.py:137} INFO - [2023-03-24T09:46:18.208+0000] {dag.py:2690} INFO - Sync 1 DAGs
[2023-03-24T09:46:18.244+0000] {processor.py:175} INFO - Processing /opt/airflow/dags/transfer_gcp_to_bq.py took 0.908 seconds
[2023-03-24T09:46:48.793+0000] {processor.py:153} INFO - Started process (PID=105) to work on /opt/airflow/dags/transfer_gcp_to_bq.py
[2023-03-24T09:46:48.802+0000] {processor.py:743} INFO - Processing file /opt/airflow/dags/transfer_gcp_to_bq.py for tasks to queue
[2023-03-24T09:46:48.803+0000] {logging_mixin.py:137} INFO - [2023-03-24T09:46:48.803+0000] {dagbag.py:538} INFO - Filling up the DagBag from /opt/airflow/dags/transfer_gcp_to_bq.py
[2023-03-24T09:46:50.203+0000] {processor.py:753} INFO - DAG(s) dict_keys(['gcs_2_bq_dag']) retrieved from /opt/airflow/dags/transfer_gcp_to_bq.py
[2023-03-24T09:46:50.267+0000] {logging_mixin.py:137} INFO - [2023-03-24T09:46:50.266+0000] {dag.py:2690} INFO - Sync 1 DAGs
[2023-03-24T09:46:50.339+0000] {processor.py:175} INFO - Processing /opt/airflow/dags/transfer_gcp_to_bq.py took 1.551 seconds
[2023-03-24T09:47:20.520+0000] {processor.py:153} INFO - Started process (PID=143) to work on /opt/airflow/dags/transfer_gcp_to_bq.py
[2023-03-24T09:47:20.521+0000] {processor.py:743} INFO - Processing file /opt/airflow/dags/transfer_gcp_to_bq.py for tasks to queue
[2023-03-24T09:47:20.522+0000] {logging_mixin.py:137} INFO - [2023-03-24T09:47:20.522+0000] {dagbag.py:538} INFO - Filling up the DagBag from /opt/airflow/dags/transfer_gcp_to_bq.py
[2023-03-24T09:47:20.963+0000] {processor.py:753} INFO - DAG(s) dict_keys(['gcs_2_bq_dag']) retrieved from /opt/airflow/dags/transfer_gcp_to_bq.py
[2023-03-24T09:47:20.978+0000] {logging_mixin.py:137} INFO - [2023-03-24T09:47:20.977+0000] {dag.py:2690} INFO - Sync 1 DAGs
[2023-03-24T09:47:21.010+0000] {processor.py:175} INFO - Processing /opt/airflow/dags/transfer_gcp_to_bq.py took 0.493 seconds
[2023-03-24T09:47:51.217+0000] {processor.py:153} INFO - Started process (PID=198) to work on /opt/airflow/dags/transfer_gcp_to_bq.py
[2023-03-24T09:47:51.221+0000] {processor.py:743} INFO - Processing file /opt/airflow/dags/transfer_gcp_to_bq.py for tasks to queue
[2023-03-24T09:47:51.222+0000] {logging_mixin.py:137} INFO - [2023-03-24T09:47:51.222+0000] {dagbag.py:538} INFO - Filling up the DagBag from /opt/airflow/dags/transfer_gcp_to_bq.py
[2023-03-24T09:47:51.653+0000] {processor.py:753} INFO - DAG(s) dict_keys(['gcs_2_bq_dag']) retrieved from /opt/airflow/dags/transfer_gcp_to_bq.py
[2023-03-24T09:47:51.667+0000] {logging_mixin.py:137} INFO - [2023-03-24T09:47:51.666+0000] {dag.py:2690} INFO - Sync 1 DAGs
[2023-03-24T09:47:51.696+0000] {processor.py:175} INFO - Processing /opt/airflow/dags/transfer_gcp_to_bq.py took 0.484 seconds
[2023-03-24T09:48:21.857+0000] {processor.py:153} INFO - Started process (PID=235) to work on /opt/airflow/dags/transfer_gcp_to_bq.py
[2023-03-24T09:48:21.858+0000] {processor.py:743} INFO - Processing file /opt/airflow/dags/transfer_gcp_to_bq.py for tasks to queue
[2023-03-24T09:48:21.859+0000] {logging_mixin.py:137} INFO - [2023-03-24T09:48:21.859+0000] {dagbag.py:538} INFO - Filling up the DagBag from /opt/airflow/dags/transfer_gcp_to_bq.py
[2023-03-24T09:48:23.562+0000] {processor.py:753} INFO - DAG(s) dict_keys(['gcs_2_bq_dag']) retrieved from /opt/airflow/dags/transfer_gcp_to_bq.py
[2023-03-24T09:48:23.602+0000] {logging_mixin.py:137} INFO - [2023-03-24T09:48:23.602+0000] {dag.py:2690} INFO - Sync 1 DAGs
[2023-03-24T09:48:23.649+0000] {processor.py:175} INFO - Processing /opt/airflow/dags/transfer_gcp_to_bq.py took 1.796 seconds
[2023-03-24T09:48:54.241+0000] {processor.py:153} INFO - Started process (PID=288) to work on /opt/airflow/dags/transfer_gcp_to_bq.py
[2023-03-24T09:48:54.244+0000] {processor.py:743} INFO - Processing file /opt/airflow/dags/transfer_gcp_to_bq.py for tasks to queue
[2023-03-24T09:48:54.251+0000] {logging_mixin.py:137} INFO - [2023-03-24T09:48:54.250+0000] {dagbag.py:538} INFO - Filling up the DagBag from /opt/airflow/dags/transfer_gcp_to_bq.py
[2023-03-24T09:48:57.034+0000] {processor.py:753} INFO - DAG(s) dict_keys(['gcs_2_bq_dag']) retrieved from /opt/airflow/dags/transfer_gcp_to_bq.py
[2023-03-24T09:48:57.065+0000] {logging_mixin.py:137} INFO - [2023-03-24T09:48:57.065+0000] {dag.py:2690} INFO - Sync 1 DAGs
[2023-03-24T09:48:57.114+0000] {processor.py:175} INFO - Processing /opt/airflow/dags/transfer_gcp_to_bq.py took 2.884 seconds
[2023-03-24T09:49:27.424+0000] {processor.py:153} INFO - Started process (PID=326) to work on /opt/airflow/dags/transfer_gcp_to_bq.py
[2023-03-24T09:49:27.425+0000] {processor.py:743} INFO - Processing file /opt/airflow/dags/transfer_gcp_to_bq.py for tasks to queue
[2023-03-24T09:49:27.426+0000] {logging_mixin.py:137} INFO - [2023-03-24T09:49:27.426+0000] {dagbag.py:538} INFO - Filling up the DagBag from /opt/airflow/dags/transfer_gcp_to_bq.py
[2023-03-24T09:49:28.482+0000] {processor.py:753} INFO - DAG(s) dict_keys(['gcs_2_bq_dag']) retrieved from /opt/airflow/dags/transfer_gcp_to_bq.py
[2023-03-24T09:49:28.533+0000] {logging_mixin.py:137} INFO - [2023-03-24T09:49:28.532+0000] {dag.py:2690} INFO - Sync 1 DAGs
[2023-03-24T09:49:28.611+0000] {processor.py:175} INFO - Processing /opt/airflow/dags/transfer_gcp_to_bq.py took 1.196 seconds
[2023-03-24T09:49:58.786+0000] {processor.py:153} INFO - Started process (PID=380) to work on /opt/airflow/dags/transfer_gcp_to_bq.py
[2023-03-24T09:49:58.789+0000] {processor.py:743} INFO - Processing file /opt/airflow/dags/transfer_gcp_to_bq.py for tasks to queue
[2023-03-24T09:49:58.789+0000] {logging_mixin.py:137} INFO - [2023-03-24T09:49:58.789+0000] {dagbag.py:538} INFO - Filling up the DagBag from /opt/airflow/dags/transfer_gcp_to_bq.py
[2023-03-24T09:49:59.390+0000] {processor.py:753} INFO - DAG(s) dict_keys(['gcs_2_bq_dag']) retrieved from /opt/airflow/dags/transfer_gcp_to_bq.py
[2023-03-24T09:49:59.415+0000] {logging_mixin.py:137} INFO - [2023-03-24T09:49:59.414+0000] {dag.py:2690} INFO - Sync 1 DAGs
[2023-03-24T09:49:59.466+0000] {processor.py:175} INFO - Processing /opt/airflow/dags/transfer_gcp_to_bq.py took 0.683 seconds
[2023-03-24T09:50:29.654+0000] {processor.py:153} INFO - Started process (PID=427) to work on /opt/airflow/dags/transfer_gcp_to_bq.py
[2023-03-24T09:50:29.658+0000] {processor.py:743} INFO - Processing file /opt/airflow/dags/transfer_gcp_to_bq.py for tasks to queue
[2023-03-24T09:50:29.659+0000] {logging_mixin.py:137} INFO - [2023-03-24T09:50:29.659+0000] {dagbag.py:538} INFO - Filling up the DagBag from /opt/airflow/dags/transfer_gcp_to_bq.py
[2023-03-24T09:50:30.373+0000] {processor.py:753} INFO - DAG(s) dict_keys(['gcs_2_bq_dag']) retrieved from /opt/airflow/dags/transfer_gcp_to_bq.py
[2023-03-24T09:50:30.391+0000] {logging_mixin.py:137} INFO - [2023-03-24T09:50:30.390+0000] {dag.py:2690} INFO - Sync 1 DAGs
[2023-03-24T09:50:30.433+0000] {processor.py:175} INFO - Processing /opt/airflow/dags/transfer_gcp_to_bq.py took 0.782 seconds
[2023-03-24T09:51:00.825+0000] {processor.py:153} INFO - Started process (PID=472) to work on /opt/airflow/dags/transfer_gcp_to_bq.py
[2023-03-24T09:51:00.826+0000] {processor.py:743} INFO - Processing file /opt/airflow/dags/transfer_gcp_to_bq.py for tasks to queue
[2023-03-24T09:51:00.826+0000] {logging_mixin.py:137} INFO - [2023-03-24T09:51:00.826+0000] {dagbag.py:538} INFO - Filling up the DagBag from /opt/airflow/dags/transfer_gcp_to_bq.py
[2023-03-24T09:51:01.330+0000] {processor.py:753} INFO - DAG(s) dict_keys(['gcs_2_bq_dag']) retrieved from /opt/airflow/dags/transfer_gcp_to_bq.py
[2023-03-24T09:51:01.348+0000] {logging_mixin.py:137} INFO - [2023-03-24T09:51:01.348+0000] {dag.py:2690} INFO - Sync 1 DAGs
[2023-03-24T09:51:01.381+0000] {processor.py:175} INFO - Processing /opt/airflow/dags/transfer_gcp_to_bq.py took 0.561 seconds
[2023-03-24T09:51:31.554+0000] {processor.py:153} INFO - Started process (PID=529) to work on /opt/airflow/dags/transfer_gcp_to_bq.py
[2023-03-24T09:51:31.555+0000] {processor.py:743} INFO - Processing file /opt/airflow/dags/transfer_gcp_to_bq.py for tasks to queue
[2023-03-24T09:51:31.556+0000] {logging_mixin.py:137} INFO - [2023-03-24T09:51:31.556+0000] {dagbag.py:538} INFO - Filling up the DagBag from /opt/airflow/dags/transfer_gcp_to_bq.py
[2023-03-24T09:51:32.566+0000] {processor.py:753} INFO - DAG(s) dict_keys(['gcs_2_bq_dag']) retrieved from /opt/airflow/dags/transfer_gcp_to_bq.py
[2023-03-24T09:51:32.591+0000] {logging_mixin.py:137} INFO - [2023-03-24T09:51:32.590+0000] {dag.py:2690} INFO - Sync 1 DAGs
[2023-03-24T09:51:32.635+0000] {processor.py:175} INFO - Processing /opt/airflow/dags/transfer_gcp_to_bq.py took 1.086 seconds
[2023-03-24T09:52:02.829+0000] {processor.py:153} INFO - Started process (PID=566) to work on /opt/airflow/dags/transfer_gcp_to_bq.py
[2023-03-24T09:52:02.830+0000] {processor.py:743} INFO - Processing file /opt/airflow/dags/transfer_gcp_to_bq.py for tasks to queue
[2023-03-24T09:52:02.831+0000] {logging_mixin.py:137} INFO - [2023-03-24T09:52:02.831+0000] {dagbag.py:538} INFO - Filling up the DagBag from /opt/airflow/dags/transfer_gcp_to_bq.py
[2023-03-24T09:52:03.316+0000] {processor.py:753} INFO - DAG(s) dict_keys(['gcs_2_bq_dag']) retrieved from /opt/airflow/dags/transfer_gcp_to_bq.py
[2023-03-24T09:52:03.331+0000] {logging_mixin.py:137} INFO - [2023-03-24T09:52:03.331+0000] {dag.py:2690} INFO - Sync 1 DAGs
[2023-03-24T09:52:03.356+0000] {logging_mixin.py:137} INFO - [2023-03-24T09:52:03.356+0000] {dag.py:3441} INFO - Setting next_dagrun for gcs_2_bq_dag to 2023-03-24T00:00:00+00:00, run_after=2023-03-25T00:00:00+00:00
[2023-03-24T09:52:03.372+0000] {processor.py:175} INFO - Processing /opt/airflow/dags/transfer_gcp_to_bq.py took 0.547 seconds
[2023-03-24T09:52:33.549+0000] {processor.py:153} INFO - Started process (PID=621) to work on /opt/airflow/dags/transfer_gcp_to_bq.py
[2023-03-24T09:52:33.553+0000] {processor.py:743} INFO - Processing file /opt/airflow/dags/transfer_gcp_to_bq.py for tasks to queue
[2023-03-24T09:52:33.553+0000] {logging_mixin.py:137} INFO - [2023-03-24T09:52:33.553+0000] {dagbag.py:538} INFO - Filling up the DagBag from /opt/airflow/dags/transfer_gcp_to_bq.py
[2023-03-24T09:52:34.032+0000] {processor.py:753} INFO - DAG(s) dict_keys(['gcs_2_bq_dag']) retrieved from /opt/airflow/dags/transfer_gcp_to_bq.py
[2023-03-24T09:52:34.046+0000] {logging_mixin.py:137} INFO - [2023-03-24T09:52:34.045+0000] {dag.py:2690} INFO - Sync 1 DAGs
[2023-03-24T09:52:34.064+0000] {logging_mixin.py:137} INFO - [2023-03-24T09:52:34.064+0000] {dag.py:3441} INFO - Setting next_dagrun for gcs_2_bq_dag to 2023-03-24T00:00:00+00:00, run_after=2023-03-25T00:00:00+00:00
[2023-03-24T09:52:34.079+0000] {processor.py:175} INFO - Processing /opt/airflow/dags/transfer_gcp_to_bq.py took 0.534 seconds
[2023-03-24T09:53:04.240+0000] {processor.py:153} INFO - Started process (PID=668) to work on /opt/airflow/dags/transfer_gcp_to_bq.py
[2023-03-24T09:53:04.243+0000] {processor.py:743} INFO - Processing file /opt/airflow/dags/transfer_gcp_to_bq.py for tasks to queue
[2023-03-24T09:53:04.244+0000] {logging_mixin.py:137} INFO - [2023-03-24T09:53:04.244+0000] {dagbag.py:538} INFO - Filling up the DagBag from /opt/airflow/dags/transfer_gcp_to_bq.py
[2023-03-24T09:53:04.876+0000] {processor.py:753} INFO - DAG(s) dict_keys(['gcs_2_bq_dag']) retrieved from /opt/airflow/dags/transfer_gcp_to_bq.py
[2023-03-24T09:53:04.899+0000] {logging_mixin.py:137} INFO - [2023-03-24T09:53:04.898+0000] {dag.py:2690} INFO - Sync 1 DAGs
[2023-03-24T09:53:04.936+0000] {logging_mixin.py:137} INFO - [2023-03-24T09:53:04.936+0000] {dag.py:3441} INFO - Setting next_dagrun for gcs_2_bq_dag to 2023-03-24T00:00:00+00:00, run_after=2023-03-25T00:00:00+00:00
[2023-03-24T09:53:04.954+0000] {processor.py:175} INFO - Processing /opt/airflow/dags/transfer_gcp_to_bq.py took 0.717 seconds
[2023-03-24T09:53:35.186+0000] {processor.py:153} INFO - Started process (PID=713) to work on /opt/airflow/dags/transfer_gcp_to_bq.py
[2023-03-24T09:53:35.189+0000] {processor.py:743} INFO - Processing file /opt/airflow/dags/transfer_gcp_to_bq.py for tasks to queue
[2023-03-24T09:53:35.189+0000] {logging_mixin.py:137} INFO - [2023-03-24T09:53:35.189+0000] {dagbag.py:538} INFO - Filling up the DagBag from /opt/airflow/dags/transfer_gcp_to_bq.py
[2023-03-24T09:53:35.704+0000] {processor.py:753} INFO - DAG(s) dict_keys(['gcs_2_bq_dag']) retrieved from /opt/airflow/dags/transfer_gcp_to_bq.py
[2023-03-24T09:53:35.718+0000] {logging_mixin.py:137} INFO - [2023-03-24T09:53:35.718+0000] {dag.py:2690} INFO - Sync 1 DAGs
[2023-03-24T09:53:35.738+0000] {logging_mixin.py:137} INFO - [2023-03-24T09:53:35.737+0000] {dag.py:3441} INFO - Setting next_dagrun for gcs_2_bq_dag to 2023-03-24T00:00:00+00:00, run_after=2023-03-25T00:00:00+00:00
[2023-03-24T09:53:35.751+0000] {processor.py:175} INFO - Processing /opt/airflow/dags/transfer_gcp_to_bq.py took 0.568 seconds
[2023-03-24T09:54:05.925+0000] {processor.py:153} INFO - Started process (PID=767) to work on /opt/airflow/dags/transfer_gcp_to_bq.py
[2023-03-24T09:54:05.926+0000] {processor.py:743} INFO - Processing file /opt/airflow/dags/transfer_gcp_to_bq.py for tasks to queue
[2023-03-24T09:54:05.926+0000] {logging_mixin.py:137} INFO - [2023-03-24T09:54:05.926+0000] {dagbag.py:538} INFO - Filling up the DagBag from /opt/airflow/dags/transfer_gcp_to_bq.py
[2023-03-24T09:54:06.392+0000] {processor.py:753} INFO - DAG(s) dict_keys(['gcs_2_bq_dag']) retrieved from /opt/airflow/dags/transfer_gcp_to_bq.py
[2023-03-24T09:54:06.407+0000] {logging_mixin.py:137} INFO - [2023-03-24T09:54:06.406+0000] {dag.py:2690} INFO - Sync 1 DAGs
[2023-03-24T09:54:06.428+0000] {logging_mixin.py:137} INFO - [2023-03-24T09:54:06.428+0000] {dag.py:3441} INFO - Setting next_dagrun for gcs_2_bq_dag to 2023-03-24T00:00:00+00:00, run_after=2023-03-25T00:00:00+00:00
[2023-03-24T09:54:06.446+0000] {processor.py:175} INFO - Processing /opt/airflow/dags/transfer_gcp_to_bq.py took 0.526 seconds
[2023-03-24T09:54:36.639+0000] {processor.py:153} INFO - Started process (PID=805) to work on /opt/airflow/dags/transfer_gcp_to_bq.py
[2023-03-24T09:54:36.643+0000] {processor.py:743} INFO - Processing file /opt/airflow/dags/transfer_gcp_to_bq.py for tasks to queue
[2023-03-24T09:54:36.644+0000] {logging_mixin.py:137} INFO - [2023-03-24T09:54:36.644+0000] {dagbag.py:538} INFO - Filling up the DagBag from /opt/airflow/dags/transfer_gcp_to_bq.py
[2023-03-24T09:54:37.139+0000] {processor.py:753} INFO - DAG(s) dict_keys(['gcs_2_bq_dag']) retrieved from /opt/airflow/dags/transfer_gcp_to_bq.py
[2023-03-24T09:54:37.155+0000] {logging_mixin.py:137} INFO - [2023-03-24T09:54:37.154+0000] {dag.py:2690} INFO - Sync 1 DAGs
[2023-03-24T09:54:37.176+0000] {logging_mixin.py:137} INFO - [2023-03-24T09:54:37.176+0000] {dag.py:3441} INFO - Setting next_dagrun for gcs_2_bq_dag to 2023-03-24T00:00:00+00:00, run_after=2023-03-25T00:00:00+00:00
[2023-03-24T09:54:37.192+0000] {processor.py:175} INFO - Processing /opt/airflow/dags/transfer_gcp_to_bq.py took 0.556 seconds
[2023-03-24T09:55:07.389+0000] {processor.py:153} INFO - Started process (PID=860) to work on /opt/airflow/dags/transfer_gcp_to_bq.py
[2023-03-24T09:55:07.393+0000] {processor.py:743} INFO - Processing file /opt/airflow/dags/transfer_gcp_to_bq.py for tasks to queue
[2023-03-24T09:55:07.393+0000] {logging_mixin.py:137} INFO - [2023-03-24T09:55:07.393+0000] {dagbag.py:538} INFO - Filling up the DagBag from /opt/airflow/dags/transfer_gcp_to_bq.py
[2023-03-24T09:55:07.871+0000] {processor.py:753} INFO - DAG(s) dict_keys(['gcs_2_bq_dag']) retrieved from /opt/airflow/dags/transfer_gcp_to_bq.py
[2023-03-24T09:55:07.886+0000] {logging_mixin.py:137} INFO - [2023-03-24T09:55:07.886+0000] {dag.py:2690} INFO - Sync 1 DAGs
[2023-03-24T09:55:07.905+0000] {logging_mixin.py:137} INFO - [2023-03-24T09:55:07.905+0000] {dag.py:3441} INFO - Setting next_dagrun for gcs_2_bq_dag to 2023-03-24T00:00:00+00:00, run_after=2023-03-25T00:00:00+00:00
[2023-03-24T09:55:07.920+0000] {processor.py:175} INFO - Processing /opt/airflow/dags/transfer_gcp_to_bq.py took 0.535 seconds
[2023-03-24T09:55:38.077+0000] {processor.py:153} INFO - Started process (PID=914) to work on /opt/airflow/dags/transfer_gcp_to_bq.py
[2023-03-24T09:55:38.079+0000] {processor.py:743} INFO - Processing file /opt/airflow/dags/transfer_gcp_to_bq.py for tasks to queue
[2023-03-24T09:55:38.079+0000] {logging_mixin.py:137} INFO - [2023-03-24T09:55:38.079+0000] {dagbag.py:538} INFO - Filling up the DagBag from /opt/airflow/dags/transfer_gcp_to_bq.py
[2023-03-24T09:55:38.642+0000] {processor.py:753} INFO - DAG(s) dict_keys(['gcs_2_bq_dag']) retrieved from /opt/airflow/dags/transfer_gcp_to_bq.py
[2023-03-24T09:55:38.667+0000] {logging_mixin.py:137} INFO - [2023-03-24T09:55:38.666+0000] {dag.py:2690} INFO - Sync 1 DAGs
[2023-03-24T09:55:38.702+0000] {logging_mixin.py:137} INFO - [2023-03-24T09:55:38.701+0000] {dag.py:3441} INFO - Setting next_dagrun for gcs_2_bq_dag to 2023-03-24T00:00:00+00:00, run_after=2023-03-25T00:00:00+00:00
[2023-03-24T09:55:38.725+0000] {processor.py:175} INFO - Processing /opt/airflow/dags/transfer_gcp_to_bq.py took 0.651 seconds
[2023-03-24T09:56:08.894+0000] {processor.py:153} INFO - Started process (PID=952) to work on /opt/airflow/dags/transfer_gcp_to_bq.py
[2023-03-24T09:56:08.895+0000] {processor.py:743} INFO - Processing file /opt/airflow/dags/transfer_gcp_to_bq.py for tasks to queue
[2023-03-24T09:56:08.895+0000] {logging_mixin.py:137} INFO - [2023-03-24T09:56:08.895+0000] {dagbag.py:538} INFO - Filling up the DagBag from /opt/airflow/dags/transfer_gcp_to_bq.py
[2023-03-24T09:56:09.543+0000] {processor.py:753} INFO - DAG(s) dict_keys(['gcs_2_bq_dag']) retrieved from /opt/airflow/dags/transfer_gcp_to_bq.py
[2023-03-24T09:56:09.562+0000] {logging_mixin.py:137} INFO - [2023-03-24T09:56:09.561+0000] {dag.py:2690} INFO - Sync 1 DAGs
[2023-03-24T09:56:09.585+0000] {logging_mixin.py:137} INFO - [2023-03-24T09:56:09.585+0000] {dag.py:3441} INFO - Setting next_dagrun for gcs_2_bq_dag to 2023-03-24T00:00:00+00:00, run_after=2023-03-25T00:00:00+00:00
[2023-03-24T09:56:09.601+0000] {processor.py:175} INFO - Processing /opt/airflow/dags/transfer_gcp_to_bq.py took 0.710 seconds
[2023-03-24T09:56:39.783+0000] {processor.py:153} INFO - Started process (PID=1006) to work on /opt/airflow/dags/transfer_gcp_to_bq.py
[2023-03-24T09:56:39.784+0000] {processor.py:743} INFO - Processing file /opt/airflow/dags/transfer_gcp_to_bq.py for tasks to queue
[2023-03-24T09:56:39.784+0000] {logging_mixin.py:137} INFO - [2023-03-24T09:56:39.784+0000] {dagbag.py:538} INFO - Filling up the DagBag from /opt/airflow/dags/transfer_gcp_to_bq.py
[2023-03-24T09:56:40.363+0000] {processor.py:753} INFO - DAG(s) dict_keys(['gcs_2_bq_dag']) retrieved from /opt/airflow/dags/transfer_gcp_to_bq.py
[2023-03-24T09:56:40.377+0000] {logging_mixin.py:137} INFO - [2023-03-24T09:56:40.376+0000] {dag.py:2690} INFO - Sync 1 DAGs
[2023-03-24T09:56:40.396+0000] {logging_mixin.py:137} INFO - [2023-03-24T09:56:40.396+0000] {dag.py:3441} INFO - Setting next_dagrun for gcs_2_bq_dag to 2023-03-24T00:00:00+00:00, run_after=2023-03-25T00:00:00+00:00
[2023-03-24T09:56:40.411+0000] {processor.py:175} INFO - Processing /opt/airflow/dags/transfer_gcp_to_bq.py took 0.631 seconds
[2023-03-24T09:57:10.559+0000] {processor.py:153} INFO - Started process (PID=1061) to work on /opt/airflow/dags/transfer_gcp_to_bq.py
[2023-03-24T09:57:10.560+0000] {processor.py:743} INFO - Processing file /opt/airflow/dags/transfer_gcp_to_bq.py for tasks to queue
[2023-03-24T09:57:10.560+0000] {logging_mixin.py:137} INFO - [2023-03-24T09:57:10.560+0000] {dagbag.py:538} INFO - Filling up the DagBag from /opt/airflow/dags/transfer_gcp_to_bq.py
[2023-03-24T09:57:11.160+0000] {processor.py:753} INFO - DAG(s) dict_keys(['gcs_2_bq_dag']) retrieved from /opt/airflow/dags/transfer_gcp_to_bq.py
[2023-03-24T09:57:11.176+0000] {logging_mixin.py:137} INFO - [2023-03-24T09:57:11.176+0000] {dag.py:2690} INFO - Sync 1 DAGs
[2023-03-24T09:57:11.197+0000] {logging_mixin.py:137} INFO - [2023-03-24T09:57:11.197+0000] {dag.py:3441} INFO - Setting next_dagrun for gcs_2_bq_dag to 2023-03-24T00:00:00+00:00, run_after=2023-03-25T00:00:00+00:00
[2023-03-24T09:57:11.211+0000] {processor.py:175} INFO - Processing /opt/airflow/dags/transfer_gcp_to_bq.py took 0.655 seconds
[2023-03-24T09:57:41.367+0000] {processor.py:153} INFO - Started process (PID=1099) to work on /opt/airflow/dags/transfer_gcp_to_bq.py
[2023-03-24T09:57:41.367+0000] {processor.py:743} INFO - Processing file /opt/airflow/dags/transfer_gcp_to_bq.py for tasks to queue
[2023-03-24T09:57:41.368+0000] {logging_mixin.py:137} INFO - [2023-03-24T09:57:41.368+0000] {dagbag.py:538} INFO - Filling up the DagBag from /opt/airflow/dags/transfer_gcp_to_bq.py
[2023-03-24T09:57:41.900+0000] {processor.py:753} INFO - DAG(s) dict_keys(['gcs_2_bq_dag']) retrieved from /opt/airflow/dags/transfer_gcp_to_bq.py
[2023-03-24T09:57:41.913+0000] {logging_mixin.py:137} INFO - [2023-03-24T09:57:41.913+0000] {dag.py:2690} INFO - Sync 1 DAGs
[2023-03-24T09:57:41.934+0000] {logging_mixin.py:137} INFO - [2023-03-24T09:57:41.933+0000] {dag.py:3441} INFO - Setting next_dagrun for gcs_2_bq_dag to 2023-03-24T00:00:00+00:00, run_after=2023-03-25T00:00:00+00:00
[2023-03-24T09:57:41.949+0000] {processor.py:175} INFO - Processing /opt/airflow/dags/transfer_gcp_to_bq.py took 0.588 seconds
[2023-03-24T09:58:12.085+0000] {processor.py:153} INFO - Started process (PID=1152) to work on /opt/airflow/dags/transfer_gcp_to_bq.py
[2023-03-24T09:58:12.086+0000] {processor.py:743} INFO - Processing file /opt/airflow/dags/transfer_gcp_to_bq.py for tasks to queue
[2023-03-24T09:58:12.086+0000] {logging_mixin.py:137} INFO - [2023-03-24T09:58:12.086+0000] {dagbag.py:538} INFO - Filling up the DagBag from /opt/airflow/dags/transfer_gcp_to_bq.py
[2023-03-24T09:58:12.593+0000] {processor.py:753} INFO - DAG(s) dict_keys(['gcs_2_bq_dag']) retrieved from /opt/airflow/dags/transfer_gcp_to_bq.py
[2023-03-24T09:58:12.610+0000] {logging_mixin.py:137} INFO - [2023-03-24T09:58:12.610+0000] {dag.py:2690} INFO - Sync 1 DAGs
[2023-03-24T09:58:12.629+0000] {logging_mixin.py:137} INFO - [2023-03-24T09:58:12.629+0000] {dag.py:3441} INFO - Setting next_dagrun for gcs_2_bq_dag to 2023-03-24T00:00:00+00:00, run_after=2023-03-25T00:00:00+00:00
[2023-03-24T09:58:12.645+0000] {processor.py:175} INFO - Processing /opt/airflow/dags/transfer_gcp_to_bq.py took 0.564 seconds
[2023-03-24T09:58:42.819+0000] {processor.py:153} INFO - Started process (PID=1190) to work on /opt/airflow/dags/transfer_gcp_to_bq.py
[2023-03-24T09:58:42.820+0000] {processor.py:743} INFO - Processing file /opt/airflow/dags/transfer_gcp_to_bq.py for tasks to queue
[2023-03-24T09:58:42.820+0000] {logging_mixin.py:137} INFO - [2023-03-24T09:58:42.820+0000] {dagbag.py:538} INFO - Filling up the DagBag from /opt/airflow/dags/transfer_gcp_to_bq.py
[2023-03-24T09:58:43.311+0000] {processor.py:753} INFO - DAG(s) dict_keys(['gcs_2_bq_dag']) retrieved from /opt/airflow/dags/transfer_gcp_to_bq.py
[2023-03-24T09:58:43.325+0000] {logging_mixin.py:137} INFO - [2023-03-24T09:58:43.325+0000] {dag.py:2690} INFO - Sync 1 DAGs
[2023-03-24T09:58:43.345+0000] {logging_mixin.py:137} INFO - [2023-03-24T09:58:43.344+0000] {dag.py:3441} INFO - Setting next_dagrun for gcs_2_bq_dag to 2023-03-24T00:00:00+00:00, run_after=2023-03-25T00:00:00+00:00
[2023-03-24T09:58:43.364+0000] {processor.py:175} INFO - Processing /opt/airflow/dags/transfer_gcp_to_bq.py took 0.547 seconds
[2023-03-24T09:59:13.530+0000] {processor.py:153} INFO - Started process (PID=1245) to work on /opt/airflow/dags/transfer_gcp_to_bq.py
[2023-03-24T09:59:13.530+0000] {processor.py:743} INFO - Processing file /opt/airflow/dags/transfer_gcp_to_bq.py for tasks to queue
[2023-03-24T09:59:13.531+0000] {logging_mixin.py:137} INFO - [2023-03-24T09:59:13.531+0000] {dagbag.py:538} INFO - Filling up the DagBag from /opt/airflow/dags/transfer_gcp_to_bq.py
[2023-03-24T09:59:14.109+0000] {processor.py:753} INFO - DAG(s) dict_keys(['gcs_2_bq_dag']) retrieved from /opt/airflow/dags/transfer_gcp_to_bq.py
[2023-03-24T09:59:14.127+0000] {logging_mixin.py:137} INFO - [2023-03-24T09:59:14.126+0000] {dag.py:2690} INFO - Sync 1 DAGs
[2023-03-24T09:59:14.149+0000] {logging_mixin.py:137} INFO - [2023-03-24T09:59:14.149+0000] {dag.py:3441} INFO - Setting next_dagrun for gcs_2_bq_dag to 2023-03-24T00:00:00+00:00, run_after=2023-03-25T00:00:00+00:00
[2023-03-24T09:59:14.165+0000] {processor.py:175} INFO - Processing /opt/airflow/dags/transfer_gcp_to_bq.py took 0.638 seconds
[2023-03-24T09:59:44.287+0000] {processor.py:153} INFO - Started process (PID=1299) to work on /opt/airflow/dags/transfer_gcp_to_bq.py
[2023-03-24T09:59:44.288+0000] {processor.py:743} INFO - Processing file /opt/airflow/dags/transfer_gcp_to_bq.py for tasks to queue
[2023-03-24T09:59:44.289+0000] {logging_mixin.py:137} INFO - [2023-03-24T09:59:44.288+0000] {dagbag.py:538} INFO - Filling up the DagBag from /opt/airflow/dags/transfer_gcp_to_bq.py
[2023-03-24T09:59:44.898+0000] {processor.py:753} INFO - DAG(s) dict_keys(['gcs_2_bq_dag']) retrieved from /opt/airflow/dags/transfer_gcp_to_bq.py
[2023-03-24T09:59:44.914+0000] {logging_mixin.py:137} INFO - [2023-03-24T09:59:44.914+0000] {dag.py:2690} INFO - Sync 1 DAGs
[2023-03-24T09:59:44.936+0000] {logging_mixin.py:137} INFO - [2023-03-24T09:59:44.935+0000] {dag.py:3441} INFO - Setting next_dagrun for gcs_2_bq_dag to 2023-03-24T00:00:00+00:00, run_after=2023-03-25T00:00:00+00:00
[2023-03-24T09:59:44.951+0000] {processor.py:175} INFO - Processing /opt/airflow/dags/transfer_gcp_to_bq.py took 0.666 seconds
[2023-03-24T10:00:15.114+0000] {processor.py:153} INFO - Started process (PID=1337) to work on /opt/airflow/dags/transfer_gcp_to_bq.py
[2023-03-24T10:00:15.114+0000] {processor.py:743} INFO - Processing file /opt/airflow/dags/transfer_gcp_to_bq.py for tasks to queue
[2023-03-24T10:00:15.115+0000] {logging_mixin.py:137} INFO - [2023-03-24T10:00:15.115+0000] {dagbag.py:538} INFO - Filling up the DagBag from /opt/airflow/dags/transfer_gcp_to_bq.py
[2023-03-24T10:00:15.610+0000] {processor.py:753} INFO - DAG(s) dict_keys(['gcs_2_bq_dag']) retrieved from /opt/airflow/dags/transfer_gcp_to_bq.py
[2023-03-24T10:00:15.625+0000] {logging_mixin.py:137} INFO - [2023-03-24T10:00:15.624+0000] {dag.py:2690} INFO - Sync 1 DAGs
[2023-03-24T10:00:15.645+0000] {logging_mixin.py:137} INFO - [2023-03-24T10:00:15.645+0000] {dag.py:3441} INFO - Setting next_dagrun for gcs_2_bq_dag to 2023-03-24T00:00:00+00:00, run_after=2023-03-25T00:00:00+00:00
[2023-03-24T10:00:15.664+0000] {processor.py:175} INFO - Processing /opt/airflow/dags/transfer_gcp_to_bq.py took 0.553 seconds
[2023-03-24T10:00:45.838+0000] {processor.py:153} INFO - Started process (PID=1391) to work on /opt/airflow/dags/transfer_gcp_to_bq.py
[2023-03-24T10:00:45.838+0000] {processor.py:743} INFO - Processing file /opt/airflow/dags/transfer_gcp_to_bq.py for tasks to queue
[2023-03-24T10:00:45.839+0000] {logging_mixin.py:137} INFO - [2023-03-24T10:00:45.839+0000] {dagbag.py:538} INFO - Filling up the DagBag from /opt/airflow/dags/transfer_gcp_to_bq.py
[2023-03-24T10:00:46.293+0000] {processor.py:753} INFO - DAG(s) dict_keys(['gcs_2_bq_dag']) retrieved from /opt/airflow/dags/transfer_gcp_to_bq.py
[2023-03-24T10:00:46.308+0000] {logging_mixin.py:137} INFO - [2023-03-24T10:00:46.307+0000] {dag.py:2690} INFO - Sync 1 DAGs
[2023-03-24T10:00:46.326+0000] {logging_mixin.py:137} INFO - [2023-03-24T10:00:46.325+0000] {dag.py:3441} INFO - Setting next_dagrun for gcs_2_bq_dag to 2023-03-24T00:00:00+00:00, run_after=2023-03-25T00:00:00+00:00
[2023-03-24T10:00:46.339+0000] {processor.py:175} INFO - Processing /opt/airflow/dags/transfer_gcp_to_bq.py took 0.503 seconds
[2023-03-24T10:01:16.512+0000] {processor.py:153} INFO - Started process (PID=1444) to work on /opt/airflow/dags/transfer_gcp_to_bq.py
[2023-03-24T10:01:16.513+0000] {processor.py:743} INFO - Processing file /opt/airflow/dags/transfer_gcp_to_bq.py for tasks to queue
[2023-03-24T10:01:16.515+0000] {logging_mixin.py:137} INFO - [2023-03-24T10:01:16.514+0000] {dagbag.py:538} INFO - Filling up the DagBag from /opt/airflow/dags/transfer_gcp_to_bq.py
[2023-03-24T10:01:17.003+0000] {processor.py:753} INFO - DAG(s) dict_keys(['gcs_2_bq_dag']) retrieved from /opt/airflow/dags/transfer_gcp_to_bq.py
[2023-03-24T10:01:17.020+0000] {logging_mixin.py:137} INFO - [2023-03-24T10:01:17.019+0000] {dag.py:2690} INFO - Sync 1 DAGs
[2023-03-24T10:01:17.047+0000] {logging_mixin.py:137} INFO - [2023-03-24T10:01:17.047+0000] {dag.py:3441} INFO - Setting next_dagrun for gcs_2_bq_dag to 2023-03-24T00:00:00+00:00, run_after=2023-03-25T00:00:00+00:00
[2023-03-24T10:01:17.062+0000] {processor.py:175} INFO - Processing /opt/airflow/dags/transfer_gcp_to_bq.py took 0.555 seconds
[2023-03-24T10:01:47.254+0000] {processor.py:153} INFO - Started process (PID=1482) to work on /opt/airflow/dags/transfer_gcp_to_bq.py
[2023-03-24T10:01:47.255+0000] {processor.py:743} INFO - Processing file /opt/airflow/dags/transfer_gcp_to_bq.py for tasks to queue
[2023-03-24T10:01:47.256+0000] {logging_mixin.py:137} INFO - [2023-03-24T10:01:47.256+0000] {dagbag.py:538} INFO - Filling up the DagBag from /opt/airflow/dags/transfer_gcp_to_bq.py
[2023-03-24T10:01:47.778+0000] {processor.py:753} INFO - DAG(s) dict_keys(['gcs_2_bq_dag']) retrieved from /opt/airflow/dags/transfer_gcp_to_bq.py
[2023-03-24T10:01:47.792+0000] {logging_mixin.py:137} INFO - [2023-03-24T10:01:47.792+0000] {dag.py:2690} INFO - Sync 1 DAGs
[2023-03-24T10:01:47.811+0000] {logging_mixin.py:137} INFO - [2023-03-24T10:01:47.810+0000] {dag.py:3441} INFO - Setting next_dagrun for gcs_2_bq_dag to 2023-03-24T00:00:00+00:00, run_after=2023-03-25T00:00:00+00:00
[2023-03-24T10:01:47.827+0000] {processor.py:175} INFO - Processing /opt/airflow/dags/transfer_gcp_to_bq.py took 0.576 seconds
[2023-03-24T10:02:17.995+0000] {processor.py:153} INFO - Started process (PID=1536) to work on /opt/airflow/dags/transfer_gcp_to_bq.py
[2023-03-24T10:02:17.996+0000] {processor.py:743} INFO - Processing file /opt/airflow/dags/transfer_gcp_to_bq.py for tasks to queue
[2023-03-24T10:02:17.996+0000] {logging_mixin.py:137} INFO - [2023-03-24T10:02:17.996+0000] {dagbag.py:538} INFO - Filling up the DagBag from /opt/airflow/dags/transfer_gcp_to_bq.py
[2023-03-24T10:02:18.429+0000] {processor.py:753} INFO - DAG(s) dict_keys(['gcs_2_bq_dag']) retrieved from /opt/airflow/dags/transfer_gcp_to_bq.py
[2023-03-24T10:02:18.444+0000] {logging_mixin.py:137} INFO - [2023-03-24T10:02:18.443+0000] {dag.py:2690} INFO - Sync 1 DAGs
[2023-03-24T10:02:18.460+0000] {logging_mixin.py:137} INFO - [2023-03-24T10:02:18.460+0000] {dag.py:3441} INFO - Setting next_dagrun for gcs_2_bq_dag to 2023-03-24T00:00:00+00:00, run_after=2023-03-25T00:00:00+00:00
[2023-03-24T10:02:18.475+0000] {processor.py:175} INFO - Processing /opt/airflow/dags/transfer_gcp_to_bq.py took 0.482 seconds
[2023-03-24T10:02:48.646+0000] {processor.py:153} INFO - Started process (PID=1590) to work on /opt/airflow/dags/transfer_gcp_to_bq.py
[2023-03-24T10:02:48.646+0000] {processor.py:743} INFO - Processing file /opt/airflow/dags/transfer_gcp_to_bq.py for tasks to queue
[2023-03-24T10:02:48.647+0000] {logging_mixin.py:137} INFO - [2023-03-24T10:02:48.647+0000] {dagbag.py:538} INFO - Filling up the DagBag from /opt/airflow/dags/transfer_gcp_to_bq.py
[2023-03-24T10:02:49.111+0000] {processor.py:753} INFO - DAG(s) dict_keys(['gcs_2_bq_dag']) retrieved from /opt/airflow/dags/transfer_gcp_to_bq.py
[2023-03-24T10:02:49.126+0000] {logging_mixin.py:137} INFO - [2023-03-24T10:02:49.125+0000] {dag.py:2690} INFO - Sync 1 DAGs
[2023-03-24T10:02:49.144+0000] {logging_mixin.py:137} INFO - [2023-03-24T10:02:49.144+0000] {dag.py:3441} INFO - Setting next_dagrun for gcs_2_bq_dag to 2023-03-24T00:00:00+00:00, run_after=2023-03-25T00:00:00+00:00
[2023-03-24T10:02:49.159+0000] {processor.py:175} INFO - Processing /opt/airflow/dags/transfer_gcp_to_bq.py took 0.517 seconds
[2023-03-24T10:03:19.301+0000] {processor.py:153} INFO - Started process (PID=1627) to work on /opt/airflow/dags/transfer_gcp_to_bq.py
[2023-03-24T10:03:19.302+0000] {processor.py:743} INFO - Processing file /opt/airflow/dags/transfer_gcp_to_bq.py for tasks to queue
[2023-03-24T10:03:19.302+0000] {logging_mixin.py:137} INFO - [2023-03-24T10:03:19.302+0000] {dagbag.py:538} INFO - Filling up the DagBag from /opt/airflow/dags/transfer_gcp_to_bq.py
[2023-03-24T10:03:20.487+0000] {processor.py:753} INFO - DAG(s) dict_keys(['gcs_2_bq_dag']) retrieved from /opt/airflow/dags/transfer_gcp_to_bq.py
[2023-03-24T10:03:20.507+0000] {logging_mixin.py:137} INFO - [2023-03-24T10:03:20.507+0000] {dag.py:2690} INFO - Sync 1 DAGs
[2023-03-24T10:03:20.536+0000] {logging_mixin.py:137} INFO - [2023-03-24T10:03:20.535+0000] {dag.py:3441} INFO - Setting next_dagrun for gcs_2_bq_dag to 2023-03-24T00:00:00+00:00, run_after=2023-03-25T00:00:00+00:00
[2023-03-24T10:03:20.556+0000] {processor.py:175} INFO - Processing /opt/airflow/dags/transfer_gcp_to_bq.py took 1.258 seconds
[2023-03-24T10:03:50.678+0000] {processor.py:153} INFO - Started process (PID=1681) to work on /opt/airflow/dags/transfer_gcp_to_bq.py
[2023-03-24T10:03:50.679+0000] {processor.py:743} INFO - Processing file /opt/airflow/dags/transfer_gcp_to_bq.py for tasks to queue
[2023-03-24T10:03:50.679+0000] {logging_mixin.py:137} INFO - [2023-03-24T10:03:50.679+0000] {dagbag.py:538} INFO - Filling up the DagBag from /opt/airflow/dags/transfer_gcp_to_bq.py
[2023-03-24T10:03:51.199+0000] {processor.py:753} INFO - DAG(s) dict_keys(['gcs_2_bq_dag']) retrieved from /opt/airflow/dags/transfer_gcp_to_bq.py
[2023-03-24T10:03:51.221+0000] {logging_mixin.py:137} INFO - [2023-03-24T10:03:51.220+0000] {dag.py:2690} INFO - Sync 1 DAGs
[2023-03-24T10:03:51.245+0000] {logging_mixin.py:137} INFO - [2023-03-24T10:03:51.245+0000] {dag.py:3441} INFO - Setting next_dagrun for gcs_2_bq_dag to 2023-03-24T00:00:00+00:00, run_after=2023-03-25T00:00:00+00:00
[2023-03-24T10:03:51.259+0000] {processor.py:175} INFO - Processing /opt/airflow/dags/transfer_gcp_to_bq.py took 0.584 seconds
[2023-03-24T10:04:21.418+0000] {processor.py:153} INFO - Started process (PID=1735) to work on /opt/airflow/dags/transfer_gcp_to_bq.py
[2023-03-24T10:04:21.419+0000] {processor.py:743} INFO - Processing file /opt/airflow/dags/transfer_gcp_to_bq.py for tasks to queue
[2023-03-24T10:04:21.420+0000] {logging_mixin.py:137} INFO - [2023-03-24T10:04:21.419+0000] {dagbag.py:538} INFO - Filling up the DagBag from /opt/airflow/dags/transfer_gcp_to_bq.py
[2023-03-24T10:04:21.949+0000] {processor.py:753} INFO - DAG(s) dict_keys(['gcs_2_bq_dag']) retrieved from /opt/airflow/dags/transfer_gcp_to_bq.py
[2023-03-24T10:04:21.964+0000] {logging_mixin.py:137} INFO - [2023-03-24T10:04:21.964+0000] {dag.py:2690} INFO - Sync 1 DAGs
[2023-03-24T10:04:21.983+0000] {logging_mixin.py:137} INFO - [2023-03-24T10:04:21.983+0000] {dag.py:3441} INFO - Setting next_dagrun for gcs_2_bq_dag to 2023-03-24T00:00:00+00:00, run_after=2023-03-25T00:00:00+00:00
[2023-03-24T10:04:21.998+0000] {processor.py:175} INFO - Processing /opt/airflow/dags/transfer_gcp_to_bq.py took 0.582 seconds
[2023-03-24T10:04:52.182+0000] {processor.py:153} INFO - Started process (PID=1773) to work on /opt/airflow/dags/transfer_gcp_to_bq.py
[2023-03-24T10:04:52.182+0000] {processor.py:743} INFO - Processing file /opt/airflow/dags/transfer_gcp_to_bq.py for tasks to queue
[2023-03-24T10:04:52.183+0000] {logging_mixin.py:137} INFO - [2023-03-24T10:04:52.183+0000] {dagbag.py:538} INFO - Filling up the DagBag from /opt/airflow/dags/transfer_gcp_to_bq.py
[2023-03-24T10:04:52.659+0000] {processor.py:753} INFO - DAG(s) dict_keys(['gcs_2_bq_dag']) retrieved from /opt/airflow/dags/transfer_gcp_to_bq.py
[2023-03-24T10:04:52.682+0000] {logging_mixin.py:137} INFO - [2023-03-24T10:04:52.681+0000] {dag.py:2690} INFO - Sync 1 DAGs
[2023-03-24T10:04:52.712+0000] {logging_mixin.py:137} INFO - [2023-03-24T10:04:52.712+0000] {dag.py:3441} INFO - Setting next_dagrun for gcs_2_bq_dag to 2023-03-24T00:00:00+00:00, run_after=2023-03-25T00:00:00+00:00
[2023-03-24T10:04:52.732+0000] {processor.py:175} INFO - Processing /opt/airflow/dags/transfer_gcp_to_bq.py took 0.552 seconds
[2023-03-24T10:05:22.904+0000] {processor.py:153} INFO - Started process (PID=1827) to work on /opt/airflow/dags/transfer_gcp_to_bq.py
[2023-03-24T10:05:22.904+0000] {processor.py:743} INFO - Processing file /opt/airflow/dags/transfer_gcp_to_bq.py for tasks to queue
[2023-03-24T10:05:22.905+0000] {logging_mixin.py:137} INFO - [2023-03-24T10:05:22.905+0000] {dagbag.py:538} INFO - Filling up the DagBag from /opt/airflow/dags/transfer_gcp_to_bq.py
[2023-03-24T10:05:23.351+0000] {processor.py:753} INFO - DAG(s) dict_keys(['gcs_2_bq_dag']) retrieved from /opt/airflow/dags/transfer_gcp_to_bq.py
[2023-03-24T10:05:23.365+0000] {logging_mixin.py:137} INFO - [2023-03-24T10:05:23.365+0000] {dag.py:2690} INFO - Sync 1 DAGs
[2023-03-24T10:05:23.383+0000] {logging_mixin.py:137} INFO - [2023-03-24T10:05:23.382+0000] {dag.py:3441} INFO - Setting next_dagrun for gcs_2_bq_dag to 2023-03-24T00:00:00+00:00, run_after=2023-03-25T00:00:00+00:00
[2023-03-24T10:05:23.401+0000] {processor.py:175} INFO - Processing /opt/airflow/dags/transfer_gcp_to_bq.py took 0.501 seconds
[2023-03-24T10:05:53.554+0000] {processor.py:153} INFO - Started process (PID=1881) to work on /opt/airflow/dags/transfer_gcp_to_bq.py
[2023-03-24T10:05:53.557+0000] {processor.py:743} INFO - Processing file /opt/airflow/dags/transfer_gcp_to_bq.py for tasks to queue
[2023-03-24T10:05:53.558+0000] {logging_mixin.py:137} INFO - [2023-03-24T10:05:53.558+0000] {dagbag.py:538} INFO - Filling up the DagBag from /opt/airflow/dags/transfer_gcp_to_bq.py
[2023-03-24T10:05:54.011+0000] {processor.py:753} INFO - DAG(s) dict_keys(['gcs_2_bq_dag']) retrieved from /opt/airflow/dags/transfer_gcp_to_bq.py
[2023-03-24T10:05:54.029+0000] {logging_mixin.py:137} INFO - [2023-03-24T10:05:54.029+0000] {dag.py:2690} INFO - Sync 1 DAGs
[2023-03-24T10:05:54.057+0000] {logging_mixin.py:137} INFO - [2023-03-24T10:05:54.056+0000] {dag.py:3441} INFO - Setting next_dagrun for gcs_2_bq_dag to 2023-03-24T00:00:00+00:00, run_after=2023-03-25T00:00:00+00:00
[2023-03-24T10:05:54.076+0000] {processor.py:175} INFO - Processing /opt/airflow/dags/transfer_gcp_to_bq.py took 0.525 seconds
[2023-03-24T10:06:24.260+0000] {processor.py:153} INFO - Started process (PID=1919) to work on /opt/airflow/dags/transfer_gcp_to_bq.py
[2023-03-24T10:06:24.261+0000] {processor.py:743} INFO - Processing file /opt/airflow/dags/transfer_gcp_to_bq.py for tasks to queue
[2023-03-24T10:06:24.261+0000] {logging_mixin.py:137} INFO - [2023-03-24T10:06:24.261+0000] {dagbag.py:538} INFO - Filling up the DagBag from /opt/airflow/dags/transfer_gcp_to_bq.py
[2023-03-24T10:06:24.736+0000] {processor.py:753} INFO - DAG(s) dict_keys(['gcs_2_bq_dag']) retrieved from /opt/airflow/dags/transfer_gcp_to_bq.py
[2023-03-24T10:06:24.754+0000] {logging_mixin.py:137} INFO - [2023-03-24T10:06:24.754+0000] {dag.py:2690} INFO - Sync 1 DAGs
[2023-03-24T10:06:24.784+0000] {logging_mixin.py:137} INFO - [2023-03-24T10:06:24.784+0000] {dag.py:3441} INFO - Setting next_dagrun for gcs_2_bq_dag to 2023-03-24T00:00:00+00:00, run_after=2023-03-25T00:00:00+00:00
[2023-03-24T10:06:24.806+0000] {processor.py:175} INFO - Processing /opt/airflow/dags/transfer_gcp_to_bq.py took 0.547 seconds
[2023-03-24T10:06:54.974+0000] {processor.py:153} INFO - Started process (PID=1973) to work on /opt/airflow/dags/transfer_gcp_to_bq.py
[2023-03-24T10:06:54.974+0000] {processor.py:743} INFO - Processing file /opt/airflow/dags/transfer_gcp_to_bq.py for tasks to queue
[2023-03-24T10:06:54.975+0000] {logging_mixin.py:137} INFO - [2023-03-24T10:06:54.975+0000] {dagbag.py:538} INFO - Filling up the DagBag from /opt/airflow/dags/transfer_gcp_to_bq.py
[2023-03-24T10:06:55.413+0000] {processor.py:753} INFO - DAG(s) dict_keys(['gcs_2_bq_dag']) retrieved from /opt/airflow/dags/transfer_gcp_to_bq.py
[2023-03-24T10:06:55.428+0000] {logging_mixin.py:137} INFO - [2023-03-24T10:06:55.428+0000] {dag.py:2690} INFO - Sync 1 DAGs
[2023-03-24T10:06:55.445+0000] {logging_mixin.py:137} INFO - [2023-03-24T10:06:55.445+0000] {dag.py:3441} INFO - Setting next_dagrun for gcs_2_bq_dag to 2023-03-24T00:00:00+00:00, run_after=2023-03-25T00:00:00+00:00
[2023-03-24T10:06:55.458+0000] {processor.py:175} INFO - Processing /opt/airflow/dags/transfer_gcp_to_bq.py took 0.486 seconds
[2023-03-24T10:07:25.625+0000] {processor.py:153} INFO - Started process (PID=2027) to work on /opt/airflow/dags/transfer_gcp_to_bq.py
[2023-03-24T10:07:25.625+0000] {processor.py:743} INFO - Processing file /opt/airflow/dags/transfer_gcp_to_bq.py for tasks to queue
[2023-03-24T10:07:25.626+0000] {logging_mixin.py:137} INFO - [2023-03-24T10:07:25.626+0000] {dagbag.py:538} INFO - Filling up the DagBag from /opt/airflow/dags/transfer_gcp_to_bq.py
[2023-03-24T10:07:26.064+0000] {processor.py:753} INFO - DAG(s) dict_keys(['gcs_2_bq_dag']) retrieved from /opt/airflow/dags/transfer_gcp_to_bq.py
[2023-03-24T10:07:26.079+0000] {logging_mixin.py:137} INFO - [2023-03-24T10:07:26.079+0000] {dag.py:2690} INFO - Sync 1 DAGs
[2023-03-24T10:07:26.096+0000] {logging_mixin.py:137} INFO - [2023-03-24T10:07:26.096+0000] {dag.py:3441} INFO - Setting next_dagrun for gcs_2_bq_dag to 2023-03-24T00:00:00+00:00, run_after=2023-03-25T00:00:00+00:00
[2023-03-24T10:07:26.114+0000] {processor.py:175} INFO - Processing /opt/airflow/dags/transfer_gcp_to_bq.py took 0.491 seconds
[2023-03-24T10:07:56.278+0000] {processor.py:153} INFO - Started process (PID=2065) to work on /opt/airflow/dags/transfer_gcp_to_bq.py
[2023-03-24T10:07:56.281+0000] {processor.py:743} INFO - Processing file /opt/airflow/dags/transfer_gcp_to_bq.py for tasks to queue
[2023-03-24T10:07:56.282+0000] {logging_mixin.py:137} INFO - [2023-03-24T10:07:56.282+0000] {dagbag.py:538} INFO - Filling up the DagBag from /opt/airflow/dags/transfer_gcp_to_bq.py
[2023-03-24T10:07:56.755+0000] {processor.py:753} INFO - DAG(s) dict_keys(['gcs_2_bq_dag']) retrieved from /opt/airflow/dags/transfer_gcp_to_bq.py
[2023-03-24T10:07:56.778+0000] {logging_mixin.py:137} INFO - [2023-03-24T10:07:56.778+0000] {dag.py:2690} INFO - Sync 1 DAGs
[2023-03-24T10:07:56.805+0000] {logging_mixin.py:137} INFO - [2023-03-24T10:07:56.805+0000] {dag.py:3441} INFO - Setting next_dagrun for gcs_2_bq_dag to 2023-03-24T00:00:00+00:00, run_after=2023-03-25T00:00:00+00:00
[2023-03-24T10:07:56.827+0000] {processor.py:175} INFO - Processing /opt/airflow/dags/transfer_gcp_to_bq.py took 0.551 seconds
[2023-03-24T10:08:26.994+0000] {processor.py:153} INFO - Started process (PID=2119) to work on /opt/airflow/dags/transfer_gcp_to_bq.py
[2023-03-24T10:08:26.995+0000] {processor.py:743} INFO - Processing file /opt/airflow/dags/transfer_gcp_to_bq.py for tasks to queue
[2023-03-24T10:08:26.995+0000] {logging_mixin.py:137} INFO - [2023-03-24T10:08:26.995+0000] {dagbag.py:538} INFO - Filling up the DagBag from /opt/airflow/dags/transfer_gcp_to_bq.py
[2023-03-24T10:08:27.481+0000] {processor.py:753} INFO - DAG(s) dict_keys(['gcs_2_bq_dag']) retrieved from /opt/airflow/dags/transfer_gcp_to_bq.py
[2023-03-24T10:08:27.497+0000] {logging_mixin.py:137} INFO - [2023-03-24T10:08:27.497+0000] {dag.py:2690} INFO - Sync 1 DAGs
[2023-03-24T10:08:27.515+0000] {logging_mixin.py:137} INFO - [2023-03-24T10:08:27.515+0000] {dag.py:3441} INFO - Setting next_dagrun for gcs_2_bq_dag to 2023-03-24T00:00:00+00:00, run_after=2023-03-25T00:00:00+00:00
[2023-03-24T10:08:27.530+0000] {processor.py:175} INFO - Processing /opt/airflow/dags/transfer_gcp_to_bq.py took 0.539 seconds
[2023-03-24T10:08:57.704+0000] {processor.py:153} INFO - Started process (PID=2173) to work on /opt/airflow/dags/transfer_gcp_to_bq.py
[2023-03-24T10:08:57.704+0000] {processor.py:743} INFO - Processing file /opt/airflow/dags/transfer_gcp_to_bq.py for tasks to queue
[2023-03-24T10:08:57.704+0000] {logging_mixin.py:137} INFO - [2023-03-24T10:08:57.704+0000] {dagbag.py:538} INFO - Filling up the DagBag from /opt/airflow/dags/transfer_gcp_to_bq.py
[2023-03-24T10:08:58.138+0000] {processor.py:753} INFO - DAG(s) dict_keys(['gcs_2_bq_dag']) retrieved from /opt/airflow/dags/transfer_gcp_to_bq.py
[2023-03-24T10:08:58.152+0000] {logging_mixin.py:137} INFO - [2023-03-24T10:08:58.152+0000] {dag.py:2690} INFO - Sync 1 DAGs
[2023-03-24T10:08:58.169+0000] {logging_mixin.py:137} INFO - [2023-03-24T10:08:58.169+0000] {dag.py:3441} INFO - Setting next_dagrun for gcs_2_bq_dag to 2023-03-24T00:00:00+00:00, run_after=2023-03-25T00:00:00+00:00
[2023-03-24T10:08:58.185+0000] {processor.py:175} INFO - Processing /opt/airflow/dags/transfer_gcp_to_bq.py took 0.484 seconds
[2023-03-24T10:09:28.347+0000] {processor.py:153} INFO - Started process (PID=2211) to work on /opt/airflow/dags/transfer_gcp_to_bq.py
[2023-03-24T10:09:28.348+0000] {processor.py:743} INFO - Processing file /opt/airflow/dags/transfer_gcp_to_bq.py for tasks to queue
[2023-03-24T10:09:28.348+0000] {logging_mixin.py:137} INFO - [2023-03-24T10:09:28.348+0000] {dagbag.py:538} INFO - Filling up the DagBag from /opt/airflow/dags/transfer_gcp_to_bq.py
[2023-03-24T10:09:28.848+0000] {processor.py:753} INFO - DAG(s) dict_keys(['gcs_2_bq_dag']) retrieved from /opt/airflow/dags/transfer_gcp_to_bq.py
[2023-03-24T10:09:28.866+0000] {logging_mixin.py:137} INFO - [2023-03-24T10:09:28.865+0000] {dag.py:2690} INFO - Sync 1 DAGs
[2023-03-24T10:09:28.894+0000] {logging_mixin.py:137} INFO - [2023-03-24T10:09:28.894+0000] {dag.py:3441} INFO - Setting next_dagrun for gcs_2_bq_dag to 2023-03-24T00:00:00+00:00, run_after=2023-03-25T00:00:00+00:00
[2023-03-24T10:09:28.911+0000] {processor.py:175} INFO - Processing /opt/airflow/dags/transfer_gcp_to_bq.py took 0.567 seconds
[2023-03-24T10:09:59.077+0000] {processor.py:153} INFO - Started process (PID=2264) to work on /opt/airflow/dags/transfer_gcp_to_bq.py
[2023-03-24T10:09:59.077+0000] {processor.py:743} INFO - Processing file /opt/airflow/dags/transfer_gcp_to_bq.py for tasks to queue
[2023-03-24T10:09:59.078+0000] {logging_mixin.py:137} INFO - [2023-03-24T10:09:59.078+0000] {dagbag.py:538} INFO - Filling up the DagBag from /opt/airflow/dags/transfer_gcp_to_bq.py
[2023-03-24T10:09:59.796+0000] {processor.py:753} INFO - DAG(s) dict_keys(['gcs_2_bq_dag']) retrieved from /opt/airflow/dags/transfer_gcp_to_bq.py
[2023-03-24T10:09:59.811+0000] {logging_mixin.py:137} INFO - [2023-03-24T10:09:59.811+0000] {dag.py:2690} INFO - Sync 1 DAGs
[2023-03-24T10:09:59.831+0000] {logging_mixin.py:137} INFO - [2023-03-24T10:09:59.831+0000] {dag.py:3441} INFO - Setting next_dagrun for gcs_2_bq_dag to 2023-03-24T00:00:00+00:00, run_after=2023-03-25T00:00:00+00:00
[2023-03-24T10:09:59.844+0000] {processor.py:175} INFO - Processing /opt/airflow/dags/transfer_gcp_to_bq.py took 0.769 seconds
[2023-03-24T10:10:30.027+0000] {processor.py:153} INFO - Started process (PID=2318) to work on /opt/airflow/dags/transfer_gcp_to_bq.py
[2023-03-24T10:10:30.031+0000] {processor.py:743} INFO - Processing file /opt/airflow/dags/transfer_gcp_to_bq.py for tasks to queue
[2023-03-24T10:10:30.031+0000] {logging_mixin.py:137} INFO - [2023-03-24T10:10:30.031+0000] {dagbag.py:538} INFO - Filling up the DagBag from /opt/airflow/dags/transfer_gcp_to_bq.py
[2023-03-24T10:10:30.481+0000] {processor.py:753} INFO - DAG(s) dict_keys(['gcs_2_bq_dag']) retrieved from /opt/airflow/dags/transfer_gcp_to_bq.py
[2023-03-24T10:10:30.497+0000] {logging_mixin.py:137} INFO - [2023-03-24T10:10:30.496+0000] {dag.py:2690} INFO - Sync 1 DAGs
[2023-03-24T10:10:30.515+0000] {logging_mixin.py:137} INFO - [2023-03-24T10:10:30.515+0000] {dag.py:3441} INFO - Setting next_dagrun for gcs_2_bq_dag to 2023-03-24T00:00:00+00:00, run_after=2023-03-25T00:00:00+00:00
[2023-03-24T10:10:30.529+0000] {processor.py:175} INFO - Processing /opt/airflow/dags/transfer_gcp_to_bq.py took 0.504 seconds
[2023-03-24T10:11:00.704+0000] {processor.py:153} INFO - Started process (PID=2356) to work on /opt/airflow/dags/transfer_gcp_to_bq.py
[2023-03-24T10:11:00.707+0000] {processor.py:743} INFO - Processing file /opt/airflow/dags/transfer_gcp_to_bq.py for tasks to queue
[2023-03-24T10:11:00.708+0000] {logging_mixin.py:137} INFO - [2023-03-24T10:11:00.708+0000] {dagbag.py:538} INFO - Filling up the DagBag from /opt/airflow/dags/transfer_gcp_to_bq.py
[2023-03-24T10:11:01.250+0000] {processor.py:753} INFO - DAG(s) dict_keys(['gcs_2_bq_dag']) retrieved from /opt/airflow/dags/transfer_gcp_to_bq.py
[2023-03-24T10:11:01.266+0000] {logging_mixin.py:137} INFO - [2023-03-24T10:11:01.266+0000] {dag.py:2690} INFO - Sync 1 DAGs
[2023-03-24T10:11:01.286+0000] {logging_mixin.py:137} INFO - [2023-03-24T10:11:01.286+0000] {dag.py:3441} INFO - Setting next_dagrun for gcs_2_bq_dag to 2023-03-24T00:00:00+00:00, run_after=2023-03-25T00:00:00+00:00
[2023-03-24T10:11:01.302+0000] {processor.py:175} INFO - Processing /opt/airflow/dags/transfer_gcp_to_bq.py took 0.600 seconds
[2023-03-24T10:11:31.494+0000] {processor.py:153} INFO - Started process (PID=2409) to work on /opt/airflow/dags/transfer_gcp_to_bq.py
[2023-03-24T10:11:31.495+0000] {processor.py:743} INFO - Processing file /opt/airflow/dags/transfer_gcp_to_bq.py for tasks to queue
[2023-03-24T10:11:31.496+0000] {logging_mixin.py:137} INFO - [2023-03-24T10:11:31.496+0000] {dagbag.py:538} INFO - Filling up the DagBag from /opt/airflow/dags/transfer_gcp_to_bq.py
[2023-03-24T10:11:32.007+0000] {processor.py:753} INFO - DAG(s) dict_keys(['gcs_2_bq_dag']) retrieved from /opt/airflow/dags/transfer_gcp_to_bq.py
[2023-03-24T10:11:32.026+0000] {logging_mixin.py:137} INFO - [2023-03-24T10:11:32.025+0000] {dag.py:2690} INFO - Sync 1 DAGs
[2023-03-24T10:11:32.055+0000] {logging_mixin.py:137} INFO - [2023-03-24T10:11:32.055+0000] {dag.py:3441} INFO - Setting next_dagrun for gcs_2_bq_dag to 2023-03-24T00:00:00+00:00, run_after=2023-03-25T00:00:00+00:00
[2023-03-24T10:11:32.082+0000] {processor.py:175} INFO - Processing /opt/airflow/dags/transfer_gcp_to_bq.py took 0.591 seconds
[2023-03-24T10:12:02.250+0000] {processor.py:153} INFO - Started process (PID=2463) to work on /opt/airflow/dags/transfer_gcp_to_bq.py
[2023-03-24T10:12:02.251+0000] {processor.py:743} INFO - Processing file /opt/airflow/dags/transfer_gcp_to_bq.py for tasks to queue
[2023-03-24T10:12:02.251+0000] {logging_mixin.py:137} INFO - [2023-03-24T10:12:02.251+0000] {dagbag.py:538} INFO - Filling up the DagBag from /opt/airflow/dags/transfer_gcp_to_bq.py
[2023-03-24T10:12:02.687+0000] {processor.py:753} INFO - DAG(s) dict_keys(['gcs_2_bq_dag']) retrieved from /opt/airflow/dags/transfer_gcp_to_bq.py
[2023-03-24T10:12:02.701+0000] {logging_mixin.py:137} INFO - [2023-03-24T10:12:02.701+0000] {dag.py:2690} INFO - Sync 1 DAGs
[2023-03-24T10:12:02.719+0000] {logging_mixin.py:137} INFO - [2023-03-24T10:12:02.719+0000] {dag.py:3441} INFO - Setting next_dagrun for gcs_2_bq_dag to 2023-03-24T00:00:00+00:00, run_after=2023-03-25T00:00:00+00:00
[2023-03-24T10:12:02.736+0000] {processor.py:175} INFO - Processing /opt/airflow/dags/transfer_gcp_to_bq.py took 0.489 seconds
[2023-03-24T10:12:32.913+0000] {processor.py:153} INFO - Started process (PID=2501) to work on /opt/airflow/dags/transfer_gcp_to_bq.py
[2023-03-24T10:12:32.916+0000] {processor.py:743} INFO - Processing file /opt/airflow/dags/transfer_gcp_to_bq.py for tasks to queue
[2023-03-24T10:12:32.917+0000] {logging_mixin.py:137} INFO - [2023-03-24T10:12:32.917+0000] {dagbag.py:538} INFO - Filling up the DagBag from /opt/airflow/dags/transfer_gcp_to_bq.py
[2023-03-24T10:12:33.394+0000] {processor.py:753} INFO - DAG(s) dict_keys(['gcs_2_bq_dag']) retrieved from /opt/airflow/dags/transfer_gcp_to_bq.py
[2023-03-24T10:12:33.411+0000] {logging_mixin.py:137} INFO - [2023-03-24T10:12:33.410+0000] {dag.py:2690} INFO - Sync 1 DAGs
[2023-03-24T10:12:33.436+0000] {logging_mixin.py:137} INFO - [2023-03-24T10:12:33.436+0000] {dag.py:3441} INFO - Setting next_dagrun for gcs_2_bq_dag to 2023-03-24T00:00:00+00:00, run_after=2023-03-25T00:00:00+00:00
[2023-03-24T10:12:33.450+0000] {processor.py:175} INFO - Processing /opt/airflow/dags/transfer_gcp_to_bq.py took 0.540 seconds
[2023-03-24T10:13:03.617+0000] {processor.py:153} INFO - Started process (PID=2555) to work on /opt/airflow/dags/transfer_gcp_to_bq.py
[2023-03-24T10:13:03.620+0000] {processor.py:743} INFO - Processing file /opt/airflow/dags/transfer_gcp_to_bq.py for tasks to queue
[2023-03-24T10:13:03.620+0000] {logging_mixin.py:137} INFO - [2023-03-24T10:13:03.620+0000] {dagbag.py:538} INFO - Filling up the DagBag from /opt/airflow/dags/transfer_gcp_to_bq.py
[2023-03-24T10:13:04.080+0000] {processor.py:753} INFO - DAG(s) dict_keys(['gcs_2_bq_dag']) retrieved from /opt/airflow/dags/transfer_gcp_to_bq.py
[2023-03-24T10:13:04.095+0000] {logging_mixin.py:137} INFO - [2023-03-24T10:13:04.095+0000] {dag.py:2690} INFO - Sync 1 DAGs
[2023-03-24T10:13:04.116+0000] {logging_mixin.py:137} INFO - [2023-03-24T10:13:04.116+0000] {dag.py:3441} INFO - Setting next_dagrun for gcs_2_bq_dag to 2023-03-24T00:00:00+00:00, run_after=2023-03-25T00:00:00+00:00
[2023-03-24T10:13:04.131+0000] {processor.py:175} INFO - Processing /opt/airflow/dags/transfer_gcp_to_bq.py took 0.517 seconds
[2023-03-24T10:13:34.319+0000] {processor.py:153} INFO - Started process (PID=2609) to work on /opt/airflow/dags/transfer_gcp_to_bq.py
[2023-03-24T10:13:34.319+0000] {processor.py:743} INFO - Processing file /opt/airflow/dags/transfer_gcp_to_bq.py for tasks to queue
[2023-03-24T10:13:34.320+0000] {logging_mixin.py:137} INFO - [2023-03-24T10:13:34.320+0000] {dagbag.py:538} INFO - Filling up the DagBag from /opt/airflow/dags/transfer_gcp_to_bq.py
[2023-03-24T10:13:34.794+0000] {processor.py:753} INFO - DAG(s) dict_keys(['gcs_2_bq_dag']) retrieved from /opt/airflow/dags/transfer_gcp_to_bq.py
[2023-03-24T10:13:34.850+0000] {logging_mixin.py:137} INFO - [2023-03-24T10:13:34.849+0000] {dag.py:2690} INFO - Sync 1 DAGs
[2023-03-24T10:13:34.881+0000] {logging_mixin.py:137} INFO - [2023-03-24T10:13:34.881+0000] {dag.py:3441} INFO - Setting next_dagrun for gcs_2_bq_dag to 2023-03-24T00:00:00+00:00, run_after=2023-03-25T00:00:00+00:00
[2023-03-24T10:13:34.897+0000] {processor.py:175} INFO - Processing /opt/airflow/dags/transfer_gcp_to_bq.py took 0.582 seconds
[2023-03-24T10:14:05.068+0000] {processor.py:153} INFO - Started process (PID=2647) to work on /opt/airflow/dags/transfer_gcp_to_bq.py
[2023-03-24T10:14:05.069+0000] {processor.py:743} INFO - Processing file /opt/airflow/dags/transfer_gcp_to_bq.py for tasks to queue
[2023-03-24T10:14:05.069+0000] {logging_mixin.py:137} INFO - [2023-03-24T10:14:05.069+0000] {dagbag.py:538} INFO - Filling up the DagBag from /opt/airflow/dags/transfer_gcp_to_bq.py
[2023-03-24T10:14:05.586+0000] {processor.py:753} INFO - DAG(s) dict_keys(['gcs_2_bq_dag']) retrieved from /opt/airflow/dags/transfer_gcp_to_bq.py
[2023-03-24T10:14:05.601+0000] {logging_mixin.py:137} INFO - [2023-03-24T10:14:05.601+0000] {dag.py:2690} INFO - Sync 1 DAGs
[2023-03-24T10:14:05.620+0000] {logging_mixin.py:137} INFO - [2023-03-24T10:14:05.620+0000] {dag.py:3441} INFO - Setting next_dagrun for gcs_2_bq_dag to 2023-03-24T00:00:00+00:00, run_after=2023-03-25T00:00:00+00:00
[2023-03-24T10:14:05.638+0000] {processor.py:175} INFO - Processing /opt/airflow/dags/transfer_gcp_to_bq.py took 0.572 seconds
[2023-03-24T10:14:35.817+0000] {processor.py:153} INFO - Started process (PID=2701) to work on /opt/airflow/dags/transfer_gcp_to_bq.py
[2023-03-24T10:14:35.821+0000] {processor.py:743} INFO - Processing file /opt/airflow/dags/transfer_gcp_to_bq.py for tasks to queue
[2023-03-24T10:14:35.821+0000] {logging_mixin.py:137} INFO - [2023-03-24T10:14:35.821+0000] {dagbag.py:538} INFO - Filling up the DagBag from /opt/airflow/dags/transfer_gcp_to_bq.py
[2023-03-24T10:14:36.312+0000] {processor.py:753} INFO - DAG(s) dict_keys(['gcs_2_bq_dag']) retrieved from /opt/airflow/dags/transfer_gcp_to_bq.py
[2023-03-24T10:14:36.325+0000] {logging_mixin.py:137} INFO - [2023-03-24T10:14:36.325+0000] {dag.py:2690} INFO - Sync 1 DAGs
[2023-03-24T10:14:36.342+0000] {logging_mixin.py:137} INFO - [2023-03-24T10:14:36.342+0000] {dag.py:3441} INFO - Setting next_dagrun for gcs_2_bq_dag to 2023-03-24T00:00:00+00:00, run_after=2023-03-25T00:00:00+00:00
[2023-03-24T10:14:36.359+0000] {processor.py:175} INFO - Processing /opt/airflow/dags/transfer_gcp_to_bq.py took 0.547 seconds
[2023-03-24T10:15:06.502+0000] {processor.py:153} INFO - Started process (PID=2755) to work on /opt/airflow/dags/transfer_gcp_to_bq.py
[2023-03-24T10:15:06.503+0000] {processor.py:743} INFO - Processing file /opt/airflow/dags/transfer_gcp_to_bq.py for tasks to queue
[2023-03-24T10:15:06.503+0000] {logging_mixin.py:137} INFO - [2023-03-24T10:15:06.503+0000] {dagbag.py:538} INFO - Filling up the DagBag from /opt/airflow/dags/transfer_gcp_to_bq.py
[2023-03-24T10:15:07.060+0000] {processor.py:753} INFO - DAG(s) dict_keys(['gcs_2_bq_dag']) retrieved from /opt/airflow/dags/transfer_gcp_to_bq.py
[2023-03-24T10:15:07.075+0000] {logging_mixin.py:137} INFO - [2023-03-24T10:15:07.074+0000] {dag.py:2690} INFO - Sync 1 DAGs
[2023-03-24T10:15:07.096+0000] {logging_mixin.py:137} INFO - [2023-03-24T10:15:07.096+0000] {dag.py:3441} INFO - Setting next_dagrun for gcs_2_bq_dag to 2023-03-24T00:00:00+00:00, run_after=2023-03-25T00:00:00+00:00
[2023-03-24T10:15:07.110+0000] {processor.py:175} INFO - Processing /opt/airflow/dags/transfer_gcp_to_bq.py took 0.610 seconds
[2023-03-24T10:15:37.292+0000] {processor.py:153} INFO - Started process (PID=2793) to work on /opt/airflow/dags/transfer_gcp_to_bq.py
[2023-03-24T10:15:37.296+0000] {processor.py:743} INFO - Processing file /opt/airflow/dags/transfer_gcp_to_bq.py for tasks to queue
[2023-03-24T10:15:37.296+0000] {logging_mixin.py:137} INFO - [2023-03-24T10:15:37.296+0000] {dagbag.py:538} INFO - Filling up the DagBag from /opt/airflow/dags/transfer_gcp_to_bq.py
[2023-03-24T10:15:37.897+0000] {processor.py:753} INFO - DAG(s) dict_keys(['gcs_2_bq_dag']) retrieved from /opt/airflow/dags/transfer_gcp_to_bq.py
[2023-03-24T10:15:37.914+0000] {logging_mixin.py:137} INFO - [2023-03-24T10:15:37.913+0000] {dag.py:2690} INFO - Sync 1 DAGs
[2023-03-24T10:15:37.934+0000] {logging_mixin.py:137} INFO - [2023-03-24T10:15:37.934+0000] {dag.py:3441} INFO - Setting next_dagrun for gcs_2_bq_dag to 2023-03-24T00:00:00+00:00, run_after=2023-03-25T00:00:00+00:00
[2023-03-24T10:15:37.948+0000] {processor.py:175} INFO - Processing /opt/airflow/dags/transfer_gcp_to_bq.py took 0.658 seconds
[2023-03-24T10:16:08.106+0000] {processor.py:153} INFO - Started process (PID=2847) to work on /opt/airflow/dags/transfer_gcp_to_bq.py
[2023-03-24T10:16:08.110+0000] {processor.py:743} INFO - Processing file /opt/airflow/dags/transfer_gcp_to_bq.py for tasks to queue
[2023-03-24T10:16:08.111+0000] {logging_mixin.py:137} INFO - [2023-03-24T10:16:08.111+0000] {dagbag.py:538} INFO - Filling up the DagBag from /opt/airflow/dags/transfer_gcp_to_bq.py
[2023-03-24T10:16:08.603+0000] {processor.py:753} INFO - DAG(s) dict_keys(['gcs_2_bq_dag']) retrieved from /opt/airflow/dags/transfer_gcp_to_bq.py
[2023-03-24T10:16:08.618+0000] {logging_mixin.py:137} INFO - [2023-03-24T10:16:08.618+0000] {dag.py:2690} INFO - Sync 1 DAGs
[2023-03-24T10:16:08.637+0000] {logging_mixin.py:137} INFO - [2023-03-24T10:16:08.637+0000] {dag.py:3441} INFO - Setting next_dagrun for gcs_2_bq_dag to 2023-03-24T00:00:00+00:00, run_after=2023-03-25T00:00:00+00:00
[2023-03-24T10:16:08.653+0000] {processor.py:175} INFO - Processing /opt/airflow/dags/transfer_gcp_to_bq.py took 0.551 seconds
[2023-03-24T10:16:38.884+0000] {processor.py:153} INFO - Started process (PID=2901) to work on /opt/airflow/dags/transfer_gcp_to_bq.py
[2023-03-24T10:16:38.888+0000] {processor.py:743} INFO - Processing file /opt/airflow/dags/transfer_gcp_to_bq.py for tasks to queue
[2023-03-24T10:16:38.889+0000] {logging_mixin.py:137} INFO - [2023-03-24T10:16:38.888+0000] {dagbag.py:538} INFO - Filling up the DagBag from /opt/airflow/dags/transfer_gcp_to_bq.py
[2023-03-24T10:16:39.362+0000] {processor.py:753} INFO - DAG(s) dict_keys(['gcs_2_bq_dag']) retrieved from /opt/airflow/dags/transfer_gcp_to_bq.py
[2023-03-24T10:16:39.376+0000] {logging_mixin.py:137} INFO - [2023-03-24T10:16:39.375+0000] {dag.py:2690} INFO - Sync 1 DAGs
[2023-03-24T10:16:39.392+0000] {logging_mixin.py:137} INFO - [2023-03-24T10:16:39.392+0000] {dag.py:3441} INFO - Setting next_dagrun for gcs_2_bq_dag to 2023-03-24T00:00:00+00:00, run_after=2023-03-25T00:00:00+00:00
[2023-03-24T10:16:39.410+0000] {processor.py:175} INFO - Processing /opt/airflow/dags/transfer_gcp_to_bq.py took 0.531 seconds
[2023-03-24T10:17:09.587+0000] {processor.py:153} INFO - Started process (PID=2939) to work on /opt/airflow/dags/transfer_gcp_to_bq.py
[2023-03-24T10:17:09.590+0000] {processor.py:743} INFO - Processing file /opt/airflow/dags/transfer_gcp_to_bq.py for tasks to queue
[2023-03-24T10:17:09.590+0000] {logging_mixin.py:137} INFO - [2023-03-24T10:17:09.590+0000] {dagbag.py:538} INFO - Filling up the DagBag from /opt/airflow/dags/transfer_gcp_to_bq.py
[2023-03-24T10:17:10.083+0000] {processor.py:753} INFO - DAG(s) dict_keys(['gcs_2_bq_dag']) retrieved from /opt/airflow/dags/transfer_gcp_to_bq.py
[2023-03-24T10:17:10.098+0000] {logging_mixin.py:137} INFO - [2023-03-24T10:17:10.098+0000] {dag.py:2690} INFO - Sync 1 DAGs
[2023-03-24T10:17:10.118+0000] {logging_mixin.py:137} INFO - [2023-03-24T10:17:10.118+0000] {dag.py:3441} INFO - Setting next_dagrun for gcs_2_bq_dag to 2023-03-24T00:00:00+00:00, run_after=2023-03-25T00:00:00+00:00
[2023-03-24T10:17:10.132+0000] {processor.py:175} INFO - Processing /opt/airflow/dags/transfer_gcp_to_bq.py took 0.548 seconds
[2023-03-24T10:17:40.316+0000] {processor.py:153} INFO - Started process (PID=2992) to work on /opt/airflow/dags/transfer_gcp_to_bq.py
[2023-03-24T10:17:40.317+0000] {processor.py:743} INFO - Processing file /opt/airflow/dags/transfer_gcp_to_bq.py for tasks to queue
[2023-03-24T10:17:40.318+0000] {logging_mixin.py:137} INFO - [2023-03-24T10:17:40.318+0000] {dagbag.py:538} INFO - Filling up the DagBag from /opt/airflow/dags/transfer_gcp_to_bq.py
[2023-03-24T10:17:40.785+0000] {processor.py:753} INFO - DAG(s) dict_keys(['gcs_2_bq_dag']) retrieved from /opt/airflow/dags/transfer_gcp_to_bq.py
[2023-03-24T10:17:40.798+0000] {logging_mixin.py:137} INFO - [2023-03-24T10:17:40.798+0000] {dag.py:2690} INFO - Sync 1 DAGs
[2023-03-24T10:17:40.815+0000] {logging_mixin.py:137} INFO - [2023-03-24T10:17:40.815+0000] {dag.py:3441} INFO - Setting next_dagrun for gcs_2_bq_dag to 2023-03-24T00:00:00+00:00, run_after=2023-03-25T00:00:00+00:00
[2023-03-24T10:17:40.833+0000] {processor.py:175} INFO - Processing /opt/airflow/dags/transfer_gcp_to_bq.py took 0.522 seconds
[2023-03-24T10:18:11.004+0000] {processor.py:153} INFO - Started process (PID=3046) to work on /opt/airflow/dags/transfer_gcp_to_bq.py
[2023-03-24T10:18:11.005+0000] {processor.py:743} INFO - Processing file /opt/airflow/dags/transfer_gcp_to_bq.py for tasks to queue
[2023-03-24T10:18:11.006+0000] {logging_mixin.py:137} INFO - [2023-03-24T10:18:11.006+0000] {dagbag.py:538} INFO - Filling up the DagBag from /opt/airflow/dags/transfer_gcp_to_bq.py
[2023-03-24T10:18:11.465+0000] {processor.py:753} INFO - DAG(s) dict_keys(['gcs_2_bq_dag']) retrieved from /opt/airflow/dags/transfer_gcp_to_bq.py
[2023-03-24T10:18:11.478+0000] {logging_mixin.py:137} INFO - [2023-03-24T10:18:11.478+0000] {dag.py:2690} INFO - Sync 1 DAGs
[2023-03-24T10:18:11.499+0000] {logging_mixin.py:137} INFO - [2023-03-24T10:18:11.499+0000] {dag.py:3441} INFO - Setting next_dagrun for gcs_2_bq_dag to 2023-03-24T00:00:00+00:00, run_after=2023-03-25T00:00:00+00:00
[2023-03-24T10:18:11.513+0000] {processor.py:175} INFO - Processing /opt/airflow/dags/transfer_gcp_to_bq.py took 0.514 seconds
[2023-03-24T10:18:41.694+0000] {processor.py:153} INFO - Started process (PID=3084) to work on /opt/airflow/dags/transfer_gcp_to_bq.py
[2023-03-24T10:18:41.696+0000] {processor.py:743} INFO - Processing file /opt/airflow/dags/transfer_gcp_to_bq.py for tasks to queue
[2023-03-24T10:18:41.696+0000] {logging_mixin.py:137} INFO - [2023-03-24T10:18:41.696+0000] {dagbag.py:538} INFO - Filling up the DagBag from /opt/airflow/dags/transfer_gcp_to_bq.py
[2023-03-24T10:18:42.190+0000] {processor.py:753} INFO - DAG(s) dict_keys(['gcs_2_bq_dag']) retrieved from /opt/airflow/dags/transfer_gcp_to_bq.py
[2023-03-24T10:18:42.208+0000] {logging_mixin.py:137} INFO - [2023-03-24T10:18:42.208+0000] {dag.py:2690} INFO - Sync 1 DAGs
[2023-03-24T10:18:42.232+0000] {logging_mixin.py:137} INFO - [2023-03-24T10:18:42.232+0000] {dag.py:3441} INFO - Setting next_dagrun for gcs_2_bq_dag to 2023-03-24T00:00:00+00:00, run_after=2023-03-25T00:00:00+00:00
[2023-03-24T10:18:42.246+0000] {processor.py:175} INFO - Processing /opt/airflow/dags/transfer_gcp_to_bq.py took 0.556 seconds
[2023-03-24T10:19:12.427+0000] {processor.py:153} INFO - Started process (PID=3138) to work on /opt/airflow/dags/transfer_gcp_to_bq.py
[2023-03-24T10:19:12.428+0000] {processor.py:743} INFO - Processing file /opt/airflow/dags/transfer_gcp_to_bq.py for tasks to queue
[2023-03-24T10:19:12.429+0000] {logging_mixin.py:137} INFO - [2023-03-24T10:19:12.429+0000] {dagbag.py:538} INFO - Filling up the DagBag from /opt/airflow/dags/transfer_gcp_to_bq.py
[2023-03-24T10:19:12.890+0000] {processor.py:753} INFO - DAG(s) dict_keys(['gcs_2_bq_dag']) retrieved from /opt/airflow/dags/transfer_gcp_to_bq.py
[2023-03-24T10:19:12.905+0000] {logging_mixin.py:137} INFO - [2023-03-24T10:19:12.905+0000] {dag.py:2690} INFO - Sync 1 DAGs
[2023-03-24T10:19:12.923+0000] {logging_mixin.py:137} INFO - [2023-03-24T10:19:12.923+0000] {dag.py:3441} INFO - Setting next_dagrun for gcs_2_bq_dag to 2023-03-24T00:00:00+00:00, run_after=2023-03-25T00:00:00+00:00
[2023-03-24T10:19:12.938+0000] {processor.py:175} INFO - Processing /opt/airflow/dags/transfer_gcp_to_bq.py took 0.517 seconds
[2023-03-24T10:19:43.082+0000] {processor.py:153} INFO - Started process (PID=3192) to work on /opt/airflow/dags/transfer_gcp_to_bq.py
[2023-03-24T10:19:43.083+0000] {processor.py:743} INFO - Processing file /opt/airflow/dags/transfer_gcp_to_bq.py for tasks to queue
[2023-03-24T10:19:43.083+0000] {logging_mixin.py:137} INFO - [2023-03-24T10:19:43.083+0000] {dagbag.py:538} INFO - Filling up the DagBag from /opt/airflow/dags/transfer_gcp_to_bq.py
[2023-03-24T10:19:43.599+0000] {processor.py:753} INFO - DAG(s) dict_keys(['gcs_2_bq_dag']) retrieved from /opt/airflow/dags/transfer_gcp_to_bq.py
[2023-03-24T10:19:43.615+0000] {logging_mixin.py:137} INFO - [2023-03-24T10:19:43.614+0000] {dag.py:2690} INFO - Sync 1 DAGs
[2023-03-24T10:19:43.633+0000] {logging_mixin.py:137} INFO - [2023-03-24T10:19:43.633+0000] {dag.py:3441} INFO - Setting next_dagrun for gcs_2_bq_dag to 2023-03-24T00:00:00+00:00, run_after=2023-03-25T00:00:00+00:00
[2023-03-24T10:19:43.652+0000] {processor.py:175} INFO - Processing /opt/airflow/dags/transfer_gcp_to_bq.py took 0.573 seconds
[2023-03-24T10:20:13.816+0000] {processor.py:153} INFO - Started process (PID=3230) to work on /opt/airflow/dags/transfer_gcp_to_bq.py
[2023-03-24T10:20:13.817+0000] {processor.py:743} INFO - Processing file /opt/airflow/dags/transfer_gcp_to_bq.py for tasks to queue
[2023-03-24T10:20:13.817+0000] {logging_mixin.py:137} INFO - [2023-03-24T10:20:13.817+0000] {dagbag.py:538} INFO - Filling up the DagBag from /opt/airflow/dags/transfer_gcp_to_bq.py
[2023-03-24T10:20:14.625+0000] {processor.py:753} INFO - DAG(s) dict_keys(['gcs_2_bq_dag']) retrieved from /opt/airflow/dags/transfer_gcp_to_bq.py
[2023-03-24T10:20:14.640+0000] {logging_mixin.py:137} INFO - [2023-03-24T10:20:14.640+0000] {dag.py:2690} INFO - Sync 1 DAGs
[2023-03-24T10:20:14.660+0000] {logging_mixin.py:137} INFO - [2023-03-24T10:20:14.659+0000] {dag.py:3441} INFO - Setting next_dagrun for gcs_2_bq_dag to 2023-03-24T00:00:00+00:00, run_after=2023-03-25T00:00:00+00:00
[2023-03-24T10:20:14.676+0000] {processor.py:175} INFO - Processing /opt/airflow/dags/transfer_gcp_to_bq.py took 0.862 seconds
[2023-03-24T10:20:44.842+0000] {processor.py:153} INFO - Started process (PID=3284) to work on /opt/airflow/dags/transfer_gcp_to_bq.py
[2023-03-24T10:20:44.843+0000] {processor.py:743} INFO - Processing file /opt/airflow/dags/transfer_gcp_to_bq.py for tasks to queue
[2023-03-24T10:20:44.844+0000] {logging_mixin.py:137} INFO - [2023-03-24T10:20:44.844+0000] {dagbag.py:538} INFO - Filling up the DagBag from /opt/airflow/dags/transfer_gcp_to_bq.py
[2023-03-24T10:20:45.331+0000] {processor.py:753} INFO - DAG(s) dict_keys(['gcs_2_bq_dag']) retrieved from /opt/airflow/dags/transfer_gcp_to_bq.py
[2023-03-24T10:20:45.346+0000] {logging_mixin.py:137} INFO - [2023-03-24T10:20:45.346+0000] {dag.py:2690} INFO - Sync 1 DAGs
[2023-03-24T10:20:45.364+0000] {logging_mixin.py:137} INFO - [2023-03-24T10:20:45.364+0000] {dag.py:3441} INFO - Setting next_dagrun for gcs_2_bq_dag to 2023-03-24T00:00:00+00:00, run_after=2023-03-25T00:00:00+00:00
[2023-03-24T10:20:45.387+0000] {processor.py:175} INFO - Processing /opt/airflow/dags/transfer_gcp_to_bq.py took 0.549 seconds
[2023-03-24T10:21:15.538+0000] {processor.py:153} INFO - Started process (PID=3337) to work on /opt/airflow/dags/transfer_gcp_to_bq.py
[2023-03-24T10:21:15.539+0000] {processor.py:743} INFO - Processing file /opt/airflow/dags/transfer_gcp_to_bq.py for tasks to queue
[2023-03-24T10:21:15.539+0000] {logging_mixin.py:137} INFO - [2023-03-24T10:21:15.539+0000] {dagbag.py:538} INFO - Filling up the DagBag from /opt/airflow/dags/transfer_gcp_to_bq.py
[2023-03-24T10:21:16.048+0000] {processor.py:753} INFO - DAG(s) dict_keys(['gcs_2_bq_dag']) retrieved from /opt/airflow/dags/transfer_gcp_to_bq.py
[2023-03-24T10:21:16.069+0000] {logging_mixin.py:137} INFO - [2023-03-24T10:21:16.069+0000] {dag.py:2690} INFO - Sync 1 DAGs
[2023-03-24T10:21:16.098+0000] {logging_mixin.py:137} INFO - [2023-03-24T10:21:16.098+0000] {dag.py:3441} INFO - Setting next_dagrun for gcs_2_bq_dag to 2023-03-24T00:00:00+00:00, run_after=2023-03-25T00:00:00+00:00
[2023-03-24T10:21:16.116+0000] {processor.py:175} INFO - Processing /opt/airflow/dags/transfer_gcp_to_bq.py took 0.580 seconds
[2023-03-24T10:21:46.313+0000] {processor.py:153} INFO - Started process (PID=3375) to work on /opt/airflow/dags/transfer_gcp_to_bq.py
[2023-03-24T10:21:46.317+0000] {processor.py:743} INFO - Processing file /opt/airflow/dags/transfer_gcp_to_bq.py for tasks to queue
[2023-03-24T10:21:46.317+0000] {logging_mixin.py:137} INFO - [2023-03-24T10:21:46.317+0000] {dagbag.py:538} INFO - Filling up the DagBag from /opt/airflow/dags/transfer_gcp_to_bq.py
[2023-03-24T10:21:46.795+0000] {processor.py:753} INFO - DAG(s) dict_keys(['gcs_2_bq_dag']) retrieved from /opt/airflow/dags/transfer_gcp_to_bq.py
[2023-03-24T10:21:46.822+0000] {logging_mixin.py:137} INFO - [2023-03-24T10:21:46.821+0000] {dag.py:2690} INFO - Sync 1 DAGs
[2023-03-24T10:21:46.846+0000] {logging_mixin.py:137} INFO - [2023-03-24T10:21:46.846+0000] {dag.py:3441} INFO - Setting next_dagrun for gcs_2_bq_dag to 2023-03-24T00:00:00+00:00, run_after=2023-03-25T00:00:00+00:00
[2023-03-24T10:21:46.861+0000] {processor.py:175} INFO - Processing /opt/airflow/dags/transfer_gcp_to_bq.py took 0.549 seconds
[2023-03-24T10:22:17.016+0000] {processor.py:153} INFO - Started process (PID=3428) to work on /opt/airflow/dags/transfer_gcp_to_bq.py
[2023-03-24T10:22:17.017+0000] {processor.py:743} INFO - Processing file /opt/airflow/dags/transfer_gcp_to_bq.py for tasks to queue
[2023-03-24T10:22:17.018+0000] {logging_mixin.py:137} INFO - [2023-03-24T10:22:17.017+0000] {dagbag.py:538} INFO - Filling up the DagBag from /opt/airflow/dags/transfer_gcp_to_bq.py
[2023-03-24T10:22:17.585+0000] {processor.py:753} INFO - DAG(s) dict_keys(['gcs_2_bq_dag']) retrieved from /opt/airflow/dags/transfer_gcp_to_bq.py
[2023-03-24T10:22:17.612+0000] {logging_mixin.py:137} INFO - [2023-03-24T10:22:17.612+0000] {dag.py:2690} INFO - Sync 1 DAGs
[2023-03-24T10:22:17.635+0000] {logging_mixin.py:137} INFO - [2023-03-24T10:22:17.635+0000] {dag.py:3441} INFO - Setting next_dagrun for gcs_2_bq_dag to 2023-03-24T00:00:00+00:00, run_after=2023-03-25T00:00:00+00:00
[2023-03-24T10:22:17.651+0000] {processor.py:175} INFO - Processing /opt/airflow/dags/transfer_gcp_to_bq.py took 0.637 seconds
[2023-03-24T10:22:47.802+0000] {processor.py:153} INFO - Started process (PID=3466) to work on /opt/airflow/dags/transfer_gcp_to_bq.py
[2023-03-24T10:22:47.803+0000] {processor.py:743} INFO - Processing file /opt/airflow/dags/transfer_gcp_to_bq.py for tasks to queue
[2023-03-24T10:22:47.803+0000] {logging_mixin.py:137} INFO - [2023-03-24T10:22:47.803+0000] {dagbag.py:538} INFO - Filling up the DagBag from /opt/airflow/dags/transfer_gcp_to_bq.py
[2023-03-24T10:22:48.298+0000] {processor.py:753} INFO - DAG(s) dict_keys(['gcs_2_bq_dag']) retrieved from /opt/airflow/dags/transfer_gcp_to_bq.py
[2023-03-24T10:22:48.317+0000] {logging_mixin.py:137} INFO - [2023-03-24T10:22:48.316+0000] {dag.py:2690} INFO - Sync 1 DAGs
[2023-03-24T10:22:48.345+0000] {logging_mixin.py:137} INFO - [2023-03-24T10:22:48.345+0000] {dag.py:3441} INFO - Setting next_dagrun for gcs_2_bq_dag to 2023-03-24T00:00:00+00:00, run_after=2023-03-25T00:00:00+00:00
[2023-03-24T10:22:48.360+0000] {processor.py:175} INFO - Processing /opt/airflow/dags/transfer_gcp_to_bq.py took 0.560 seconds
[2023-03-24T10:23:18.538+0000] {processor.py:153} INFO - Started process (PID=3520) to work on /opt/airflow/dags/transfer_gcp_to_bq.py
[2023-03-24T10:23:18.542+0000] {processor.py:743} INFO - Processing file /opt/airflow/dags/transfer_gcp_to_bq.py for tasks to queue
[2023-03-24T10:23:18.542+0000] {logging_mixin.py:137} INFO - [2023-03-24T10:23:18.542+0000] {dagbag.py:538} INFO - Filling up the DagBag from /opt/airflow/dags/transfer_gcp_to_bq.py
[2023-03-24T10:23:19.043+0000] {processor.py:753} INFO - DAG(s) dict_keys(['gcs_2_bq_dag']) retrieved from /opt/airflow/dags/transfer_gcp_to_bq.py
[2023-03-24T10:23:19.060+0000] {logging_mixin.py:137} INFO - [2023-03-24T10:23:19.059+0000] {dag.py:2690} INFO - Sync 1 DAGs
[2023-03-24T10:23:19.080+0000] {logging_mixin.py:137} INFO - [2023-03-24T10:23:19.079+0000] {dag.py:3441} INFO - Setting next_dagrun for gcs_2_bq_dag to 2023-03-24T00:00:00+00:00, run_after=2023-03-25T00:00:00+00:00
[2023-03-24T10:23:19.104+0000] {processor.py:175} INFO - Processing /opt/airflow/dags/transfer_gcp_to_bq.py took 0.569 seconds
[2023-03-24T10:23:49.298+0000] {processor.py:153} INFO - Started process (PID=3574) to work on /opt/airflow/dags/transfer_gcp_to_bq.py
[2023-03-24T10:23:49.302+0000] {processor.py:743} INFO - Processing file /opt/airflow/dags/transfer_gcp_to_bq.py for tasks to queue
[2023-03-24T10:23:49.302+0000] {logging_mixin.py:137} INFO - [2023-03-24T10:23:49.302+0000] {dagbag.py:538} INFO - Filling up the DagBag from /opt/airflow/dags/transfer_gcp_to_bq.py
[2023-03-24T10:23:49.807+0000] {processor.py:753} INFO - DAG(s) dict_keys(['gcs_2_bq_dag']) retrieved from /opt/airflow/dags/transfer_gcp_to_bq.py
[2023-03-24T10:23:49.822+0000] {logging_mixin.py:137} INFO - [2023-03-24T10:23:49.822+0000] {dag.py:2690} INFO - Sync 1 DAGs
[2023-03-24T10:23:49.846+0000] {logging_mixin.py:137} INFO - [2023-03-24T10:23:49.846+0000] {dag.py:3441} INFO - Setting next_dagrun for gcs_2_bq_dag to 2023-03-24T00:00:00+00:00, run_after=2023-03-25T00:00:00+00:00
[2023-03-24T10:23:49.865+0000] {processor.py:175} INFO - Processing /opt/airflow/dags/transfer_gcp_to_bq.py took 0.571 seconds
[2023-03-24T10:24:20.047+0000] {processor.py:153} INFO - Started process (PID=3612) to work on /opt/airflow/dags/transfer_gcp_to_bq.py
[2023-03-24T10:24:20.050+0000] {processor.py:743} INFO - Processing file /opt/airflow/dags/transfer_gcp_to_bq.py for tasks to queue
[2023-03-24T10:24:20.051+0000] {logging_mixin.py:137} INFO - [2023-03-24T10:24:20.051+0000] {dagbag.py:538} INFO - Filling up the DagBag from /opt/airflow/dags/transfer_gcp_to_bq.py
[2023-03-24T10:24:20.627+0000] {processor.py:753} INFO - DAG(s) dict_keys(['gcs_2_bq_dag']) retrieved from /opt/airflow/dags/transfer_gcp_to_bq.py
[2023-03-24T10:24:20.643+0000] {logging_mixin.py:137} INFO - [2023-03-24T10:24:20.642+0000] {dag.py:2690} INFO - Sync 1 DAGs
[2023-03-24T10:24:20.666+0000] {logging_mixin.py:137} INFO - [2023-03-24T10:24:20.666+0000] {dag.py:3441} INFO - Setting next_dagrun for gcs_2_bq_dag to 2023-03-24T00:00:00+00:00, run_after=2023-03-25T00:00:00+00:00
[2023-03-24T10:24:20.683+0000] {processor.py:175} INFO - Processing /opt/airflow/dags/transfer_gcp_to_bq.py took 0.638 seconds
[2023-03-24T10:24:50.883+0000] {processor.py:153} INFO - Started process (PID=3666) to work on /opt/airflow/dags/transfer_gcp_to_bq.py
[2023-03-24T10:24:50.889+0000] {processor.py:743} INFO - Processing file /opt/airflow/dags/transfer_gcp_to_bq.py for tasks to queue
[2023-03-24T10:24:50.890+0000] {logging_mixin.py:137} INFO - [2023-03-24T10:24:50.890+0000] {dagbag.py:538} INFO - Filling up the DagBag from /opt/airflow/dags/transfer_gcp_to_bq.py
[2023-03-24T10:24:51.403+0000] {processor.py:753} INFO - DAG(s) dict_keys(['gcs_2_bq_dag']) retrieved from /opt/airflow/dags/transfer_gcp_to_bq.py
[2023-03-24T10:24:51.419+0000] {logging_mixin.py:137} INFO - [2023-03-24T10:24:51.419+0000] {dag.py:2690} INFO - Sync 1 DAGs
[2023-03-24T10:24:51.438+0000] {logging_mixin.py:137} INFO - [2023-03-24T10:24:51.438+0000] {dag.py:3441} INFO - Setting next_dagrun for gcs_2_bq_dag to 2023-03-24T00:00:00+00:00, run_after=2023-03-25T00:00:00+00:00
[2023-03-24T10:24:51.454+0000] {processor.py:175} INFO - Processing /opt/airflow/dags/transfer_gcp_to_bq.py took 0.575 seconds
[2023-03-24T10:25:21.647+0000] {processor.py:153} INFO - Started process (PID=3720) to work on /opt/airflow/dags/transfer_gcp_to_bq.py
[2023-03-24T10:25:21.648+0000] {processor.py:743} INFO - Processing file /opt/airflow/dags/transfer_gcp_to_bq.py for tasks to queue
[2023-03-24T10:25:21.648+0000] {logging_mixin.py:137} INFO - [2023-03-24T10:25:21.648+0000] {dagbag.py:538} INFO - Filling up the DagBag from /opt/airflow/dags/transfer_gcp_to_bq.py
[2023-03-24T10:25:22.199+0000] {processor.py:753} INFO - DAG(s) dict_keys(['gcs_2_bq_dag']) retrieved from /opt/airflow/dags/transfer_gcp_to_bq.py
[2023-03-24T10:25:22.218+0000] {logging_mixin.py:137} INFO - [2023-03-24T10:25:22.218+0000] {dag.py:2690} INFO - Sync 1 DAGs
[2023-03-24T10:25:22.245+0000] {logging_mixin.py:137} INFO - [2023-03-24T10:25:22.245+0000] {dag.py:3441} INFO - Setting next_dagrun for gcs_2_bq_dag to 2023-03-24T00:00:00+00:00, run_after=2023-03-25T00:00:00+00:00
[2023-03-24T10:25:22.268+0000] {processor.py:175} INFO - Processing /opt/airflow/dags/transfer_gcp_to_bq.py took 0.624 seconds
[2023-03-24T10:25:52.440+0000] {processor.py:153} INFO - Started process (PID=3758) to work on /opt/airflow/dags/transfer_gcp_to_bq.py
[2023-03-24T10:25:52.441+0000] {processor.py:743} INFO - Processing file /opt/airflow/dags/transfer_gcp_to_bq.py for tasks to queue
[2023-03-24T10:25:52.441+0000] {logging_mixin.py:137} INFO - [2023-03-24T10:25:52.441+0000] {dagbag.py:538} INFO - Filling up the DagBag from /opt/airflow/dags/transfer_gcp_to_bq.py
[2023-03-24T10:25:52.957+0000] {processor.py:753} INFO - DAG(s) dict_keys(['gcs_2_bq_dag']) retrieved from /opt/airflow/dags/transfer_gcp_to_bq.py
[2023-03-24T10:25:52.974+0000] {logging_mixin.py:137} INFO - [2023-03-24T10:25:52.973+0000] {dag.py:2690} INFO - Sync 1 DAGs
[2023-03-24T10:25:52.993+0000] {logging_mixin.py:137} INFO - [2023-03-24T10:25:52.993+0000] {dag.py:3441} INFO - Setting next_dagrun for gcs_2_bq_dag to 2023-03-24T00:00:00+00:00, run_after=2023-03-25T00:00:00+00:00
[2023-03-24T10:25:53.013+0000] {processor.py:175} INFO - Processing /opt/airflow/dags/transfer_gcp_to_bq.py took 0.576 seconds
[2023-03-24T10:26:23.176+0000] {processor.py:153} INFO - Started process (PID=3812) to work on /opt/airflow/dags/transfer_gcp_to_bq.py
[2023-03-24T10:26:23.179+0000] {processor.py:743} INFO - Processing file /opt/airflow/dags/transfer_gcp_to_bq.py for tasks to queue
[2023-03-24T10:26:23.180+0000] {logging_mixin.py:137} INFO - [2023-03-24T10:26:23.180+0000] {dagbag.py:538} INFO - Filling up the DagBag from /opt/airflow/dags/transfer_gcp_to_bq.py
[2023-03-24T10:26:23.673+0000] {processor.py:753} INFO - DAG(s) dict_keys(['gcs_2_bq_dag']) retrieved from /opt/airflow/dags/transfer_gcp_to_bq.py
[2023-03-24T10:26:23.687+0000] {logging_mixin.py:137} INFO - [2023-03-24T10:26:23.687+0000] {dag.py:2690} INFO - Sync 1 DAGs
[2023-03-24T10:26:23.706+0000] {logging_mixin.py:137} INFO - [2023-03-24T10:26:23.706+0000] {dag.py:3441} INFO - Setting next_dagrun for gcs_2_bq_dag to 2023-03-24T00:00:00+00:00, run_after=2023-03-25T00:00:00+00:00
[2023-03-24T10:26:23.723+0000] {processor.py:175} INFO - Processing /opt/airflow/dags/transfer_gcp_to_bq.py took 0.551 seconds
[2023-03-24T10:26:53.885+0000] {processor.py:153} INFO - Started process (PID=3860) to work on /opt/airflow/dags/transfer_gcp_to_bq.py
[2023-03-24T10:26:53.885+0000] {processor.py:743} INFO - Processing file /opt/airflow/dags/transfer_gcp_to_bq.py for tasks to queue
[2023-03-24T10:26:53.886+0000] {logging_mixin.py:137} INFO - [2023-03-24T10:26:53.886+0000] {dagbag.py:538} INFO - Filling up the DagBag from /opt/airflow/dags/transfer_gcp_to_bq.py
[2023-03-24T10:26:54.494+0000] {processor.py:753} INFO - DAG(s) dict_keys(['gcs_2_bq_dag']) retrieved from /opt/airflow/dags/transfer_gcp_to_bq.py
[2023-03-24T10:26:54.516+0000] {logging_mixin.py:137} INFO - [2023-03-24T10:26:54.515+0000] {dag.py:2690} INFO - Sync 1 DAGs
[2023-03-24T10:26:54.546+0000] {logging_mixin.py:137} INFO - [2023-03-24T10:26:54.545+0000] {dag.py:3441} INFO - Setting next_dagrun for gcs_2_bq_dag to 2023-03-24T00:00:00+00:00, run_after=2023-03-25T00:00:00+00:00
[2023-03-24T10:26:54.562+0000] {processor.py:175} INFO - Processing /opt/airflow/dags/transfer_gcp_to_bq.py took 0.680 seconds
[2023-03-24T10:27:24.740+0000] {processor.py:153} INFO - Started process (PID=3905) to work on /opt/airflow/dags/transfer_gcp_to_bq.py
[2023-03-24T10:27:24.741+0000] {processor.py:743} INFO - Processing file /opt/airflow/dags/transfer_gcp_to_bq.py for tasks to queue
[2023-03-24T10:27:24.742+0000] {logging_mixin.py:137} INFO - [2023-03-24T10:27:24.742+0000] {dagbag.py:538} INFO - Filling up the DagBag from /opt/airflow/dags/transfer_gcp_to_bq.py
[2023-03-24T10:27:25.232+0000] {processor.py:753} INFO - DAG(s) dict_keys(['gcs_2_bq_dag']) retrieved from /opt/airflow/dags/transfer_gcp_to_bq.py
[2023-03-24T10:27:25.247+0000] {logging_mixin.py:137} INFO - [2023-03-24T10:27:25.246+0000] {dag.py:2690} INFO - Sync 1 DAGs
[2023-03-24T10:27:25.265+0000] {logging_mixin.py:137} INFO - [2023-03-24T10:27:25.265+0000] {dag.py:3441} INFO - Setting next_dagrun for gcs_2_bq_dag to 2023-03-24T00:00:00+00:00, run_after=2023-03-25T00:00:00+00:00
[2023-03-24T10:27:25.280+0000] {processor.py:175} INFO - Processing /opt/airflow/dags/transfer_gcp_to_bq.py took 0.543 seconds
[2023-03-24T10:27:55.449+0000] {processor.py:153} INFO - Started process (PID=3959) to work on /opt/airflow/dags/transfer_gcp_to_bq.py
[2023-03-24T10:27:55.449+0000] {processor.py:743} INFO - Processing file /opt/airflow/dags/transfer_gcp_to_bq.py for tasks to queue
[2023-03-24T10:27:55.450+0000] {logging_mixin.py:137} INFO - [2023-03-24T10:27:55.450+0000] {dagbag.py:538} INFO - Filling up the DagBag from /opt/airflow/dags/transfer_gcp_to_bq.py
[2023-03-24T10:27:55.943+0000] {processor.py:753} INFO - DAG(s) dict_keys(['gcs_2_bq_dag']) retrieved from /opt/airflow/dags/transfer_gcp_to_bq.py
[2023-03-24T10:27:55.959+0000] {logging_mixin.py:137} INFO - [2023-03-24T10:27:55.959+0000] {dag.py:2690} INFO - Sync 1 DAGs
[2023-03-24T10:27:55.979+0000] {logging_mixin.py:137} INFO - [2023-03-24T10:27:55.978+0000] {dag.py:3441} INFO - Setting next_dagrun for gcs_2_bq_dag to 2023-03-24T00:00:00+00:00, run_after=2023-03-25T00:00:00+00:00
[2023-03-24T10:27:55.994+0000] {processor.py:175} INFO - Processing /opt/airflow/dags/transfer_gcp_to_bq.py took 0.551 seconds
[2023-03-24T10:28:26.147+0000] {processor.py:153} INFO - Started process (PID=3997) to work on /opt/airflow/dags/transfer_gcp_to_bq.py
[2023-03-24T10:28:26.149+0000] {processor.py:743} INFO - Processing file /opt/airflow/dags/transfer_gcp_to_bq.py for tasks to queue
[2023-03-24T10:28:26.149+0000] {logging_mixin.py:137} INFO - [2023-03-24T10:28:26.149+0000] {dagbag.py:538} INFO - Filling up the DagBag from /opt/airflow/dags/transfer_gcp_to_bq.py
[2023-03-24T10:28:26.710+0000] {processor.py:753} INFO - DAG(s) dict_keys(['gcs_2_bq_dag']) retrieved from /opt/airflow/dags/transfer_gcp_to_bq.py
[2023-03-24T10:28:26.727+0000] {logging_mixin.py:137} INFO - [2023-03-24T10:28:26.727+0000] {dag.py:2690} INFO - Sync 1 DAGs
[2023-03-24T10:28:26.753+0000] {logging_mixin.py:137} INFO - [2023-03-24T10:28:26.753+0000] {dag.py:3441} INFO - Setting next_dagrun for gcs_2_bq_dag to 2023-03-24T00:00:00+00:00, run_after=2023-03-25T00:00:00+00:00
[2023-03-24T10:28:26.779+0000] {processor.py:175} INFO - Processing /opt/airflow/dags/transfer_gcp_to_bq.py took 0.634 seconds
[2023-03-24T10:28:56.970+0000] {processor.py:153} INFO - Started process (PID=4051) to work on /opt/airflow/dags/transfer_gcp_to_bq.py
[2023-03-24T10:28:56.970+0000] {processor.py:743} INFO - Processing file /opt/airflow/dags/transfer_gcp_to_bq.py for tasks to queue
[2023-03-24T10:28:56.971+0000] {logging_mixin.py:137} INFO - [2023-03-24T10:28:56.970+0000] {dagbag.py:538} INFO - Filling up the DagBag from /opt/airflow/dags/transfer_gcp_to_bq.py
[2023-03-24T10:28:57.474+0000] {processor.py:753} INFO - DAG(s) dict_keys(['gcs_2_bq_dag']) retrieved from /opt/airflow/dags/transfer_gcp_to_bq.py
[2023-03-24T10:28:57.490+0000] {logging_mixin.py:137} INFO - [2023-03-24T10:28:57.490+0000] {dag.py:2690} INFO - Sync 1 DAGs
[2023-03-24T10:28:57.509+0000] {logging_mixin.py:137} INFO - [2023-03-24T10:28:57.509+0000] {dag.py:3441} INFO - Setting next_dagrun for gcs_2_bq_dag to 2023-03-24T00:00:00+00:00, run_after=2023-03-25T00:00:00+00:00
[2023-03-24T10:28:57.527+0000] {processor.py:175} INFO - Processing /opt/airflow/dags/transfer_gcp_to_bq.py took 0.560 seconds
[2023-03-24T10:29:27.712+0000] {processor.py:153} INFO - Started process (PID=4105) to work on /opt/airflow/dags/transfer_gcp_to_bq.py
[2023-03-24T10:29:27.713+0000] {processor.py:743} INFO - Processing file /opt/airflow/dags/transfer_gcp_to_bq.py for tasks to queue
[2023-03-24T10:29:27.714+0000] {logging_mixin.py:137} INFO - [2023-03-24T10:29:27.714+0000] {dagbag.py:538} INFO - Filling up the DagBag from /opt/airflow/dags/transfer_gcp_to_bq.py
[2023-03-24T10:29:28.223+0000] {processor.py:753} INFO - DAG(s) dict_keys(['gcs_2_bq_dag']) retrieved from /opt/airflow/dags/transfer_gcp_to_bq.py
[2023-03-24T10:29:28.240+0000] {logging_mixin.py:137} INFO - [2023-03-24T10:29:28.239+0000] {dag.py:2690} INFO - Sync 1 DAGs
[2023-03-24T10:29:28.258+0000] {logging_mixin.py:137} INFO - [2023-03-24T10:29:28.258+0000] {dag.py:3441} INFO - Setting next_dagrun for gcs_2_bq_dag to 2023-03-24T00:00:00+00:00, run_after=2023-03-25T00:00:00+00:00
[2023-03-24T10:29:28.273+0000] {processor.py:175} INFO - Processing /opt/airflow/dags/transfer_gcp_to_bq.py took 0.567 seconds
[2023-03-24T10:29:58.440+0000] {processor.py:153} INFO - Started process (PID=4143) to work on /opt/airflow/dags/transfer_gcp_to_bq.py
[2023-03-24T10:29:58.441+0000] {processor.py:743} INFO - Processing file /opt/airflow/dags/transfer_gcp_to_bq.py for tasks to queue
[2023-03-24T10:29:58.442+0000] {logging_mixin.py:137} INFO - [2023-03-24T10:29:58.442+0000] {dagbag.py:538} INFO - Filling up the DagBag from /opt/airflow/dags/transfer_gcp_to_bq.py
[2023-03-24T10:29:58.953+0000] {processor.py:753} INFO - DAG(s) dict_keys(['gcs_2_bq_dag']) retrieved from /opt/airflow/dags/transfer_gcp_to_bq.py
[2023-03-24T10:29:58.968+0000] {logging_mixin.py:137} INFO - [2023-03-24T10:29:58.968+0000] {dag.py:2690} INFO - Sync 1 DAGs
[2023-03-24T10:29:58.989+0000] {logging_mixin.py:137} INFO - [2023-03-24T10:29:58.988+0000] {dag.py:3441} INFO - Setting next_dagrun for gcs_2_bq_dag to 2023-03-24T00:00:00+00:00, run_after=2023-03-25T00:00:00+00:00
[2023-03-24T10:29:59.008+0000] {processor.py:175} INFO - Processing /opt/airflow/dags/transfer_gcp_to_bq.py took 0.571 seconds
[2023-03-24T10:30:29.175+0000] {processor.py:153} INFO - Started process (PID=4197) to work on /opt/airflow/dags/transfer_gcp_to_bq.py
[2023-03-24T10:30:29.176+0000] {processor.py:743} INFO - Processing file /opt/airflow/dags/transfer_gcp_to_bq.py for tasks to queue
[2023-03-24T10:30:29.176+0000] {logging_mixin.py:137} INFO - [2023-03-24T10:30:29.176+0000] {dagbag.py:538} INFO - Filling up the DagBag from /opt/airflow/dags/transfer_gcp_to_bq.py
[2023-03-24T10:30:29.669+0000] {processor.py:753} INFO - DAG(s) dict_keys(['gcs_2_bq_dag']) retrieved from /opt/airflow/dags/transfer_gcp_to_bq.py
[2023-03-24T10:30:29.685+0000] {logging_mixin.py:137} INFO - [2023-03-24T10:30:29.685+0000] {dag.py:2690} INFO - Sync 1 DAGs
[2023-03-24T10:30:29.704+0000] {logging_mixin.py:137} INFO - [2023-03-24T10:30:29.704+0000] {dag.py:3441} INFO - Setting next_dagrun for gcs_2_bq_dag to 2023-03-24T00:00:00+00:00, run_after=2023-03-25T00:00:00+00:00
[2023-03-24T10:30:29.722+0000] {processor.py:175} INFO - Processing /opt/airflow/dags/transfer_gcp_to_bq.py took 0.550 seconds
[2023-03-24T10:30:59.877+0000] {processor.py:153} INFO - Started process (PID=4244) to work on /opt/airflow/dags/transfer_gcp_to_bq.py
[2023-03-24T10:30:59.881+0000] {processor.py:743} INFO - Processing file /opt/airflow/dags/transfer_gcp_to_bq.py for tasks to queue
[2023-03-24T10:30:59.882+0000] {logging_mixin.py:137} INFO - [2023-03-24T10:30:59.881+0000] {dagbag.py:538} INFO - Filling up the DagBag from /opt/airflow/dags/transfer_gcp_to_bq.py
[2023-03-24T10:31:01.048+0000] {processor.py:753} INFO - DAG(s) dict_keys(['gcs_2_bq_dag']) retrieved from /opt/airflow/dags/transfer_gcp_to_bq.py
[2023-03-24T10:31:01.066+0000] {logging_mixin.py:137} INFO - [2023-03-24T10:31:01.066+0000] {dag.py:2690} INFO - Sync 1 DAGs
[2023-03-24T10:31:01.096+0000] {logging_mixin.py:137} INFO - [2023-03-24T10:31:01.096+0000] {dag.py:3441} INFO - Setting next_dagrun for gcs_2_bq_dag to 2023-03-24T00:00:00+00:00, run_after=2023-03-25T00:00:00+00:00
[2023-03-24T10:31:01.119+0000] {processor.py:175} INFO - Processing /opt/airflow/dags/transfer_gcp_to_bq.py took 1.244 seconds
[2023-03-24T10:31:31.298+0000] {processor.py:153} INFO - Started process (PID=4289) to work on /opt/airflow/dags/transfer_gcp_to_bq.py
[2023-03-24T10:31:31.300+0000] {processor.py:743} INFO - Processing file /opt/airflow/dags/transfer_gcp_to_bq.py for tasks to queue
[2023-03-24T10:31:31.301+0000] {logging_mixin.py:137} INFO - [2023-03-24T10:31:31.300+0000] {dagbag.py:538} INFO - Filling up the DagBag from /opt/airflow/dags/transfer_gcp_to_bq.py
[2023-03-24T10:31:31.784+0000] {processor.py:753} INFO - DAG(s) dict_keys(['gcs_2_bq_dag']) retrieved from /opt/airflow/dags/transfer_gcp_to_bq.py
[2023-03-24T10:31:31.800+0000] {logging_mixin.py:137} INFO - [2023-03-24T10:31:31.800+0000] {dag.py:2690} INFO - Sync 1 DAGs
[2023-03-24T10:31:31.818+0000] {logging_mixin.py:137} INFO - [2023-03-24T10:31:31.818+0000] {dag.py:3441} INFO - Setting next_dagrun for gcs_2_bq_dag to 2023-03-24T00:00:00+00:00, run_after=2023-03-25T00:00:00+00:00
[2023-03-24T10:31:31.832+0000] {processor.py:175} INFO - Processing /opt/airflow/dags/transfer_gcp_to_bq.py took 0.539 seconds
[2023-03-24T10:32:02.009+0000] {processor.py:153} INFO - Started process (PID=4342) to work on /opt/airflow/dags/transfer_gcp_to_bq.py
[2023-03-24T10:32:02.010+0000] {processor.py:743} INFO - Processing file /opt/airflow/dags/transfer_gcp_to_bq.py for tasks to queue
[2023-03-24T10:32:02.010+0000] {logging_mixin.py:137} INFO - [2023-03-24T10:32:02.010+0000] {dagbag.py:538} INFO - Filling up the DagBag from /opt/airflow/dags/transfer_gcp_to_bq.py
[2023-03-24T10:32:03.325+0000] {processor.py:753} INFO - DAG(s) dict_keys(['gcs_2_bq_dag']) retrieved from /opt/airflow/dags/transfer_gcp_to_bq.py
[2023-03-24T10:32:03.358+0000] {logging_mixin.py:137} INFO - [2023-03-24T10:32:03.357+0000] {dag.py:2690} INFO - Sync 1 DAGs
[2023-03-24T10:32:03.380+0000] {logging_mixin.py:137} INFO - [2023-03-24T10:32:03.380+0000] {dag.py:3441} INFO - Setting next_dagrun for gcs_2_bq_dag to 2023-03-24T00:00:00+00:00, run_after=2023-03-25T00:00:00+00:00
[2023-03-24T10:32:03.397+0000] {processor.py:175} INFO - Processing /opt/airflow/dags/transfer_gcp_to_bq.py took 1.391 seconds
[2023-03-24T10:49:59.314+0000] {processor.py:153} INFO - Started process (PID=6023) to work on /opt/airflow/dags/transfer_gcp_to_bq.py
[2023-03-24T10:49:59.318+0000] {processor.py:743} INFO - Processing file /opt/airflow/dags/transfer_gcp_to_bq.py for tasks to queue
[2023-03-24T10:49:59.319+0000] {logging_mixin.py:137} INFO - [2023-03-24T10:49:59.319+0000] {dagbag.py:538} INFO - Filling up the DagBag from /opt/airflow/dags/transfer_gcp_to_bq.py
[2023-03-24T10:49:59.832+0000] {processor.py:753} INFO - DAG(s) dict_keys(['gcs_2_bq_dag']) retrieved from /opt/airflow/dags/transfer_gcp_to_bq.py
[2023-03-24T10:49:59.846+0000] {logging_mixin.py:137} INFO - [2023-03-24T10:49:59.846+0000] {dag.py:2690} INFO - Sync 1 DAGs
[2023-03-24T10:49:59.866+0000] {logging_mixin.py:137} INFO - [2023-03-24T10:49:59.866+0000] {dag.py:3441} INFO - Setting next_dagrun for gcs_2_bq_dag to 2023-03-24T00:00:00+00:00, run_after=2023-03-25T00:00:00+00:00
[2023-03-24T10:49:59.885+0000] {processor.py:175} INFO - Processing /opt/airflow/dags/transfer_gcp_to_bq.py took 0.576 seconds
[2023-03-24T10:50:30.061+0000] {processor.py:153} INFO - Started process (PID=6077) to work on /opt/airflow/dags/transfer_gcp_to_bq.py
[2023-03-24T10:50:30.062+0000] {processor.py:743} INFO - Processing file /opt/airflow/dags/transfer_gcp_to_bq.py for tasks to queue
[2023-03-24T10:50:30.062+0000] {logging_mixin.py:137} INFO - [2023-03-24T10:50:30.062+0000] {dagbag.py:538} INFO - Filling up the DagBag from /opt/airflow/dags/transfer_gcp_to_bq.py
[2023-03-24T10:50:30.546+0000] {processor.py:753} INFO - DAG(s) dict_keys(['gcs_2_bq_dag']) retrieved from /opt/airflow/dags/transfer_gcp_to_bq.py
[2023-03-24T10:50:30.561+0000] {logging_mixin.py:137} INFO - [2023-03-24T10:50:30.560+0000] {dag.py:2690} INFO - Sync 1 DAGs
[2023-03-24T10:50:30.578+0000] {logging_mixin.py:137} INFO - [2023-03-24T10:50:30.578+0000] {dag.py:3441} INFO - Setting next_dagrun for gcs_2_bq_dag to 2023-03-24T00:00:00+00:00, run_after=2023-03-25T00:00:00+00:00
[2023-03-24T10:50:30.595+0000] {processor.py:175} INFO - Processing /opt/airflow/dags/transfer_gcp_to_bq.py took 0.537 seconds
