[2023-03-21T23:01:56.408+0000] {taskinstance.py:1083} INFO - Dependencies all met for <TaskInstance: gcs_2_bq_dag.bq_create_yellow_tripdata_partitioned_table manual__2023-03-21T22:56:38.581017+00:00 [queued]>
[2023-03-21T23:01:56.416+0000] {taskinstance.py:1083} INFO - Dependencies all met for <TaskInstance: gcs_2_bq_dag.bq_create_yellow_tripdata_partitioned_table manual__2023-03-21T22:56:38.581017+00:00 [queued]>
[2023-03-21T23:01:56.416+0000] {taskinstance.py:1279} INFO - 
--------------------------------------------------------------------------------
[2023-03-21T23:01:56.416+0000] {taskinstance.py:1280} INFO - Starting attempt 1 of 2
[2023-03-21T23:01:56.416+0000] {taskinstance.py:1281} INFO - 
--------------------------------------------------------------------------------
[2023-03-21T23:01:56.426+0000] {taskinstance.py:1300} INFO - Executing <Task(BigQueryInsertJobOperator): bq_create_yellow_tripdata_partitioned_table> on 2023-03-21 22:56:38.581017+00:00
[2023-03-21T23:01:56.432+0000] {standard_task_runner.py:55} INFO - Started process 8791 to run task
[2023-03-21T23:01:56.434+0000] {standard_task_runner.py:82} INFO - Running: ['***', 'tasks', 'run', 'gcs_2_bq_dag', 'bq_create_yellow_tripdata_partitioned_table', 'manual__2023-03-21T22:56:38.581017+00:00', '--job-id', '1916', '--raw', '--subdir', 'DAGS_FOLDER/transfer_gcp_to_bq.py', '--cfg-path', '/tmp/tmp8w9w3swp']
[2023-03-21T23:01:56.435+0000] {standard_task_runner.py:83} INFO - Job 1916: Subtask bq_create_yellow_tripdata_partitioned_table
[2023-03-21T23:01:56.443+0000] {warnings.py:110} WARNING - /home/***/.local/lib/python3.7/site-packages/***/settings.py:249: DeprecationWarning: The sql_alchemy_conn option in [core] has been moved to the sql_alchemy_conn option in [database] - the old setting has been used, but please update your config.
  SQL_ALCHEMY_CONN = conf.get("database", "SQL_ALCHEMY_CONN")

[2023-03-21T23:01:56.474+0000] {task_command.py:388} INFO - Running <TaskInstance: gcs_2_bq_dag.bq_create_yellow_tripdata_partitioned_table manual__2023-03-21T22:56:38.581017+00:00 [running]> on host 4b3eeaf199d3
[2023-03-21T23:01:56.521+0000] {taskinstance.py:1509} INFO - Exporting the following env vars:
AIRFLOW_CTX_DAG_OWNER=***
AIRFLOW_CTX_DAG_ID=gcs_2_bq_dag
AIRFLOW_CTX_TASK_ID=bq_create_yellow_tripdata_partitioned_table
AIRFLOW_CTX_EXECUTION_DATE=2023-03-21T22:56:38.581017+00:00
AIRFLOW_CTX_TRY_NUMBER=1
AIRFLOW_CTX_DAG_RUN_ID=manual__2023-03-21T22:56:38.581017+00:00
[2023-03-21T23:01:56.522+0000] {crypto.py:83} WARNING - empty cryptography key - values will not be stored encrypted.
[2023-03-21T23:01:56.522+0000] {base.py:73} INFO - Using connection ID 'google_cloud_default' for task execution.
[2023-03-21T23:01:56.523+0000] {bigquery.py:2731} INFO - Executing: {'query': {'query': 'CREATE OR REPLACE TABLE trips_data_all.yellow_tripdata             PARTITION BY DATE(tpep_pickup_datetime)             AS             SELECT * FROM trips_data_all.yellow_tripdata_external_table;', 'useLegacySql': False}}'
[2023-03-21T23:01:56.528+0000] {bigquery.py:1546} INFO - Inserting job ***_gcs_2_bq_dag_bq_create_yellow_tripdata_partitioned_table_2023_03_21T22_56_38_581017_00_00_0b6292b8c37434dae82e1f949afb60c2
[2023-03-21T23:02:10.426+0000] {taskinstance.py:1323} INFO - Marking task as SUCCESS. dag_id=gcs_2_bq_dag, task_id=bq_create_yellow_tripdata_partitioned_table, execution_date=20230321T225638, start_date=20230321T230156, end_date=20230321T230210
[2023-03-21T23:02:10.479+0000] {local_task_job.py:208} INFO - Task exited with return code 0
[2023-03-21T23:02:10.504+0000] {taskinstance.py:2578} INFO - 0 downstream tasks scheduled from follow-on schedule check
