[2023-03-18T15:19:30.842+0000] {taskinstance.py:1083} INFO - Dependencies all met for <TaskInstance: data_ingestion_gcs_dag.biqquery_external_table manual__2023-03-18T15:18:26.305072+00:00 [queued]>
[2023-03-18T15:19:30.852+0000] {taskinstance.py:1083} INFO - Dependencies all met for <TaskInstance: data_ingestion_gcs_dag.biqquery_external_table manual__2023-03-18T15:18:26.305072+00:00 [queued]>
[2023-03-18T15:19:30.852+0000] {taskinstance.py:1279} INFO - 
--------------------------------------------------------------------------------
[2023-03-18T15:19:30.852+0000] {taskinstance.py:1280} INFO - Starting attempt 1 of 1
[2023-03-18T15:19:30.852+0000] {taskinstance.py:1281} INFO - 
--------------------------------------------------------------------------------
[2023-03-18T15:19:30.867+0000] {taskinstance.py:1300} INFO - Executing <Task(BigQueryCreateExternalTableOperator): biqquery_external_table> on 2023-03-18 15:18:26.305072+00:00
[2023-03-18T15:19:30.874+0000] {standard_task_runner.py:55} INFO - Started process 1445 to run task
[2023-03-18T15:19:30.878+0000] {standard_task_runner.py:82} INFO - Running: ['***', 'tasks', 'run', 'data_ingestion_gcs_dag', 'biqquery_external_table', 'manual__2023-03-18T15:18:26.305072+00:00', '--job-id', '1878', '--raw', '--subdir', 'DAGS_FOLDER/ingestion_script_gcp.py', '--cfg-path', '/tmp/tmpc00ih0fz']
[2023-03-18T15:19:30.879+0000] {standard_task_runner.py:83} INFO - Job 1878: Subtask biqquery_external_table
[2023-03-18T15:19:30.889+0000] {warnings.py:110} WARNING - /home/***/.local/lib/python3.7/site-packages/***/settings.py:249: DeprecationWarning: The sql_alchemy_conn option in [core] has been moved to the sql_alchemy_conn option in [database] - the old setting has been used, but please update your config.
  SQL_ALCHEMY_CONN = conf.get("database", "SQL_ALCHEMY_CONN")

[2023-03-18T15:19:30.925+0000] {task_command.py:388} INFO - Running <TaskInstance: data_ingestion_gcs_dag.biqquery_external_table manual__2023-03-18T15:18:26.305072+00:00 [running]> on host 4b3eeaf199d3
[2023-03-18T15:19:30.981+0000] {taskinstance.py:1509} INFO - Exporting the following env vars:
AIRFLOW_CTX_DAG_OWNER=***
AIRFLOW_CTX_DAG_ID=data_ingestion_gcs_dag
AIRFLOW_CTX_TASK_ID=biqquery_external_table
AIRFLOW_CTX_EXECUTION_DATE=2023-03-18T15:18:26.305072+00:00
AIRFLOW_CTX_TRY_NUMBER=1
AIRFLOW_CTX_DAG_RUN_ID=manual__2023-03-18T15:18:26.305072+00:00
[2023-03-18T15:19:30.983+0000] {crypto.py:83} WARNING - empty cryptography key - values will not be stored encrypted.
[2023-03-18T15:19:30.983+0000] {base.py:73} INFO - Using connection ID 'google_cloud_default' for task execution.
[2023-03-18T15:19:32.074+0000] {taskinstance.py:1323} INFO - Marking task as SUCCESS. dag_id=data_ingestion_gcs_dag, task_id=biqquery_external_table, execution_date=20230318T151826, start_date=20230318T151930, end_date=20230318T151932
[2023-03-18T15:19:32.132+0000] {local_task_job.py:208} INFO - Task exited with return code 0
[2023-03-18T15:19:32.152+0000] {taskinstance.py:2578} INFO - 0 downstream tasks scheduled from follow-on schedule check
