[2023-03-23T10:24:46.313+0000] {taskinstance.py:1083} INFO - Dependencies all met for <TaskInstance: gcs_2_bq_dag.bq_create_yellow_tripdata_partitioned_table scheduled__2023-03-22T00:00:00+00:00 [queued]>
[2023-03-23T10:24:46.322+0000] {taskinstance.py:1083} INFO - Dependencies all met for <TaskInstance: gcs_2_bq_dag.bq_create_yellow_tripdata_partitioned_table scheduled__2023-03-22T00:00:00+00:00 [queued]>
[2023-03-23T10:24:46.322+0000] {taskinstance.py:1279} INFO - 
--------------------------------------------------------------------------------
[2023-03-23T10:24:46.322+0000] {taskinstance.py:1280} INFO - Starting attempt 1 of 2
[2023-03-23T10:24:46.322+0000] {taskinstance.py:1281} INFO - 
--------------------------------------------------------------------------------
[2023-03-23T10:24:46.334+0000] {taskinstance.py:1300} INFO - Executing <Task(BigQueryInsertJobOperator): bq_create_yellow_tripdata_partitioned_table> on 2023-03-22 00:00:00+00:00
[2023-03-23T10:24:46.340+0000] {standard_task_runner.py:55} INFO - Started process 568 to run task
[2023-03-23T10:24:46.342+0000] {standard_task_runner.py:82} INFO - Running: ['***', 'tasks', 'run', 'gcs_2_bq_dag', 'bq_create_yellow_tripdata_partitioned_table', 'scheduled__2023-03-22T00:00:00+00:00', '--job-id', '1944', '--raw', '--subdir', 'DAGS_FOLDER/transfer_gcp_to_bq.py', '--cfg-path', '/tmp/tmp3t9xp_s5']
[2023-03-23T10:24:46.343+0000] {standard_task_runner.py:83} INFO - Job 1944: Subtask bq_create_yellow_tripdata_partitioned_table
[2023-03-23T10:24:46.352+0000] {warnings.py:110} WARNING - /home/***/.local/lib/python3.7/site-packages/***/settings.py:249: DeprecationWarning: The sql_alchemy_conn option in [core] has been moved to the sql_alchemy_conn option in [database] - the old setting has been used, but please update your config.
  SQL_ALCHEMY_CONN = conf.get("database", "SQL_ALCHEMY_CONN")

[2023-03-23T10:24:46.367+0000] {warnings.py:110} WARNING - /home/***/.local/lib/python3.7/site-packages/***/utils/sqlalchemy.py:124: DeprecationWarning: The sql_alchemy_conn option in [core] has been moved to the sql_alchemy_conn option in [database] - the old setting has been used, but please update your config.
  return not conf.get("database", "sql_alchemy_conn").startswith("mssql")

[2023-03-23T10:24:46.387+0000] {task_command.py:388} INFO - Running <TaskInstance: gcs_2_bq_dag.bq_create_yellow_tripdata_partitioned_table scheduled__2023-03-22T00:00:00+00:00 [running]> on host 4b3eeaf199d3
[2023-03-23T10:24:46.438+0000] {taskinstance.py:1509} INFO - Exporting the following env vars:
AIRFLOW_CTX_DAG_OWNER=***
AIRFLOW_CTX_DAG_ID=gcs_2_bq_dag
AIRFLOW_CTX_TASK_ID=bq_create_yellow_tripdata_partitioned_table
AIRFLOW_CTX_EXECUTION_DATE=2023-03-22T00:00:00+00:00
AIRFLOW_CTX_TRY_NUMBER=1
AIRFLOW_CTX_DAG_RUN_ID=scheduled__2023-03-22T00:00:00+00:00
[2023-03-23T10:24:46.439+0000] {crypto.py:83} WARNING - empty cryptography key - values will not be stored encrypted.
[2023-03-23T10:24:46.439+0000] {base.py:73} INFO - Using connection ID 'google_cloud_default' for task execution.
[2023-03-23T10:24:46.440+0000] {bigquery.py:2731} INFO - Executing: {'query': {'query': 'CREATE OR REPLACE TABLE trips_data_all.yellow_tripdata             PARTITION BY DATE(tpep_pickup_datetime)             AS             SELECT * FROM trips_data_all.yellow_tripdata_external_table;', 'useLegacySql': False}}'
[2023-03-23T10:24:46.444+0000] {bigquery.py:1546} INFO - Inserting job ***_gcs_2_bq_dag_bq_create_yellow_tripdata_partitioned_table_2023_03_22T00_00_00_00_00_d0f8229dd216884cdcbd18d17731d277
[2023-03-23T10:25:02.000+0000] {taskinstance.py:1323} INFO - Marking task as SUCCESS. dag_id=gcs_2_bq_dag, task_id=bq_create_yellow_tripdata_partitioned_table, execution_date=20230322T000000, start_date=20230323T102446, end_date=20230323T102502
[2023-03-23T10:25:02.053+0000] {local_task_job.py:208} INFO - Task exited with return code 0
[2023-03-23T10:25:02.067+0000] {taskinstance.py:2578} INFO - 0 downstream tasks scheduled from follow-on schedule check
