[2023-03-18T14:49:06.430+0000] {taskinstance.py:1084} INFO - Dependencies all met for dep_context=non-requeueable deps ti=<TaskInstance: data_ingestion_gcs_dag.download_dataset_task manual__2023-03-18T14:49:04.678757+00:00 [queued]>
[2023-03-18T14:49:06.437+0000] {taskinstance.py:1084} INFO - Dependencies all met for dep_context=requeueable deps ti=<TaskInstance: data_ingestion_gcs_dag.download_dataset_task manual__2023-03-18T14:49:04.678757+00:00 [queued]>
[2023-03-18T14:49:06.437+0000] {taskinstance.py:1282} INFO - 
--------------------------------------------------------------------------------
[2023-03-18T14:49:06.437+0000] {taskinstance.py:1283} INFO - Starting attempt 1 of 1
[2023-03-18T14:49:06.437+0000] {taskinstance.py:1284} INFO - 
--------------------------------------------------------------------------------
[2023-03-18T14:49:06.446+0000] {taskinstance.py:1303} INFO - Executing <Task(BashOperator): download_dataset_task> on 2023-03-18 14:49:04.678757+00:00
[2023-03-18T14:49:06.452+0000] {standard_task_runner.py:55} INFO - Started process 180 to run task
[2023-03-18T14:49:06.455+0000] {standard_task_runner.py:82} INFO - Running: ['***', 'tasks', 'run', 'data_ingestion_gcs_dag', 'download_dataset_task', 'manual__2023-03-18T14:49:04.678757+00:00', '--job-id', '1861', '--raw', '--subdir', 'DAGS_FOLDER/ingestion_script_gcp.py', '--cfg-path', '/tmp/tmp4r3f5myp']
[2023-03-18T14:49:06.456+0000] {standard_task_runner.py:83} INFO - Job 1861: Subtask download_dataset_task
[2023-03-18T14:49:06.465+0000] {warnings.py:110} WARNING - /home/***/.local/lib/python3.7/site-packages/***/settings.py:250: DeprecationWarning: The sql_alchemy_conn option in [core] has been moved to the sql_alchemy_conn option in [database] - the old setting has been used, but please update your config.
  SQL_ALCHEMY_CONN = conf.get("database", "SQL_ALCHEMY_CONN")

[2023-03-18T14:49:06.500+0000] {task_command.py:388} INFO - Running <TaskInstance: data_ingestion_gcs_dag.download_dataset_task manual__2023-03-18T14:49:04.678757+00:00 [running]> on host 2b20a007faea
[2023-03-18T14:49:06.554+0000] {taskinstance.py:1511} INFO - Exporting the following env vars:
AIRFLOW_CTX_DAG_OWNER=***
AIRFLOW_CTX_DAG_ID=data_ingestion_gcs_dag
AIRFLOW_CTX_TASK_ID=download_dataset_task
AIRFLOW_CTX_EXECUTION_DATE=2023-03-18T14:49:04.678757+00:00
AIRFLOW_CTX_TRY_NUMBER=1
AIRFLOW_CTX_DAG_RUN_ID=manual__2023-03-18T14:49:04.678757+00:00
[2023-03-18T14:49:06.555+0000] {subprocess.py:63} INFO - Tmp dir root location: 
 /tmp
[2023-03-18T14:49:06.555+0000] {subprocess.py:75} INFO - Running command: ['/bin/bash', '-c', 'curl -sSL https://github.com/DataTalksClub/nyc-tlc-data/releases/download/yellow/yellow_tripdata_2019-01.csv.gz > /opt/***/yellow_tripdata_2019-01.csv.gz']
[2023-03-18T14:49:06.567+0000] {subprocess.py:86} INFO - Output:
[2023-03-18T14:49:32.863+0000] {subprocess.py:97} INFO - Command exited with return code 0
[2023-03-18T14:49:32.893+0000] {taskinstance.py:1326} INFO - Marking task as SUCCESS. dag_id=data_ingestion_gcs_dag, task_id=download_dataset_task, execution_date=20230318T144904, start_date=20230318T144906, end_date=20230318T144932
[2023-03-18T14:49:32.920+0000] {local_task_job.py:212} INFO - Task exited with return code 0
[2023-03-18T14:49:32.946+0000] {taskinstance.py:2585} INFO - 1 downstream tasks scheduled from follow-on schedule check
