[2023-03-14T10:41:01.050+0000] {taskinstance.py:1083} INFO - Dependencies all met for <TaskInstance: LocalIngestionDag.ingest scheduled__2022-08-02T06:00:00+00:00 [queued]>
[2023-03-14T10:41:01.064+0000] {taskinstance.py:1083} INFO - Dependencies all met for <TaskInstance: LocalIngestionDag.ingest scheduled__2022-08-02T06:00:00+00:00 [queued]>
[2023-03-14T10:41:01.065+0000] {taskinstance.py:1279} INFO - 
--------------------------------------------------------------------------------
[2023-03-14T10:41:01.065+0000] {taskinstance.py:1280} INFO - Starting attempt 1 of 1
[2023-03-14T10:41:01.065+0000] {taskinstance.py:1281} INFO - 
--------------------------------------------------------------------------------
[2023-03-14T10:41:01.081+0000] {taskinstance.py:1300} INFO - Executing <Task(BashOperator): ingest> on 2022-08-02 06:00:00+00:00
[2023-03-14T10:41:01.090+0000] {standard_task_runner.py:55} INFO - Started process 319 to run task
[2023-03-14T10:41:01.093+0000] {standard_task_runner.py:82} INFO - Running: ['***', 'tasks', 'run', 'LocalIngestionDag', 'ingest', 'scheduled__2022-08-02T06:00:00+00:00', '--job-id', '1737', '--raw', '--subdir', 'DAGS_FOLDER/data_ingestion_local.py', '--cfg-path', '/tmp/tmp22cha7w4']
[2023-03-14T10:41:01.093+0000] {standard_task_runner.py:83} INFO - Job 1737: Subtask ingest
[2023-03-14T10:41:01.111+0000] {warnings.py:110} WARNING - /home/***/.local/lib/python3.7/site-packages/***/settings.py:249: DeprecationWarning: The sql_alchemy_conn option in [core] has been moved to the sql_alchemy_conn option in [database] - the old setting has been used, but please update your config.
  SQL_ALCHEMY_CONN = conf.get("database", "SQL_ALCHEMY_CONN")

[2023-03-14T10:41:01.132+0000] {warnings.py:110} WARNING - /home/***/.local/lib/python3.7/site-packages/***/utils/sqlalchemy.py:124: DeprecationWarning: The sql_alchemy_conn option in [core] has been moved to the sql_alchemy_conn option in [database] - the old setting has been used, but please update your config.
  return not conf.get("database", "sql_alchemy_conn").startswith("mssql")

[2023-03-14T10:41:01.168+0000] {task_command.py:388} INFO - Running <TaskInstance: LocalIngestionDag.ingest scheduled__2022-08-02T06:00:00+00:00 [running]> on host 67d5ca07a279
[2023-03-14T10:41:01.273+0000] {taskinstance.py:1509} INFO - Exporting the following env vars:
AIRFLOW_CTX_DAG_OWNER=***
AIRFLOW_CTX_DAG_ID=LocalIngestionDag
AIRFLOW_CTX_TASK_ID=ingest
AIRFLOW_CTX_EXECUTION_DATE=2022-08-02T06:00:00+00:00
AIRFLOW_CTX_TRY_NUMBER=1
AIRFLOW_CTX_DAG_RUN_ID=scheduled__2022-08-02T06:00:00+00:00
[2023-03-14T10:41:01.274+0000] {subprocess.py:63} INFO - Tmp dir root location: 
 /tmp
[2023-03-14T10:41:01.275+0000] {subprocess.py:75} INFO - Running command: ['/bin/bash', '-c', 'echo "hello world"']
[2023-03-14T10:41:01.292+0000] {subprocess.py:86} INFO - Output:
[2023-03-14T10:41:01.296+0000] {subprocess.py:93} INFO - hello world
[2023-03-14T10:41:01.297+0000] {subprocess.py:97} INFO - Command exited with return code 0
[2023-03-14T10:41:01.334+0000] {taskinstance.py:1323} INFO - Marking task as SUCCESS. dag_id=LocalIngestionDag, task_id=ingest, execution_date=20220802T060000, start_date=20230314T104101, end_date=20230314T104101
[2023-03-14T10:41:01.387+0000] {local_task_job.py:208} INFO - Task exited with return code 0
[2023-03-14T10:41:01.428+0000] {taskinstance.py:2578} INFO - 0 downstream tasks scheduled from follow-on schedule check
