[2023-03-17T10:49:20.974+0000] {taskinstance.py:1083} INFO - Dependencies all met for <TaskInstance: LocalIngestionDag.wget manual__2023-03-17T10:49:20.007900+00:00 [queued]>
[2023-03-17T10:49:20.981+0000] {taskinstance.py:1083} INFO - Dependencies all met for <TaskInstance: LocalIngestionDag.wget manual__2023-03-17T10:49:20.007900+00:00 [queued]>
[2023-03-17T10:49:20.981+0000] {taskinstance.py:1279} INFO - 
--------------------------------------------------------------------------------
[2023-03-17T10:49:20.981+0000] {taskinstance.py:1280} INFO - Starting attempt 1 of 1
[2023-03-17T10:49:20.981+0000] {taskinstance.py:1281} INFO - 
--------------------------------------------------------------------------------
[2023-03-17T10:49:20.992+0000] {taskinstance.py:1300} INFO - Executing <Task(BashOperator): wget> on 2023-03-17 10:49:20.007900+00:00
[2023-03-17T10:49:20.996+0000] {standard_task_runner.py:55} INFO - Started process 2815 to run task
[2023-03-17T10:49:20.998+0000] {standard_task_runner.py:82} INFO - Running: ['***', 'tasks', 'run', 'LocalIngestionDag', 'wget', 'manual__2023-03-17T10:49:20.007900+00:00', '--job-id', '1781', '--raw', '--subdir', 'DAGS_FOLDER/data_ingestion_local.py', '--cfg-path', '/tmp/tmp09r31791']
[2023-03-17T10:49:20.999+0000] {standard_task_runner.py:83} INFO - Job 1781: Subtask wget
[2023-03-17T10:49:21.009+0000] {warnings.py:110} WARNING - /home/***/.local/lib/python3.7/site-packages/***/settings.py:249: DeprecationWarning: The sql_alchemy_conn option in [core] has been moved to the sql_alchemy_conn option in [database] - the old setting has been used, but please update your config.
  SQL_ALCHEMY_CONN = conf.get("database", "SQL_ALCHEMY_CONN")

[2023-03-17T10:49:21.042+0000] {task_command.py:388} INFO - Running <TaskInstance: LocalIngestionDag.wget manual__2023-03-17T10:49:20.007900+00:00 [running]> on host 846854af4045
[2023-03-17T10:49:21.065+0000] {warnings.py:110} WARNING - /home/***/.local/lib/python3.7/site-packages/***/utils/context.py:205: AirflowContextDeprecationWarning: Accessing 'execution_date' from the template is deprecated and will be removed in a future version. Please use 'data_interval_start' or 'logical_date' instead.
  warnings.warn(_create_deprecation_warning(key, self._deprecation_replacements[key]))

[2023-03-17T10:49:21.093+0000] {taskinstance.py:1509} INFO - Exporting the following env vars:
AIRFLOW_CTX_DAG_OWNER=***
AIRFLOW_CTX_DAG_ID=LocalIngestionDag
AIRFLOW_CTX_TASK_ID=wget
AIRFLOW_CTX_EXECUTION_DATE=2023-03-17T10:49:20.007900+00:00
AIRFLOW_CTX_TRY_NUMBER=1
AIRFLOW_CTX_DAG_RUN_ID=manual__2023-03-17T10:49:20.007900+00:00
[2023-03-17T10:49:21.094+0000] {subprocess.py:63} INFO - Tmp dir root location: 
 /tmp
[2023-03-17T10:49:21.095+0000] {subprocess.py:75} INFO - Running command: ['/bin/bash', '-c', 'curl -sSL https://github.com/DataTalksClub/nyc-tlc-data/releases/download/yellow/yellow_tripdata_2023-03.csv > /opt/***/output_2023-03.csv']
[2023-03-17T10:49:21.103+0000] {subprocess.py:86} INFO - Output:
[2023-03-17T10:49:21.424+0000] {subprocess.py:97} INFO - Command exited with return code 0
[2023-03-17T10:49:21.444+0000] {taskinstance.py:1323} INFO - Marking task as SUCCESS. dag_id=LocalIngestionDag, task_id=wget, execution_date=20230317T104920, start_date=20230317T104920, end_date=20230317T104921
[2023-03-17T10:49:21.495+0000] {local_task_job.py:208} INFO - Task exited with return code 0
[2023-03-17T10:49:21.511+0000] {taskinstance.py:2578} INFO - 1 downstream tasks scheduled from follow-on schedule check
