[2023-03-17T10:46:20.373+0000] {taskinstance.py:1083} INFO - Dependencies all met for <TaskInstance: LocalIngestionDag.wget manual__2023-03-17T10:46:19.272974+00:00 [queued]>
[2023-03-17T10:46:20.380+0000] {taskinstance.py:1083} INFO - Dependencies all met for <TaskInstance: LocalIngestionDag.wget manual__2023-03-17T10:46:19.272974+00:00 [queued]>
[2023-03-17T10:46:20.381+0000] {taskinstance.py:1279} INFO - 
--------------------------------------------------------------------------------
[2023-03-17T10:46:20.381+0000] {taskinstance.py:1280} INFO - Starting attempt 1 of 1
[2023-03-17T10:46:20.381+0000] {taskinstance.py:1281} INFO - 
--------------------------------------------------------------------------------
[2023-03-17T10:46:20.392+0000] {taskinstance.py:1300} INFO - Executing <Task(BashOperator): wget> on 2023-03-17 10:46:19.272974+00:00
[2023-03-17T10:46:20.396+0000] {standard_task_runner.py:55} INFO - Started process 2567 to run task
[2023-03-17T10:46:20.399+0000] {standard_task_runner.py:82} INFO - Running: ['***', 'tasks', 'run', 'LocalIngestionDag', 'wget', 'manual__2023-03-17T10:46:19.272974+00:00', '--job-id', '1779', '--raw', '--subdir', 'DAGS_FOLDER/data_ingestion_local.py', '--cfg-path', '/tmp/tmp2bdd69ki']
[2023-03-17T10:46:20.401+0000] {standard_task_runner.py:83} INFO - Job 1779: Subtask wget
[2023-03-17T10:46:20.409+0000] {warnings.py:110} WARNING - /home/***/.local/lib/python3.7/site-packages/***/settings.py:249: DeprecationWarning: The sql_alchemy_conn option in [core] has been moved to the sql_alchemy_conn option in [database] - the old setting has been used, but please update your config.
  SQL_ALCHEMY_CONN = conf.get("database", "SQL_ALCHEMY_CONN")

[2023-03-17T10:46:20.444+0000] {task_command.py:388} INFO - Running <TaskInstance: LocalIngestionDag.wget manual__2023-03-17T10:46:19.272974+00:00 [running]> on host 846854af4045
[2023-03-17T10:46:20.472+0000] {warnings.py:110} WARNING - /home/***/.local/lib/python3.7/site-packages/***/utils/context.py:205: AirflowContextDeprecationWarning: Accessing 'execution_date' from the template is deprecated and will be removed in a future version. Please use 'data_interval_start' or 'logical_date' instead.
  warnings.warn(_create_deprecation_warning(key, self._deprecation_replacements[key]))

[2023-03-17T10:46:20.504+0000] {taskinstance.py:1509} INFO - Exporting the following env vars:
AIRFLOW_CTX_DAG_OWNER=***
AIRFLOW_CTX_DAG_ID=LocalIngestionDag
AIRFLOW_CTX_TASK_ID=wget
AIRFLOW_CTX_EXECUTION_DATE=2023-03-17T10:46:19.272974+00:00
AIRFLOW_CTX_TRY_NUMBER=1
AIRFLOW_CTX_DAG_RUN_ID=manual__2023-03-17T10:46:19.272974+00:00
[2023-03-17T10:46:20.505+0000] {subprocess.py:63} INFO - Tmp dir root location: 
 /tmp
[2023-03-17T10:46:20.505+0000] {subprocess.py:75} INFO - Running command: ['/bin/bash', '-c', 'curl -sSL https://github.com/DataTalksClub/nyc-tlc-data/releases/download/yellow/yellow_tripdata_2023-03.csv > /opt/***/output_2023-03.csv']
[2023-03-17T10:46:20.513+0000] {subprocess.py:86} INFO - Output:
[2023-03-17T10:46:20.794+0000] {subprocess.py:97} INFO - Command exited with return code 0
[2023-03-17T10:46:20.829+0000] {taskinstance.py:1323} INFO - Marking task as SUCCESS. dag_id=LocalIngestionDag, task_id=wget, execution_date=20230317T104619, start_date=20230317T104620, end_date=20230317T104620
[2023-03-17T10:46:20.854+0000] {local_task_job.py:208} INFO - Task exited with return code 0
[2023-03-17T10:46:20.873+0000] {taskinstance.py:2578} INFO - 1 downstream tasks scheduled from follow-on schedule check
