[2023-03-20T10:21:53.413+0000] {taskinstance.py:1083} INFO - Dependencies all met for <TaskInstance: data_ingestion_gcs_dag.download_dataset_task scheduled__2023-03-19T00:00:00+00:00 [queued]>
[2023-03-20T10:21:53.419+0000] {taskinstance.py:1083} INFO - Dependencies all met for <TaskInstance: data_ingestion_gcs_dag.download_dataset_task scheduled__2023-03-19T00:00:00+00:00 [queued]>
[2023-03-20T10:21:53.419+0000] {taskinstance.py:1279} INFO - 
--------------------------------------------------------------------------------
[2023-03-20T10:21:53.419+0000] {taskinstance.py:1280} INFO - Starting attempt 1 of 1
[2023-03-20T10:21:53.419+0000] {taskinstance.py:1281} INFO - 
--------------------------------------------------------------------------------
[2023-03-20T10:21:53.428+0000] {taskinstance.py:1300} INFO - Executing <Task(BashOperator): download_dataset_task> on 2023-03-19 00:00:00+00:00
[2023-03-20T10:21:53.431+0000] {standard_task_runner.py:55} INFO - Started process 55 to run task
[2023-03-20T10:21:53.433+0000] {standard_task_runner.py:82} INFO - Running: ['***', 'tasks', 'run', 'data_ingestion_gcs_dag', 'download_dataset_task', 'scheduled__2023-03-19T00:00:00+00:00', '--job-id', '1891', '--raw', '--subdir', 'DAGS_FOLDER/ingestion_script_gcp.py', '--cfg-path', '/tmp/tmp2lbrb9rb']
[2023-03-20T10:21:53.434+0000] {standard_task_runner.py:83} INFO - Job 1891: Subtask download_dataset_task
[2023-03-20T10:21:53.443+0000] {warnings.py:110} WARNING - /home/***/.local/lib/python3.7/site-packages/***/settings.py:249: DeprecationWarning: The sql_alchemy_conn option in [core] has been moved to the sql_alchemy_conn option in [database] - the old setting has been used, but please update your config.
  SQL_ALCHEMY_CONN = conf.get("database", "SQL_ALCHEMY_CONN")

[2023-03-20T10:21:53.456+0000] {warnings.py:110} WARNING - /home/***/.local/lib/python3.7/site-packages/***/utils/sqlalchemy.py:124: DeprecationWarning: The sql_alchemy_conn option in [core] has been moved to the sql_alchemy_conn option in [database] - the old setting has been used, but please update your config.
  return not conf.get("database", "sql_alchemy_conn").startswith("mssql")

[2023-03-20T10:21:53.475+0000] {task_command.py:388} INFO - Running <TaskInstance: data_ingestion_gcs_dag.download_dataset_task scheduled__2023-03-19T00:00:00+00:00 [running]> on host 4b3eeaf199d3
[2023-03-20T10:21:53.528+0000] {taskinstance.py:1509} INFO - Exporting the following env vars:
AIRFLOW_CTX_DAG_OWNER=***
AIRFLOW_CTX_DAG_ID=data_ingestion_gcs_dag
AIRFLOW_CTX_TASK_ID=download_dataset_task
AIRFLOW_CTX_EXECUTION_DATE=2023-03-19T00:00:00+00:00
AIRFLOW_CTX_TRY_NUMBER=1
AIRFLOW_CTX_DAG_RUN_ID=scheduled__2023-03-19T00:00:00+00:00
[2023-03-20T10:21:53.528+0000] {subprocess.py:63} INFO - Tmp dir root location: 
 /tmp
[2023-03-20T10:21:53.529+0000] {subprocess.py:75} INFO - Running command: ['/bin/bash', '-c', 'curl -sSL https://github.com/DataTalksClub/nyc-tlc-data/releases/download/yellow/yellow_tripdata_2019-01.csv.gz > /opt/***/yellow_tripdata_2019-01.csv.gz']
[2023-03-20T10:21:53.536+0000] {subprocess.py:86} INFO - Output:
[2023-03-20T10:21:59.395+0000] {subprocess.py:97} INFO - Command exited with return code 0
[2023-03-20T10:21:59.423+0000] {taskinstance.py:1323} INFO - Marking task as SUCCESS. dag_id=data_ingestion_gcs_dag, task_id=download_dataset_task, execution_date=20230319T000000, start_date=20230320T102153, end_date=20230320T102159
[2023-03-20T10:21:59.466+0000] {local_task_job.py:208} INFO - Task exited with return code 0
[2023-03-20T10:21:59.498+0000] {taskinstance.py:2578} INFO - 1 downstream tasks scheduled from follow-on schedule check
