[2023-03-23T10:19:44.839+0000] {taskinstance.py:1083} INFO - Dependencies all met for <TaskInstance: data_ingestion_gcs_dag.local_to_gcs scheduled__2023-03-21T00:00:00+00:00 [queued]>
[2023-03-23T10:19:44.849+0000] {taskinstance.py:1083} INFO - Dependencies all met for <TaskInstance: data_ingestion_gcs_dag.local_to_gcs scheduled__2023-03-21T00:00:00+00:00 [queued]>
[2023-03-23T10:19:44.849+0000] {taskinstance.py:1279} INFO - 
--------------------------------------------------------------------------------
[2023-03-23T10:19:44.850+0000] {taskinstance.py:1280} INFO - Starting attempt 1 of 1
[2023-03-23T10:19:44.850+0000] {taskinstance.py:1281} INFO - 
--------------------------------------------------------------------------------
[2023-03-23T10:19:44.862+0000] {taskinstance.py:1300} INFO - Executing <Task(PythonOperator): local_to_gcs> on 2023-03-21 00:00:00+00:00
[2023-03-23T10:19:44.868+0000] {standard_task_runner.py:55} INFO - Started process 129 to run task
[2023-03-23T10:19:44.870+0000] {standard_task_runner.py:82} INFO - Running: ['***', 'tasks', 'run', 'data_ingestion_gcs_dag', 'local_to_gcs', 'scheduled__2023-03-21T00:00:00+00:00', '--job-id', '1930', '--raw', '--subdir', 'DAGS_FOLDER/ingestion_script_gcp.py', '--cfg-path', '/tmp/tmpeja1ew9r']
[2023-03-23T10:19:44.872+0000] {standard_task_runner.py:83} INFO - Job 1930: Subtask local_to_gcs
[2023-03-23T10:19:44.883+0000] {warnings.py:110} WARNING - /home/***/.local/lib/python3.7/site-packages/***/settings.py:249: DeprecationWarning: The sql_alchemy_conn option in [core] has been moved to the sql_alchemy_conn option in [database] - the old setting has been used, but please update your config.
  SQL_ALCHEMY_CONN = conf.get("database", "SQL_ALCHEMY_CONN")

[2023-03-23T10:19:44.901+0000] {warnings.py:110} WARNING - /home/***/.local/lib/python3.7/site-packages/***/utils/sqlalchemy.py:124: DeprecationWarning: The sql_alchemy_conn option in [core] has been moved to the sql_alchemy_conn option in [database] - the old setting has been used, but please update your config.
  return not conf.get("database", "sql_alchemy_conn").startswith("mssql")

[2023-03-23T10:19:44.927+0000] {task_command.py:388} INFO - Running <TaskInstance: data_ingestion_gcs_dag.local_to_gcs scheduled__2023-03-21T00:00:00+00:00 [running]> on host 4b3eeaf199d3
[2023-03-23T10:19:44.985+0000] {taskinstance.py:1509} INFO - Exporting the following env vars:
AIRFLOW_CTX_DAG_OWNER=***
AIRFLOW_CTX_DAG_ID=data_ingestion_gcs_dag
AIRFLOW_CTX_TASK_ID=local_to_gcs
AIRFLOW_CTX_EXECUTION_DATE=2023-03-21T00:00:00+00:00
AIRFLOW_CTX_TRY_NUMBER=1
AIRFLOW_CTX_DAG_RUN_ID=scheduled__2023-03-21T00:00:00+00:00
[2023-03-23T10:19:44.995+0000] {ingestion_script_gcp.py:47} INFO - Loading GCS bucket, <google.cloud.storage.client.Client object at 0x7fc9bc473850>
[2023-03-23T10:20:25.148+0000] {ingestion_script_gcp.py:52} INFO - Uploaded Files to GCS bucket <Bucket: dtc_data_lake_winged-vigil-379810>
[2023-03-23T10:20:25.149+0000] {python.py:177} INFO - Done. Returned value was: None
[2023-03-23T10:20:25.167+0000] {taskinstance.py:1323} INFO - Marking task as SUCCESS. dag_id=data_ingestion_gcs_dag, task_id=local_to_gcs, execution_date=20230321T000000, start_date=20230323T101944, end_date=20230323T102025
[2023-03-23T10:20:25.210+0000] {local_task_job.py:208} INFO - Task exited with return code 0
[2023-03-23T10:20:25.244+0000] {taskinstance.py:2578} INFO - 1 downstream tasks scheduled from follow-on schedule check
