[2023-03-17T10:35:31.861+0000] {taskinstance.py:1083} INFO - Dependencies all met for <TaskInstance: LocalIngestionDag.ingest manual__2023-03-17T10:35:30.140097+00:00 [queued]>
[2023-03-17T10:35:31.868+0000] {taskinstance.py:1083} INFO - Dependencies all met for <TaskInstance: LocalIngestionDag.ingest manual__2023-03-17T10:35:30.140097+00:00 [queued]>
[2023-03-17T10:35:31.868+0000] {taskinstance.py:1279} INFO - 
--------------------------------------------------------------------------------
[2023-03-17T10:35:31.868+0000] {taskinstance.py:1280} INFO - Starting attempt 1 of 1
[2023-03-17T10:35:31.868+0000] {taskinstance.py:1281} INFO - 
--------------------------------------------------------------------------------
[2023-03-17T10:35:31.879+0000] {taskinstance.py:1300} INFO - Executing <Task(PythonOperator): ingest> on 2023-03-17 10:35:30.140097+00:00
[2023-03-17T10:35:31.883+0000] {standard_task_runner.py:55} INFO - Started process 1675 to run task
[2023-03-17T10:35:31.885+0000] {standard_task_runner.py:82} INFO - Running: ['***', 'tasks', 'run', 'LocalIngestionDag', 'ingest', 'manual__2023-03-17T10:35:30.140097+00:00', '--job-id', '1776', '--raw', '--subdir', 'DAGS_FOLDER/data_ingestion_local.py', '--cfg-path', '/tmp/tmpnp1rqg4l']
[2023-03-17T10:35:31.886+0000] {standard_task_runner.py:83} INFO - Job 1776: Subtask ingest
[2023-03-17T10:35:31.895+0000] {warnings.py:110} WARNING - /home/***/.local/lib/python3.7/site-packages/***/settings.py:249: DeprecationWarning: The sql_alchemy_conn option in [core] has been moved to the sql_alchemy_conn option in [database] - the old setting has been used, but please update your config.
  SQL_ALCHEMY_CONN = conf.get("database", "SQL_ALCHEMY_CONN")

[2023-03-17T10:35:31.937+0000] {task_command.py:388} INFO - Running <TaskInstance: LocalIngestionDag.ingest manual__2023-03-17T10:35:30.140097+00:00 [running]> on host 846854af4045
[2023-03-17T10:35:31.977+0000] {warnings.py:110} WARNING - /home/***/.local/lib/python3.7/site-packages/***/utils/context.py:205: AirflowContextDeprecationWarning: Accessing 'execution_date' from the template is deprecated and will be removed in a future version. Please use 'data_interval_start' or 'logical_date' instead.
  warnings.warn(_create_deprecation_warning(key, self._deprecation_replacements[key]))

[2023-03-17T10:35:32.020+0000] {taskinstance.py:1509} INFO - Exporting the following env vars:
AIRFLOW_CTX_DAG_OWNER=***
AIRFLOW_CTX_DAG_ID=LocalIngestionDag
AIRFLOW_CTX_TASK_ID=ingest
AIRFLOW_CTX_EXECUTION_DATE=2023-03-17T10:35:30.140097+00:00
AIRFLOW_CTX_TRY_NUMBER=1
AIRFLOW_CTX_DAG_RUN_ID=manual__2023-03-17T10:35:30.140097+00:00
[2023-03-17T10:35:32.021+0000] {logging_mixin.py:137} INFO - ??? /opt/***/output_2023-03.csv
[2023-03-17T10:35:32.026+0000] {ingestion_script.py:12} INFO - connected to ny_taxi
[2023-03-17T10:35:32.026+0000] {python.py:177} INFO - Done. Returned value was: None
[2023-03-17T10:35:32.034+0000] {taskinstance.py:1323} INFO - Marking task as SUCCESS. dag_id=LocalIngestionDag, task_id=ingest, execution_date=20230317T103530, start_date=20230317T103531, end_date=20230317T103532
[2023-03-17T10:35:32.057+0000] {local_task_job.py:208} INFO - Task exited with return code 0
[2023-03-17T10:35:32.075+0000] {taskinstance.py:2578} INFO - 0 downstream tasks scheduled from follow-on schedule check
