[2023-03-14T10:40:50.114+0000] {taskinstance.py:1083} INFO - Dependencies all met for <TaskInstance: LocalIngestionDag.wget scheduled__2021-02-02T06:00:00+00:00 [queued]>
[2023-03-14T10:40:50.124+0000] {taskinstance.py:1083} INFO - Dependencies all met for <TaskInstance: LocalIngestionDag.wget scheduled__2021-02-02T06:00:00+00:00 [queued]>
[2023-03-14T10:40:50.124+0000] {taskinstance.py:1279} INFO - 
--------------------------------------------------------------------------------
[2023-03-14T10:40:50.124+0000] {taskinstance.py:1280} INFO - Starting attempt 1 of 1
[2023-03-14T10:40:50.124+0000] {taskinstance.py:1281} INFO - 
--------------------------------------------------------------------------------
[2023-03-14T10:40:50.155+0000] {taskinstance.py:1300} INFO - Executing <Task(BashOperator): wget> on 2021-02-02 06:00:00+00:00
[2023-03-14T10:40:50.160+0000] {standard_task_runner.py:55} INFO - Started process 172 to run task
[2023-03-14T10:40:50.162+0000] {standard_task_runner.py:82} INFO - Running: ['***', 'tasks', 'run', 'LocalIngestionDag', 'wget', 'scheduled__2021-02-02T06:00:00+00:00', '--job-id', '1693', '--raw', '--subdir', 'DAGS_FOLDER/data_ingestion_local.py', '--cfg-path', '/tmp/tmpsbci4ugi']
[2023-03-14T10:40:50.163+0000] {standard_task_runner.py:83} INFO - Job 1693: Subtask wget
[2023-03-14T10:40:50.173+0000] {warnings.py:110} WARNING - /home/***/.local/lib/python3.7/site-packages/***/settings.py:249: DeprecationWarning: The sql_alchemy_conn option in [core] has been moved to the sql_alchemy_conn option in [database] - the old setting has been used, but please update your config.
  SQL_ALCHEMY_CONN = conf.get("database", "SQL_ALCHEMY_CONN")

[2023-03-14T10:40:50.192+0000] {warnings.py:110} WARNING - /home/***/.local/lib/python3.7/site-packages/***/utils/sqlalchemy.py:124: DeprecationWarning: The sql_alchemy_conn option in [core] has been moved to the sql_alchemy_conn option in [database] - the old setting has been used, but please update your config.
  return not conf.get("database", "sql_alchemy_conn").startswith("mssql")

[2023-03-14T10:40:50.215+0000] {task_command.py:388} INFO - Running <TaskInstance: LocalIngestionDag.wget scheduled__2021-02-02T06:00:00+00:00 [running]> on host 67d5ca07a279
[2023-03-14T10:40:50.278+0000] {taskinstance.py:1509} INFO - Exporting the following env vars:
AIRFLOW_CTX_DAG_OWNER=***
AIRFLOW_CTX_DAG_ID=LocalIngestionDag
AIRFLOW_CTX_TASK_ID=wget
AIRFLOW_CTX_EXECUTION_DATE=2021-02-02T06:00:00+00:00
AIRFLOW_CTX_TRY_NUMBER=1
AIRFLOW_CTX_DAG_RUN_ID=scheduled__2021-02-02T06:00:00+00:00
[2023-03-14T10:40:50.279+0000] {subprocess.py:63} INFO - Tmp dir root location: 
 /tmp
[2023-03-14T10:40:50.280+0000] {subprocess.py:75} INFO - Running command: ['/bin/bash', '-c', 'echo "hello world"']
[2023-03-14T10:40:50.293+0000] {subprocess.py:86} INFO - Output:
[2023-03-14T10:40:50.295+0000] {subprocess.py:93} INFO - hello world
[2023-03-14T10:40:50.295+0000] {subprocess.py:97} INFO - Command exited with return code 0
[2023-03-14T10:40:50.320+0000] {taskinstance.py:1323} INFO - Marking task as SUCCESS. dag_id=LocalIngestionDag, task_id=wget, execution_date=20210202T060000, start_date=20230314T104050, end_date=20230314T104050
[2023-03-14T10:40:50.374+0000] {local_task_job.py:208} INFO - Task exited with return code 0
[2023-03-14T10:40:50.419+0000] {taskinstance.py:2578} INFO - 0 downstream tasks scheduled from follow-on schedule check
