[2023-03-18T14:13:22.845+0000] {taskinstance.py:1084} INFO - Dependencies all met for dep_context=non-requeueable deps ti=<TaskInstance: data_ingestion_gcs_dag.download_dataset_task manual__2023-03-18T14:13:20.847225+00:00 [queued]>
[2023-03-18T14:13:22.851+0000] {taskinstance.py:1084} INFO - Dependencies all met for dep_context=requeueable deps ti=<TaskInstance: data_ingestion_gcs_dag.download_dataset_task manual__2023-03-18T14:13:20.847225+00:00 [queued]>
[2023-03-18T14:13:22.851+0000] {taskinstance.py:1282} INFO - 
--------------------------------------------------------------------------------
[2023-03-18T14:13:22.851+0000] {taskinstance.py:1283} INFO - Starting attempt 1 of 1
[2023-03-18T14:13:22.851+0000] {taskinstance.py:1284} INFO - 
--------------------------------------------------------------------------------
[2023-03-18T14:13:22.861+0000] {taskinstance.py:1303} INFO - Executing <Task(BashOperator): download_dataset_task> on 2023-03-18 14:13:20.847225+00:00
[2023-03-18T14:13:22.866+0000] {standard_task_runner.py:55} INFO - Started process 167 to run task
[2023-03-18T14:13:22.868+0000] {standard_task_runner.py:82} INFO - Running: ['***', 'tasks', 'run', 'data_ingestion_gcs_dag', 'download_dataset_task', 'manual__2023-03-18T14:13:20.847225+00:00', '--job-id', '1856', '--raw', '--subdir', 'DAGS_FOLDER/ingestion_script_gcp.py', '--cfg-path', '/tmp/tmp8m48bhvc']
[2023-03-18T14:13:22.869+0000] {standard_task_runner.py:83} INFO - Job 1856: Subtask download_dataset_task
[2023-03-18T14:13:22.878+0000] {warnings.py:110} WARNING - /home/***/.local/lib/python3.7/site-packages/***/settings.py:250: DeprecationWarning: The sql_alchemy_conn option in [core] has been moved to the sql_alchemy_conn option in [database] - the old setting has been used, but please update your config.
  SQL_ALCHEMY_CONN = conf.get("database", "SQL_ALCHEMY_CONN")

[2023-03-18T14:13:22.912+0000] {task_command.py:388} INFO - Running <TaskInstance: data_ingestion_gcs_dag.download_dataset_task manual__2023-03-18T14:13:20.847225+00:00 [running]> on host d0995c198d04
[2023-03-18T14:13:22.964+0000] {taskinstance.py:1511} INFO - Exporting the following env vars:
AIRFLOW_CTX_DAG_OWNER=***
AIRFLOW_CTX_DAG_ID=data_ingestion_gcs_dag
AIRFLOW_CTX_TASK_ID=download_dataset_task
AIRFLOW_CTX_EXECUTION_DATE=2023-03-18T14:13:20.847225+00:00
AIRFLOW_CTX_TRY_NUMBER=1
AIRFLOW_CTX_DAG_RUN_ID=manual__2023-03-18T14:13:20.847225+00:00
[2023-03-18T14:13:22.965+0000] {subprocess.py:63} INFO - Tmp dir root location: 
 /tmp
[2023-03-18T14:13:22.965+0000] {subprocess.py:75} INFO - Running command: ['/bin/bash', '-c', 'curl -sSL https://github.com/DataTalksClub/nyc-tlc-data/releases/download/yellow/yellow_tripdata_2019-01.csv.gz > /opt/***/yellow_tripdata_2019-01.csv.gz']
[2023-03-18T14:13:22.974+0000] {subprocess.py:86} INFO - Output:
[2023-03-18T14:13:36.183+0000] {subprocess.py:97} INFO - Command exited with return code 0
[2023-03-18T14:13:36.231+0000] {taskinstance.py:1326} INFO - Marking task as SUCCESS. dag_id=data_ingestion_gcs_dag, task_id=download_dataset_task, execution_date=20230318T141320, start_date=20230318T141322, end_date=20230318T141336
[2023-03-18T14:13:36.258+0000] {local_task_job.py:212} INFO - Task exited with return code 0
[2023-03-18T14:13:36.284+0000] {taskinstance.py:2585} INFO - 1 downstream tasks scheduled from follow-on schedule check
