[2023-03-21T21:16:41.093+0000] {taskinstance.py:1083} INFO - Dependencies all met for <TaskInstance: data_ingestion_gcs_dag.download_dataset_task scheduled__2023-03-20T00:00:00+00:00 [queued]>
[2023-03-21T21:16:41.116+0000] {taskinstance.py:1083} INFO - Dependencies all met for <TaskInstance: data_ingestion_gcs_dag.download_dataset_task scheduled__2023-03-20T00:00:00+00:00 [queued]>
[2023-03-21T21:16:41.116+0000] {taskinstance.py:1279} INFO - 
--------------------------------------------------------------------------------
[2023-03-21T21:16:41.116+0000] {taskinstance.py:1280} INFO - Starting attempt 1 of 1
[2023-03-21T21:16:41.117+0000] {taskinstance.py:1281} INFO - 
--------------------------------------------------------------------------------
[2023-03-21T21:16:41.151+0000] {taskinstance.py:1300} INFO - Executing <Task(BashOperator): download_dataset_task> on 2023-03-20 00:00:00+00:00
[2023-03-21T21:16:41.164+0000] {standard_task_runner.py:55} INFO - Started process 72 to run task
[2023-03-21T21:16:41.168+0000] {standard_task_runner.py:82} INFO - Running: ['***', 'tasks', 'run', 'data_ingestion_gcs_dag', 'download_dataset_task', 'scheduled__2023-03-20T00:00:00+00:00', '--job-id', '1897', '--raw', '--subdir', 'DAGS_FOLDER/ingestion_script_gcp.py', '--cfg-path', '/tmp/tmpjq0r5qpm']
[2023-03-21T21:16:41.169+0000] {standard_task_runner.py:83} INFO - Job 1897: Subtask download_dataset_task
[2023-03-21T21:16:41.224+0000] {warnings.py:110} WARNING - /home/***/.local/lib/python3.7/site-packages/***/settings.py:249: DeprecationWarning: The sql_alchemy_conn option in [core] has been moved to the sql_alchemy_conn option in [database] - the old setting has been used, but please update your config.
  SQL_ALCHEMY_CONN = conf.get("database", "SQL_ALCHEMY_CONN")

[2023-03-21T21:16:41.255+0000] {warnings.py:110} WARNING - /home/***/.local/lib/python3.7/site-packages/***/utils/sqlalchemy.py:124: DeprecationWarning: The sql_alchemy_conn option in [core] has been moved to the sql_alchemy_conn option in [database] - the old setting has been used, but please update your config.
  return not conf.get("database", "sql_alchemy_conn").startswith("mssql")

[2023-03-21T21:16:41.309+0000] {task_command.py:388} INFO - Running <TaskInstance: data_ingestion_gcs_dag.download_dataset_task scheduled__2023-03-20T00:00:00+00:00 [running]> on host 4b3eeaf199d3
[2023-03-21T21:16:41.414+0000] {taskinstance.py:1509} INFO - Exporting the following env vars:
AIRFLOW_CTX_DAG_OWNER=***
AIRFLOW_CTX_DAG_ID=data_ingestion_gcs_dag
AIRFLOW_CTX_TASK_ID=download_dataset_task
AIRFLOW_CTX_EXECUTION_DATE=2023-03-20T00:00:00+00:00
AIRFLOW_CTX_TRY_NUMBER=1
AIRFLOW_CTX_DAG_RUN_ID=scheduled__2023-03-20T00:00:00+00:00
[2023-03-21T21:16:41.416+0000] {subprocess.py:63} INFO - Tmp dir root location: 
 /tmp
[2023-03-21T21:16:41.417+0000] {subprocess.py:75} INFO - Running command: ['/bin/bash', '-c', 'curl -sSL https://github.com/DataTalksClub/nyc-tlc-data/releases/download/yellow/yellow_tripdata_2019-01.csv.gz > /opt/***/yellow_tripdata_2019-01.csv.gz']
[2023-03-21T21:16:41.432+0000] {subprocess.py:86} INFO - Output:
[2023-03-21T21:16:46.138+0000] {subprocess.py:97} INFO - Command exited with return code 0
[2023-03-21T21:16:46.164+0000] {taskinstance.py:1323} INFO - Marking task as SUCCESS. dag_id=data_ingestion_gcs_dag, task_id=download_dataset_task, execution_date=20230320T000000, start_date=20230321T211641, end_date=20230321T211646
[2023-03-21T21:16:46.205+0000] {local_task_job.py:208} INFO - Task exited with return code 0
[2023-03-21T21:16:46.228+0000] {taskinstance.py:2578} INFO - 1 downstream tasks scheduled from follow-on schedule check
