[2023-03-18T11:47:01.685+0000] {taskinstance.py:1083} INFO - Dependencies all met for <TaskInstance: data_ingestion_gcs_dag.format_to_parquet manual__2023-03-18T11:46:38.083062+00:00 [queued]>
[2023-03-18T11:47:01.693+0000] {taskinstance.py:1083} INFO - Dependencies all met for <TaskInstance: data_ingestion_gcs_dag.format_to_parquet manual__2023-03-18T11:46:38.083062+00:00 [queued]>
[2023-03-18T11:47:01.693+0000] {taskinstance.py:1279} INFO - 
--------------------------------------------------------------------------------
[2023-03-18T11:47:01.693+0000] {taskinstance.py:1280} INFO - Starting attempt 1 of 2
[2023-03-18T11:47:01.693+0000] {taskinstance.py:1281} INFO - 
--------------------------------------------------------------------------------
[2023-03-18T11:47:01.703+0000] {taskinstance.py:1300} INFO - Executing <Task(PythonOperator): format_to_parquet> on 2023-03-18 11:46:38.083062+00:00
[2023-03-18T11:47:01.707+0000] {standard_task_runner.py:55} INFO - Started process 4099 to run task
[2023-03-18T11:47:01.709+0000] {standard_task_runner.py:82} INFO - Running: ['***', 'tasks', 'run', 'data_ingestion_gcs_dag', 'format_to_parquet', 'manual__2023-03-18T11:46:38.083062+00:00', '--job-id', '1809', '--raw', '--subdir', 'DAGS_FOLDER/ingestion_script_gcp.py', '--cfg-path', '/tmp/tmppijc4qax']
[2023-03-18T11:47:01.710+0000] {standard_task_runner.py:83} INFO - Job 1809: Subtask format_to_parquet
[2023-03-18T11:47:01.718+0000] {warnings.py:110} WARNING - /home/***/.local/lib/python3.7/site-packages/***/settings.py:249: DeprecationWarning: The sql_alchemy_conn option in [core] has been moved to the sql_alchemy_conn option in [database] - the old setting has been used, but please update your config.
  SQL_ALCHEMY_CONN = conf.get("database", "SQL_ALCHEMY_CONN")

[2023-03-18T11:47:01.750+0000] {task_command.py:388} INFO - Running <TaskInstance: data_ingestion_gcs_dag.format_to_parquet manual__2023-03-18T11:46:38.083062+00:00 [running]> on host 846854af4045
[2023-03-18T11:47:01.800+0000] {taskinstance.py:1509} INFO - Exporting the following env vars:
AIRFLOW_CTX_DAG_OWNER=***
AIRFLOW_CTX_DAG_ID=data_ingestion_gcs_dag
AIRFLOW_CTX_TASK_ID=format_to_parquet
AIRFLOW_CTX_EXECUTION_DATE=2023-03-18T11:46:38.083062+00:00
AIRFLOW_CTX_TRY_NUMBER=1
AIRFLOW_CTX_DAG_RUN_ID=manual__2023-03-18T11:46:38.083062+00:00
[2023-03-18T11:47:01.801+0000] {ingestion_script_gcp.py:30} ERROR - Can only accept source files in CSV format, for the moment
[2023-03-18T11:47:01.801+0000] {python.py:177} INFO - Done. Returned value was: None
[2023-03-18T11:47:01.808+0000] {taskinstance.py:1323} INFO - Marking task as SUCCESS. dag_id=data_ingestion_gcs_dag, task_id=format_to_parquet, execution_date=20230318T114638, start_date=20230318T114701, end_date=20230318T114701
[2023-03-18T11:47:01.841+0000] {local_task_job.py:208} INFO - Task exited with return code 0
[2023-03-18T11:47:01.860+0000] {taskinstance.py:2578} INFO - 0 downstream tasks scheduled from follow-on schedule check
