[2023-03-18T11:46:53.747+0000] {taskinstance.py:1083} INFO - Dependencies all met for <TaskInstance: data_ingestion_gcs_dag.download_dataset_task manual__2023-03-18T11:46:38.083062+00:00 [queued]>
[2023-03-18T11:46:53.754+0000] {taskinstance.py:1083} INFO - Dependencies all met for <TaskInstance: data_ingestion_gcs_dag.download_dataset_task manual__2023-03-18T11:46:38.083062+00:00 [queued]>
[2023-03-18T11:46:53.754+0000] {taskinstance.py:1279} INFO - 
--------------------------------------------------------------------------------
[2023-03-18T11:46:53.754+0000] {taskinstance.py:1280} INFO - Starting attempt 1 of 2
[2023-03-18T11:46:53.754+0000] {taskinstance.py:1281} INFO - 
--------------------------------------------------------------------------------
[2023-03-18T11:46:53.765+0000] {taskinstance.py:1300} INFO - Executing <Task(BashOperator): download_dataset_task> on 2023-03-18 11:46:38.083062+00:00
[2023-03-18T11:46:53.769+0000] {standard_task_runner.py:55} INFO - Started process 4076 to run task
[2023-03-18T11:46:53.771+0000] {standard_task_runner.py:82} INFO - Running: ['***', 'tasks', 'run', 'data_ingestion_gcs_dag', 'download_dataset_task', 'manual__2023-03-18T11:46:38.083062+00:00', '--job-id', '1808', '--raw', '--subdir', 'DAGS_FOLDER/ingestion_script_gcp.py', '--cfg-path', '/tmp/tmpmqap4q8c']
[2023-03-18T11:46:53.772+0000] {standard_task_runner.py:83} INFO - Job 1808: Subtask download_dataset_task
[2023-03-18T11:46:53.781+0000] {warnings.py:110} WARNING - /home/***/.local/lib/python3.7/site-packages/***/settings.py:249: DeprecationWarning: The sql_alchemy_conn option in [core] has been moved to the sql_alchemy_conn option in [database] - the old setting has been used, but please update your config.
  SQL_ALCHEMY_CONN = conf.get("database", "SQL_ALCHEMY_CONN")

[2023-03-18T11:46:53.815+0000] {task_command.py:388} INFO - Running <TaskInstance: data_ingestion_gcs_dag.download_dataset_task manual__2023-03-18T11:46:38.083062+00:00 [running]> on host 846854af4045
[2023-03-18T11:46:53.865+0000] {taskinstance.py:1509} INFO - Exporting the following env vars:
AIRFLOW_CTX_DAG_OWNER=***
AIRFLOW_CTX_DAG_ID=data_ingestion_gcs_dag
AIRFLOW_CTX_TASK_ID=download_dataset_task
AIRFLOW_CTX_EXECUTION_DATE=2023-03-18T11:46:38.083062+00:00
AIRFLOW_CTX_TRY_NUMBER=1
AIRFLOW_CTX_DAG_RUN_ID=manual__2023-03-18T11:46:38.083062+00:00
[2023-03-18T11:46:53.867+0000] {subprocess.py:63} INFO - Tmp dir root location: 
 /tmp
[2023-03-18T11:46:53.867+0000] {subprocess.py:75} INFO - Running command: ['/bin/bash', '-c', 'curl -sSL https://github.com/DataTalksClub/nyc-tlc-data/releases/download/yellow/yellow_tripdata_2019-01.csv.gz > /opt/***//yellow_tripdata_2019-01.csv.gz']
[2023-03-18T11:46:53.875+0000] {subprocess.py:86} INFO - Output:
[2023-03-18T11:47:00.468+0000] {subprocess.py:97} INFO - Command exited with return code 0
[2023-03-18T11:47:00.492+0000] {taskinstance.py:1323} INFO - Marking task as SUCCESS. dag_id=data_ingestion_gcs_dag, task_id=download_dataset_task, execution_date=20230318T114638, start_date=20230318T114653, end_date=20230318T114700
[2023-03-18T11:47:00.515+0000] {local_task_job.py:208} INFO - Task exited with return code 0
[2023-03-18T11:47:00.532+0000] {taskinstance.py:2578} INFO - 1 downstream tasks scheduled from follow-on schedule check
