[2023-03-14T10:48:05.720+0000] {taskinstance.py:1083} INFO - Dependencies all met for <TaskInstance: LocalIngestionDag.wget manual__2023-03-14T10:48:04.450560+00:00 [queued]>
[2023-03-14T10:48:05.727+0000] {taskinstance.py:1083} INFO - Dependencies all met for <TaskInstance: LocalIngestionDag.wget manual__2023-03-14T10:48:04.450560+00:00 [queued]>
[2023-03-14T10:48:05.727+0000] {taskinstance.py:1279} INFO - 
--------------------------------------------------------------------------------
[2023-03-14T10:48:05.727+0000] {taskinstance.py:1280} INFO - Starting attempt 1 of 1
[2023-03-14T10:48:05.727+0000] {taskinstance.py:1281} INFO - 
--------------------------------------------------------------------------------
[2023-03-14T10:48:05.739+0000] {taskinstance.py:1300} INFO - Executing <Task(BashOperator): wget> on 2023-03-14 10:48:04.450560+00:00
[2023-03-14T10:48:05.743+0000] {standard_task_runner.py:55} INFO - Started process 903 to run task
[2023-03-14T10:48:05.745+0000] {standard_task_runner.py:82} INFO - Running: ['***', 'tasks', 'run', 'LocalIngestionDag', 'wget', 'manual__2023-03-14T10:48:04.450560+00:00', '--job-id', '1745', '--raw', '--subdir', 'DAGS_FOLDER/data_ingestion_local.py', '--cfg-path', '/tmp/tmp7rhqphjm']
[2023-03-14T10:48:05.745+0000] {standard_task_runner.py:83} INFO - Job 1745: Subtask wget
[2023-03-14T10:48:05.754+0000] {warnings.py:110} WARNING - /home/***/.local/lib/python3.7/site-packages/***/settings.py:249: DeprecationWarning: The sql_alchemy_conn option in [core] has been moved to the sql_alchemy_conn option in [database] - the old setting has been used, but please update your config.
  SQL_ALCHEMY_CONN = conf.get("database", "SQL_ALCHEMY_CONN")

[2023-03-14T10:48:05.792+0000] {task_command.py:388} INFO - Running <TaskInstance: LocalIngestionDag.wget manual__2023-03-14T10:48:04.450560+00:00 [running]> on host 67d5ca07a279
[2023-03-14T10:48:05.844+0000] {taskinstance.py:1509} INFO - Exporting the following env vars:
AIRFLOW_CTX_DAG_OWNER=***
AIRFLOW_CTX_DAG_ID=LocalIngestionDag
AIRFLOW_CTX_TASK_ID=wget
AIRFLOW_CTX_EXECUTION_DATE=2023-03-14T10:48:04.450560+00:00
AIRFLOW_CTX_TRY_NUMBER=1
AIRFLOW_CTX_DAG_RUN_ID=manual__2023-03-14T10:48:04.450560+00:00
[2023-03-14T10:48:05.845+0000] {subprocess.py:63} INFO - Tmp dir root location: 
 /tmp
[2023-03-14T10:48:05.845+0000] {subprocess.py:75} INFO - Running command: ['/bin/bash', '-c', 'curl -sS https://github.com/DataTalksClub/nyc-tlc-data/releases/download/yellow/yellow_tripdata_2021-01.csv.gz > /opt/***/output.csv']
[2023-03-14T10:48:05.856+0000] {subprocess.py:86} INFO - Output:
[2023-03-14T10:48:06.272+0000] {subprocess.py:97} INFO - Command exited with return code 0
[2023-03-14T10:48:06.306+0000] {taskinstance.py:1323} INFO - Marking task as SUCCESS. dag_id=LocalIngestionDag, task_id=wget, execution_date=20230314T104804, start_date=20230314T104805, end_date=20230314T104806
[2023-03-14T10:48:06.358+0000] {local_task_job.py:208} INFO - Task exited with return code 0
[2023-03-14T10:48:06.386+0000] {taskinstance.py:2578} INFO - 1 downstream tasks scheduled from follow-on schedule check
