[2023-03-14T10:51:09.081+0000] {taskinstance.py:1083} INFO - Dependencies all met for <TaskInstance: LocalIngestionDag.wget manual__2023-03-14T10:51:08.171639+00:00 [queued]>
[2023-03-14T10:51:09.088+0000] {taskinstance.py:1083} INFO - Dependencies all met for <TaskInstance: LocalIngestionDag.wget manual__2023-03-14T10:51:08.171639+00:00 [queued]>
[2023-03-14T10:51:09.088+0000] {taskinstance.py:1279} INFO - 
--------------------------------------------------------------------------------
[2023-03-14T10:51:09.088+0000] {taskinstance.py:1280} INFO - Starting attempt 1 of 1
[2023-03-14T10:51:09.088+0000] {taskinstance.py:1281} INFO - 
--------------------------------------------------------------------------------
[2023-03-14T10:51:09.098+0000] {taskinstance.py:1300} INFO - Executing <Task(BashOperator): wget> on 2023-03-14 10:51:08.171639+00:00
[2023-03-14T10:51:09.102+0000] {standard_task_runner.py:55} INFO - Started process 1151 to run task
[2023-03-14T10:51:09.104+0000] {standard_task_runner.py:82} INFO - Running: ['***', 'tasks', 'run', 'LocalIngestionDag', 'wget', 'manual__2023-03-14T10:51:08.171639+00:00', '--job-id', '1747', '--raw', '--subdir', 'DAGS_FOLDER/data_ingestion_local.py', '--cfg-path', '/tmp/tmp_dsyoeg_']
[2023-03-14T10:51:09.105+0000] {standard_task_runner.py:83} INFO - Job 1747: Subtask wget
[2023-03-14T10:51:09.113+0000] {warnings.py:110} WARNING - /home/***/.local/lib/python3.7/site-packages/***/settings.py:249: DeprecationWarning: The sql_alchemy_conn option in [core] has been moved to the sql_alchemy_conn option in [database] - the old setting has been used, but please update your config.
  SQL_ALCHEMY_CONN = conf.get("database", "SQL_ALCHEMY_CONN")

[2023-03-14T10:51:09.145+0000] {task_command.py:388} INFO - Running <TaskInstance: LocalIngestionDag.wget manual__2023-03-14T10:51:08.171639+00:00 [running]> on host 67d5ca07a279
[2023-03-14T10:51:09.195+0000] {taskinstance.py:1509} INFO - Exporting the following env vars:
AIRFLOW_CTX_DAG_OWNER=***
AIRFLOW_CTX_DAG_ID=LocalIngestionDag
AIRFLOW_CTX_TASK_ID=wget
AIRFLOW_CTX_EXECUTION_DATE=2023-03-14T10:51:08.171639+00:00
AIRFLOW_CTX_TRY_NUMBER=1
AIRFLOW_CTX_DAG_RUN_ID=manual__2023-03-14T10:51:08.171639+00:00
[2023-03-14T10:51:09.196+0000] {subprocess.py:63} INFO - Tmp dir root location: 
 /tmp
[2023-03-14T10:51:09.196+0000] {subprocess.py:75} INFO - Running command: ['/bin/bash', '-c', 'curl -sSL https://github.com/DataTalksClub/nyc-tlc-data/releases/download/yellow/yellow_tripdata_2021-01.csv.gz > /opt/***/output.csv']
[2023-03-14T10:51:09.205+0000] {subprocess.py:86} INFO - Output:
[2023-03-14T10:51:20.384+0000] {subprocess.py:97} INFO - Command exited with return code 0
[2023-03-14T10:51:20.419+0000] {taskinstance.py:1323} INFO - Marking task as SUCCESS. dag_id=LocalIngestionDag, task_id=wget, execution_date=20230314T105108, start_date=20230314T105109, end_date=20230314T105120
[2023-03-14T10:51:20.460+0000] {local_task_job.py:208} INFO - Task exited with return code 0
[2023-03-14T10:51:20.491+0000] {taskinstance.py:2578} INFO - 1 downstream tasks scheduled from follow-on schedule check
