[2023-03-24T09:46:21.129+0000] {taskinstance.py:1083} INFO - Dependencies all met for <TaskInstance: gcs_2_bq_dag.move_yellow_tripdata_files scheduled__2023-03-23T00:00:00+00:00 [queued]>
[2023-03-24T09:46:21.137+0000] {taskinstance.py:1083} INFO - Dependencies all met for <TaskInstance: gcs_2_bq_dag.move_yellow_tripdata_files scheduled__2023-03-23T00:00:00+00:00 [queued]>
[2023-03-24T09:46:21.137+0000] {taskinstance.py:1279} INFO - 
--------------------------------------------------------------------------------
[2023-03-24T09:46:21.137+0000] {taskinstance.py:1280} INFO - Starting attempt 1 of 2
[2023-03-24T09:46:21.137+0000] {taskinstance.py:1281} INFO - 
--------------------------------------------------------------------------------
[2023-03-24T09:46:21.150+0000] {taskinstance.py:1300} INFO - Executing <Task(GCSToGCSOperator): move_yellow_tripdata_files> on 2023-03-23 00:00:00+00:00
[2023-03-24T09:46:21.154+0000] {standard_task_runner.py:55} INFO - Started process 60 to run task
[2023-03-24T09:46:21.156+0000] {standard_task_runner.py:82} INFO - Running: ['***', 'tasks', 'run', 'gcs_2_bq_dag', 'move_yellow_tripdata_files', 'scheduled__2023-03-23T00:00:00+00:00', '--job-id', '1973', '--raw', '--subdir', 'DAGS_FOLDER/transfer_gcp_to_bq.py', '--cfg-path', '/tmp/tmpd0cc0vpg']
[2023-03-24T09:46:21.157+0000] {standard_task_runner.py:83} INFO - Job 1973: Subtask move_yellow_tripdata_files
[2023-03-24T09:46:21.166+0000] {warnings.py:110} WARNING - /home/***/.local/lib/python3.7/site-packages/***/settings.py:249: DeprecationWarning: The sql_alchemy_conn option in [core] has been moved to the sql_alchemy_conn option in [database] - the old setting has been used, but please update your config.
  SQL_ALCHEMY_CONN = conf.get("database", "SQL_ALCHEMY_CONN")

[2023-03-24T09:46:21.182+0000] {warnings.py:110} WARNING - /home/***/.local/lib/python3.7/site-packages/***/utils/sqlalchemy.py:124: DeprecationWarning: The sql_alchemy_conn option in [core] has been moved to the sql_alchemy_conn option in [database] - the old setting has been used, but please update your config.
  return not conf.get("database", "sql_alchemy_conn").startswith("mssql")

[2023-03-24T09:46:21.205+0000] {task_command.py:388} INFO - Running <TaskInstance: gcs_2_bq_dag.move_yellow_tripdata_files scheduled__2023-03-23T00:00:00+00:00 [running]> on host 4b3eeaf199d3
[2023-03-24T09:46:21.272+0000] {taskinstance.py:1509} INFO - Exporting the following env vars:
AIRFLOW_CTX_DAG_OWNER=***
AIRFLOW_CTX_DAG_ID=gcs_2_bq_dag
AIRFLOW_CTX_TASK_ID=move_yellow_tripdata_files
AIRFLOW_CTX_EXECUTION_DATE=2023-03-23T00:00:00+00:00
AIRFLOW_CTX_TRY_NUMBER=1
AIRFLOW_CTX_DAG_RUN_ID=scheduled__2023-03-23T00:00:00+00:00
[2023-03-24T09:46:21.273+0000] {crypto.py:83} WARNING - empty cryptography key - values will not be stored encrypted.
[2023-03-24T09:46:21.273+0000] {base.py:73} INFO - Using connection ID 'google_cloud_default' for task execution.
[2023-03-24T09:46:21.273+0000] {gcs_to_gcs.py:408} INFO - Delimiter ignored because wildcard is in prefix
[2023-03-24T09:46:21.727+0000] {gcs_to_gcs.py:475} INFO - Executing copy of gs://dtc_data_lake_winged-vigil-379810/raw/yellow/yellow_tripdata_2019-01.parquet to gs://dtc_data_lake_winged-vigil-379810/yellow/yellow/yellow_tripdata_2019-01.parquet
[2023-03-24T09:46:21.829+0000] {gcs.py:263} INFO - Total Bytes: 2259 | Bytes Written: 2259
[2023-03-24T09:46:21.829+0000] {gcs.py:276} INFO - Object raw/yellow/yellow_tripdata_2019-01.parquet in bucket dtc_data_lake_winged-vigil-379810 rewritten to object yellow/yellow/yellow_tripdata_2019-01.parquet in bucket dtc_data_lake_winged-vigil-379810
[2023-03-24T09:46:21.829+0000] {gcs_to_gcs.py:475} INFO - Executing copy of gs://dtc_data_lake_winged-vigil-379810/raw/yellow/yellow_tripdata_2019-02.parquet to gs://dtc_data_lake_winged-vigil-379810/yellow/yellow/yellow_tripdata_2019-02.parquet
[2023-03-24T09:46:21.913+0000] {gcs.py:263} INFO - Total Bytes: 2259 | Bytes Written: 2259
[2023-03-24T09:46:21.913+0000] {gcs.py:276} INFO - Object raw/yellow/yellow_tripdata_2019-02.parquet in bucket dtc_data_lake_winged-vigil-379810 rewritten to object yellow/yellow/yellow_tripdata_2019-02.parquet in bucket dtc_data_lake_winged-vigil-379810
[2023-03-24T09:46:21.913+0000] {gcs_to_gcs.py:475} INFO - Executing copy of gs://dtc_data_lake_winged-vigil-379810/raw/yellow/yellow_tripdata_2019-03.parquet to gs://dtc_data_lake_winged-vigil-379810/yellow/yellow/yellow_tripdata_2019-03.parquet
[2023-03-24T09:46:21.997+0000] {gcs.py:263} INFO - Total Bytes: 2259 | Bytes Written: 2259
[2023-03-24T09:46:21.998+0000] {gcs.py:276} INFO - Object raw/yellow/yellow_tripdata_2019-03.parquet in bucket dtc_data_lake_winged-vigil-379810 rewritten to object yellow/yellow/yellow_tripdata_2019-03.parquet in bucket dtc_data_lake_winged-vigil-379810
[2023-03-24T09:46:21.998+0000] {gcs_to_gcs.py:475} INFO - Executing copy of gs://dtc_data_lake_winged-vigil-379810/raw/yellow/yellow_tripdata_2019-04.parquet to gs://dtc_data_lake_winged-vigil-379810/yellow/yellow/yellow_tripdata_2019-04.parquet
[2023-03-24T09:46:22.079+0000] {gcs.py:263} INFO - Total Bytes: 2259 | Bytes Written: 2259
[2023-03-24T09:46:22.080+0000] {gcs.py:276} INFO - Object raw/yellow/yellow_tripdata_2019-04.parquet in bucket dtc_data_lake_winged-vigil-379810 rewritten to object yellow/yellow/yellow_tripdata_2019-04.parquet in bucket dtc_data_lake_winged-vigil-379810
[2023-03-24T09:46:22.080+0000] {gcs_to_gcs.py:475} INFO - Executing copy of gs://dtc_data_lake_winged-vigil-379810/raw/yellow/yellow_tripdata_2019-05.parquet to gs://dtc_data_lake_winged-vigil-379810/yellow/yellow/yellow_tripdata_2019-05.parquet
[2023-03-24T09:46:22.156+0000] {gcs.py:263} INFO - Total Bytes: 2259 | Bytes Written: 2259
[2023-03-24T09:46:22.157+0000] {gcs.py:276} INFO - Object raw/yellow/yellow_tripdata_2019-05.parquet in bucket dtc_data_lake_winged-vigil-379810 rewritten to object yellow/yellow/yellow_tripdata_2019-05.parquet in bucket dtc_data_lake_winged-vigil-379810
[2023-03-24T09:46:22.157+0000] {gcs_to_gcs.py:475} INFO - Executing copy of gs://dtc_data_lake_winged-vigil-379810/raw/yellow/yellow_tripdata_2019-06.parquet to gs://dtc_data_lake_winged-vigil-379810/yellow/yellow/yellow_tripdata_2019-06.parquet
[2023-03-24T09:46:22.230+0000] {gcs.py:263} INFO - Total Bytes: 2259 | Bytes Written: 2259
[2023-03-24T09:46:22.231+0000] {gcs.py:276} INFO - Object raw/yellow/yellow_tripdata_2019-06.parquet in bucket dtc_data_lake_winged-vigil-379810 rewritten to object yellow/yellow/yellow_tripdata_2019-06.parquet in bucket dtc_data_lake_winged-vigil-379810
[2023-03-24T09:46:22.231+0000] {gcs_to_gcs.py:475} INFO - Executing copy of gs://dtc_data_lake_winged-vigil-379810/raw/yellow/yellow_tripdata_2019-07.parquet to gs://dtc_data_lake_winged-vigil-379810/yellow/yellow/yellow_tripdata_2019-07.parquet
[2023-03-24T09:46:22.302+0000] {gcs.py:263} INFO - Total Bytes: 2259 | Bytes Written: 2259
[2023-03-24T09:46:22.302+0000] {gcs.py:276} INFO - Object raw/yellow/yellow_tripdata_2019-07.parquet in bucket dtc_data_lake_winged-vigil-379810 rewritten to object yellow/yellow/yellow_tripdata_2019-07.parquet in bucket dtc_data_lake_winged-vigil-379810
[2023-03-24T09:46:22.302+0000] {gcs_to_gcs.py:475} INFO - Executing copy of gs://dtc_data_lake_winged-vigil-379810/raw/yellow/yellow_tripdata_2019-08.parquet to gs://dtc_data_lake_winged-vigil-379810/yellow/yellow/yellow_tripdata_2019-08.parquet
[2023-03-24T09:46:22.369+0000] {gcs.py:263} INFO - Total Bytes: 2259 | Bytes Written: 2259
[2023-03-24T09:46:22.369+0000] {gcs.py:276} INFO - Object raw/yellow/yellow_tripdata_2019-08.parquet in bucket dtc_data_lake_winged-vigil-379810 rewritten to object yellow/yellow/yellow_tripdata_2019-08.parquet in bucket dtc_data_lake_winged-vigil-379810
[2023-03-24T09:46:22.369+0000] {gcs_to_gcs.py:475} INFO - Executing copy of gs://dtc_data_lake_winged-vigil-379810/raw/yellow/yellow_tripdata_2019-09.parquet to gs://dtc_data_lake_winged-vigil-379810/yellow/yellow/yellow_tripdata_2019-09.parquet
[2023-03-24T09:46:22.440+0000] {gcs.py:263} INFO - Total Bytes: 2259 | Bytes Written: 2259
[2023-03-24T09:46:22.441+0000] {gcs.py:276} INFO - Object raw/yellow/yellow_tripdata_2019-09.parquet in bucket dtc_data_lake_winged-vigil-379810 rewritten to object yellow/yellow/yellow_tripdata_2019-09.parquet in bucket dtc_data_lake_winged-vigil-379810
[2023-03-24T09:46:22.441+0000] {gcs_to_gcs.py:475} INFO - Executing copy of gs://dtc_data_lake_winged-vigil-379810/raw/yellow/yellow_tripdata_2019-10.parquet to gs://dtc_data_lake_winged-vigil-379810/yellow/yellow/yellow_tripdata_2019-10.parquet
[2023-03-24T09:46:22.509+0000] {gcs.py:263} INFO - Total Bytes: 2259 | Bytes Written: 2259
[2023-03-24T09:46:22.509+0000] {gcs.py:276} INFO - Object raw/yellow/yellow_tripdata_2019-10.parquet in bucket dtc_data_lake_winged-vigil-379810 rewritten to object yellow/yellow/yellow_tripdata_2019-10.parquet in bucket dtc_data_lake_winged-vigil-379810
[2023-03-24T09:46:22.509+0000] {gcs_to_gcs.py:475} INFO - Executing copy of gs://dtc_data_lake_winged-vigil-379810/raw/yellow/yellow_tripdata_2019-11.parquet to gs://dtc_data_lake_winged-vigil-379810/yellow/yellow/yellow_tripdata_2019-11.parquet
[2023-03-24T09:46:22.575+0000] {gcs.py:263} INFO - Total Bytes: 2259 | Bytes Written: 2259
[2023-03-24T09:46:22.575+0000] {gcs.py:276} INFO - Object raw/yellow/yellow_tripdata_2019-11.parquet in bucket dtc_data_lake_winged-vigil-379810 rewritten to object yellow/yellow/yellow_tripdata_2019-11.parquet in bucket dtc_data_lake_winged-vigil-379810
[2023-03-24T09:46:22.575+0000] {gcs_to_gcs.py:475} INFO - Executing copy of gs://dtc_data_lake_winged-vigil-379810/raw/yellow/yellow_tripdata_2019-12.parquet to gs://dtc_data_lake_winged-vigil-379810/yellow/yellow/yellow_tripdata_2019-12.parquet
[2023-03-24T09:46:22.643+0000] {gcs.py:263} INFO - Total Bytes: 2259 | Bytes Written: 2259
[2023-03-24T09:46:22.644+0000] {gcs.py:276} INFO - Object raw/yellow/yellow_tripdata_2019-12.parquet in bucket dtc_data_lake_winged-vigil-379810 rewritten to object yellow/yellow/yellow_tripdata_2019-12.parquet in bucket dtc_data_lake_winged-vigil-379810
[2023-03-24T09:46:22.644+0000] {gcs_to_gcs.py:475} INFO - Executing copy of gs://dtc_data_lake_winged-vigil-379810/raw/yellow/yellow_tripdata_2020-01.parquet to gs://dtc_data_lake_winged-vigil-379810/yellow/yellow/yellow_tripdata_2020-01.parquet
[2023-03-24T09:46:22.717+0000] {gcs.py:263} INFO - Total Bytes: 2259 | Bytes Written: 2259
[2023-03-24T09:46:22.717+0000] {gcs.py:276} INFO - Object raw/yellow/yellow_tripdata_2020-01.parquet in bucket dtc_data_lake_winged-vigil-379810 rewritten to object yellow/yellow/yellow_tripdata_2020-01.parquet in bucket dtc_data_lake_winged-vigil-379810
[2023-03-24T09:46:22.717+0000] {gcs_to_gcs.py:475} INFO - Executing copy of gs://dtc_data_lake_winged-vigil-379810/raw/yellow/yellow_tripdata_2020-02.parquet to gs://dtc_data_lake_winged-vigil-379810/yellow/yellow/yellow_tripdata_2020-02.parquet
[2023-03-24T09:46:22.778+0000] {gcs.py:263} INFO - Total Bytes: 2259 | Bytes Written: 2259
[2023-03-24T09:46:22.778+0000] {gcs.py:276} INFO - Object raw/yellow/yellow_tripdata_2020-02.parquet in bucket dtc_data_lake_winged-vigil-379810 rewritten to object yellow/yellow/yellow_tripdata_2020-02.parquet in bucket dtc_data_lake_winged-vigil-379810
[2023-03-24T09:46:22.778+0000] {gcs_to_gcs.py:475} INFO - Executing copy of gs://dtc_data_lake_winged-vigil-379810/raw/yellow/yellow_tripdata_2020-03.parquet to gs://dtc_data_lake_winged-vigil-379810/yellow/yellow/yellow_tripdata_2020-03.parquet
[2023-03-24T09:46:22.853+0000] {gcs.py:263} INFO - Total Bytes: 2259 | Bytes Written: 2259
[2023-03-24T09:46:22.853+0000] {gcs.py:276} INFO - Object raw/yellow/yellow_tripdata_2020-03.parquet in bucket dtc_data_lake_winged-vigil-379810 rewritten to object yellow/yellow/yellow_tripdata_2020-03.parquet in bucket dtc_data_lake_winged-vigil-379810
[2023-03-24T09:46:22.853+0000] {gcs_to_gcs.py:475} INFO - Executing copy of gs://dtc_data_lake_winged-vigil-379810/raw/yellow/yellow_tripdata_2020-04.parquet to gs://dtc_data_lake_winged-vigil-379810/yellow/yellow/yellow_tripdata_2020-04.parquet
[2023-03-24T09:46:22.941+0000] {gcs.py:263} INFO - Total Bytes: 2259 | Bytes Written: 2259
[2023-03-24T09:46:22.941+0000] {gcs.py:276} INFO - Object raw/yellow/yellow_tripdata_2020-04.parquet in bucket dtc_data_lake_winged-vigil-379810 rewritten to object yellow/yellow/yellow_tripdata_2020-04.parquet in bucket dtc_data_lake_winged-vigil-379810
[2023-03-24T09:46:22.941+0000] {gcs_to_gcs.py:475} INFO - Executing copy of gs://dtc_data_lake_winged-vigil-379810/raw/yellow/yellow_tripdata_2020-05.parquet to gs://dtc_data_lake_winged-vigil-379810/yellow/yellow/yellow_tripdata_2020-05.parquet
[2023-03-24T09:46:23.016+0000] {gcs.py:263} INFO - Total Bytes: 2259 | Bytes Written: 2259
[2023-03-24T09:46:23.016+0000] {gcs.py:276} INFO - Object raw/yellow/yellow_tripdata_2020-05.parquet in bucket dtc_data_lake_winged-vigil-379810 rewritten to object yellow/yellow/yellow_tripdata_2020-05.parquet in bucket dtc_data_lake_winged-vigil-379810
[2023-03-24T09:46:23.016+0000] {gcs_to_gcs.py:475} INFO - Executing copy of gs://dtc_data_lake_winged-vigil-379810/raw/yellow/yellow_tripdata_2020-06.parquet to gs://dtc_data_lake_winged-vigil-379810/yellow/yellow/yellow_tripdata_2020-06.parquet
[2023-03-24T09:46:23.079+0000] {gcs.py:263} INFO - Total Bytes: 2259 | Bytes Written: 2259
[2023-03-24T09:46:23.080+0000] {gcs.py:276} INFO - Object raw/yellow/yellow_tripdata_2020-06.parquet in bucket dtc_data_lake_winged-vigil-379810 rewritten to object yellow/yellow/yellow_tripdata_2020-06.parquet in bucket dtc_data_lake_winged-vigil-379810
[2023-03-24T09:46:23.080+0000] {gcs_to_gcs.py:475} INFO - Executing copy of gs://dtc_data_lake_winged-vigil-379810/raw/yellow/yellow_tripdata_2020-07.parquet to gs://dtc_data_lake_winged-vigil-379810/yellow/yellow/yellow_tripdata_2020-07.parquet
[2023-03-24T09:46:23.140+0000] {gcs.py:263} INFO - Total Bytes: 2259 | Bytes Written: 2259
[2023-03-24T09:46:23.140+0000] {gcs.py:276} INFO - Object raw/yellow/yellow_tripdata_2020-07.parquet in bucket dtc_data_lake_winged-vigil-379810 rewritten to object yellow/yellow/yellow_tripdata_2020-07.parquet in bucket dtc_data_lake_winged-vigil-379810
[2023-03-24T09:46:23.140+0000] {gcs_to_gcs.py:475} INFO - Executing copy of gs://dtc_data_lake_winged-vigil-379810/raw/yellow/yellow_tripdata_2020-08.parquet to gs://dtc_data_lake_winged-vigil-379810/yellow/yellow/yellow_tripdata_2020-08.parquet
[2023-03-24T09:46:23.201+0000] {gcs.py:263} INFO - Total Bytes: 2259 | Bytes Written: 2259
[2023-03-24T09:46:23.201+0000] {gcs.py:276} INFO - Object raw/yellow/yellow_tripdata_2020-08.parquet in bucket dtc_data_lake_winged-vigil-379810 rewritten to object yellow/yellow/yellow_tripdata_2020-08.parquet in bucket dtc_data_lake_winged-vigil-379810
[2023-03-24T09:46:23.201+0000] {gcs_to_gcs.py:475} INFO - Executing copy of gs://dtc_data_lake_winged-vigil-379810/raw/yellow/yellow_tripdata_2020-09.parquet to gs://dtc_data_lake_winged-vigil-379810/yellow/yellow/yellow_tripdata_2020-09.parquet
[2023-03-24T09:46:23.266+0000] {gcs.py:263} INFO - Total Bytes: 2259 | Bytes Written: 2259
[2023-03-24T09:46:23.267+0000] {gcs.py:276} INFO - Object raw/yellow/yellow_tripdata_2020-09.parquet in bucket dtc_data_lake_winged-vigil-379810 rewritten to object yellow/yellow/yellow_tripdata_2020-09.parquet in bucket dtc_data_lake_winged-vigil-379810
[2023-03-24T09:46:23.267+0000] {gcs_to_gcs.py:475} INFO - Executing copy of gs://dtc_data_lake_winged-vigil-379810/raw/yellow/yellow_tripdata_2020-10.parquet to gs://dtc_data_lake_winged-vigil-379810/yellow/yellow/yellow_tripdata_2020-10.parquet
[2023-03-24T09:46:23.334+0000] {gcs.py:263} INFO - Total Bytes: 2259 | Bytes Written: 2259
[2023-03-24T09:46:23.334+0000] {gcs.py:276} INFO - Object raw/yellow/yellow_tripdata_2020-10.parquet in bucket dtc_data_lake_winged-vigil-379810 rewritten to object yellow/yellow/yellow_tripdata_2020-10.parquet in bucket dtc_data_lake_winged-vigil-379810
[2023-03-24T09:46:23.334+0000] {gcs_to_gcs.py:475} INFO - Executing copy of gs://dtc_data_lake_winged-vigil-379810/raw/yellow/yellow_tripdata_2020-11.parquet to gs://dtc_data_lake_winged-vigil-379810/yellow/yellow/yellow_tripdata_2020-11.parquet
[2023-03-24T09:46:23.406+0000] {gcs.py:263} INFO - Total Bytes: 2259 | Bytes Written: 2259
[2023-03-24T09:46:23.406+0000] {gcs.py:276} INFO - Object raw/yellow/yellow_tripdata_2020-11.parquet in bucket dtc_data_lake_winged-vigil-379810 rewritten to object yellow/yellow/yellow_tripdata_2020-11.parquet in bucket dtc_data_lake_winged-vigil-379810
[2023-03-24T09:46:23.406+0000] {gcs_to_gcs.py:475} INFO - Executing copy of gs://dtc_data_lake_winged-vigil-379810/raw/yellow/yellow_tripdata_2020-12.parquet to gs://dtc_data_lake_winged-vigil-379810/yellow/yellow/yellow_tripdata_2020-12.parquet
[2023-03-24T09:46:23.467+0000] {gcs.py:263} INFO - Total Bytes: 2259 | Bytes Written: 2259
[2023-03-24T09:46:23.467+0000] {gcs.py:276} INFO - Object raw/yellow/yellow_tripdata_2020-12.parquet in bucket dtc_data_lake_winged-vigil-379810 rewritten to object yellow/yellow/yellow_tripdata_2020-12.parquet in bucket dtc_data_lake_winged-vigil-379810
[2023-03-24T09:46:23.483+0000] {taskinstance.py:1323} INFO - Marking task as SUCCESS. dag_id=gcs_2_bq_dag, task_id=move_yellow_tripdata_files, execution_date=20230323T000000, start_date=20230324T094621, end_date=20230324T094623
[2023-03-24T09:46:23.534+0000] {local_task_job.py:208} INFO - Task exited with return code 0
[2023-03-24T09:46:23.561+0000] {taskinstance.py:2578} INFO - 1 downstream tasks scheduled from follow-on schedule check
