[2023-03-18T14:13:37.311+0000] {taskinstance.py:1084} INFO - Dependencies all met for dep_context=non-requeueable deps ti=<TaskInstance: data_ingestion_gcs_dag.format_to_parquet manual__2023-03-18T14:13:20.847225+00:00 [queued]>
[2023-03-18T14:13:37.317+0000] {taskinstance.py:1084} INFO - Dependencies all met for dep_context=requeueable deps ti=<TaskInstance: data_ingestion_gcs_dag.format_to_parquet manual__2023-03-18T14:13:20.847225+00:00 [queued]>
[2023-03-18T14:13:37.317+0000] {taskinstance.py:1282} INFO - 
--------------------------------------------------------------------------------
[2023-03-18T14:13:37.318+0000] {taskinstance.py:1283} INFO - Starting attempt 1 of 1
[2023-03-18T14:13:37.318+0000] {taskinstance.py:1284} INFO - 
--------------------------------------------------------------------------------
[2023-03-18T14:13:37.327+0000] {taskinstance.py:1303} INFO - Executing <Task(PythonOperator): format_to_parquet> on 2023-03-18 14:13:20.847225+00:00
[2023-03-18T14:13:37.331+0000] {standard_task_runner.py:55} INFO - Started process 190 to run task
[2023-03-18T14:13:37.333+0000] {standard_task_runner.py:82} INFO - Running: ['***', 'tasks', 'run', 'data_ingestion_gcs_dag', 'format_to_parquet', 'manual__2023-03-18T14:13:20.847225+00:00', '--job-id', '1857', '--raw', '--subdir', 'DAGS_FOLDER/ingestion_script_gcp.py', '--cfg-path', '/tmp/tmp6kod1wfr']
[2023-03-18T14:13:37.334+0000] {standard_task_runner.py:83} INFO - Job 1857: Subtask format_to_parquet
[2023-03-18T14:13:37.343+0000] {warnings.py:110} WARNING - /home/***/.local/lib/python3.7/site-packages/***/settings.py:250: DeprecationWarning: The sql_alchemy_conn option in [core] has been moved to the sql_alchemy_conn option in [database] - the old setting has been used, but please update your config.
  SQL_ALCHEMY_CONN = conf.get("database", "SQL_ALCHEMY_CONN")

[2023-03-18T14:13:37.376+0000] {task_command.py:388} INFO - Running <TaskInstance: data_ingestion_gcs_dag.format_to_parquet manual__2023-03-18T14:13:20.847225+00:00 [running]> on host d0995c198d04
[2023-03-18T14:13:37.427+0000] {taskinstance.py:1511} INFO - Exporting the following env vars:
AIRFLOW_CTX_DAG_OWNER=***
AIRFLOW_CTX_DAG_ID=data_ingestion_gcs_dag
AIRFLOW_CTX_TASK_ID=format_to_parquet
AIRFLOW_CTX_EXECUTION_DATE=2023-03-18T14:13:20.847225+00:00
AIRFLOW_CTX_TRY_NUMBER=1
AIRFLOW_CTX_DAG_RUN_ID=manual__2023-03-18T14:13:20.847225+00:00
[2023-03-18T14:13:37.428+0000] {ingestion_script_gcp.py:29} INFO - file name: /opt/***/yellow_tripdata_2019-01.csv.gz
[2023-03-18T14:13:47.482+0000] {python.py:177} INFO - Done. Returned value was: None
[2023-03-18T14:13:47.494+0000] {taskinstance.py:1326} INFO - Marking task as SUCCESS. dag_id=data_ingestion_gcs_dag, task_id=format_to_parquet, execution_date=20230318T141320, start_date=20230318T141337, end_date=20230318T141347
[2023-03-18T14:13:47.662+0000] {local_task_job.py:212} INFO - Task exited with return code 0
[2023-03-18T14:13:47.695+0000] {taskinstance.py:2585} INFO - 1 downstream tasks scheduled from follow-on schedule check
