[2023-03-18T13:58:34.894+0000] {taskinstance.py:1083} INFO - Dependencies all met for <TaskInstance: data_ingestion_gcs_dag.download_dataset_task manual__2023-03-18T13:58:33.079923+00:00 [queued]>
[2023-03-18T13:58:34.901+0000] {taskinstance.py:1083} INFO - Dependencies all met for <TaskInstance: data_ingestion_gcs_dag.download_dataset_task manual__2023-03-18T13:58:33.079923+00:00 [queued]>
[2023-03-18T13:58:34.901+0000] {taskinstance.py:1279} INFO - 
--------------------------------------------------------------------------------
[2023-03-18T13:58:34.901+0000] {taskinstance.py:1280} INFO - Starting attempt 1 of 1
[2023-03-18T13:58:34.901+0000] {taskinstance.py:1281} INFO - 
--------------------------------------------------------------------------------
[2023-03-18T13:58:34.911+0000] {taskinstance.py:1300} INFO - Executing <Task(BashOperator): download_dataset_task> on 2023-03-18 13:58:33.079923+00:00
[2023-03-18T13:58:34.916+0000] {standard_task_runner.py:55} INFO - Started process 211 to run task
[2023-03-18T13:58:34.918+0000] {standard_task_runner.py:82} INFO - Running: ['***', 'tasks', 'run', 'data_ingestion_gcs_dag', 'download_dataset_task', 'manual__2023-03-18T13:58:33.079923+00:00', '--job-id', '1849', '--raw', '--subdir', 'DAGS_FOLDER/ingestion_script_gcp.py', '--cfg-path', '/tmp/tmptzdcs7k7']
[2023-03-18T13:58:34.919+0000] {standard_task_runner.py:83} INFO - Job 1849: Subtask download_dataset_task
[2023-03-18T13:58:34.928+0000] {warnings.py:110} WARNING - /home/***/.local/lib/python3.7/site-packages/***/settings.py:249: DeprecationWarning: The sql_alchemy_conn option in [core] has been moved to the sql_alchemy_conn option in [database] - the old setting has been used, but please update your config.
  SQL_ALCHEMY_CONN = conf.get("database", "SQL_ALCHEMY_CONN")

[2023-03-18T13:58:34.963+0000] {task_command.py:388} INFO - Running <TaskInstance: data_ingestion_gcs_dag.download_dataset_task manual__2023-03-18T13:58:33.079923+00:00 [running]> on host c59f1d3f919d
[2023-03-18T13:58:35.016+0000] {taskinstance.py:1509} INFO - Exporting the following env vars:
AIRFLOW_CTX_DAG_OWNER=***
AIRFLOW_CTX_DAG_ID=data_ingestion_gcs_dag
AIRFLOW_CTX_TASK_ID=download_dataset_task
AIRFLOW_CTX_EXECUTION_DATE=2023-03-18T13:58:33.079923+00:00
AIRFLOW_CTX_TRY_NUMBER=1
AIRFLOW_CTX_DAG_RUN_ID=manual__2023-03-18T13:58:33.079923+00:00
[2023-03-18T13:58:35.016+0000] {subprocess.py:63} INFO - Tmp dir root location: 
 /tmp
[2023-03-18T13:58:35.017+0000] {subprocess.py:75} INFO - Running command: ['/bin/bash', '-c', 'curl -sSL https://github.com/DataTalksClub/nyc-tlc-data/releases/download/yellow/yellow_tripdata_2019-01.csv.gz > /opt/***/yellow_tripdata_2019-01.csv.gz']
[2023-03-18T13:58:35.026+0000] {subprocess.py:86} INFO - Output:
[2023-03-18T13:58:42.305+0000] {subprocess.py:97} INFO - Command exited with return code 0
[2023-03-18T13:58:42.335+0000] {taskinstance.py:1323} INFO - Marking task as SUCCESS. dag_id=data_ingestion_gcs_dag, task_id=download_dataset_task, execution_date=20230318T135833, start_date=20230318T135834, end_date=20230318T135842
[2023-03-18T13:58:42.391+0000] {local_task_job.py:208} INFO - Task exited with return code 0
[2023-03-18T13:58:42.428+0000] {taskinstance.py:2578} INFO - 1 downstream tasks scheduled from follow-on schedule check
