[2023-03-14T11:03:43.261+0000] {taskinstance.py:1083} INFO - Dependencies all met for <TaskInstance: LocalIngestionDag.ingest manual__2023-03-14T11:03:41.556236+00:00 [queued]>
[2023-03-14T11:03:43.270+0000] {taskinstance.py:1083} INFO - Dependencies all met for <TaskInstance: LocalIngestionDag.ingest manual__2023-03-14T11:03:41.556236+00:00 [queued]>
[2023-03-14T11:03:43.270+0000] {taskinstance.py:1279} INFO - 
--------------------------------------------------------------------------------
[2023-03-14T11:03:43.270+0000] {taskinstance.py:1280} INFO - Starting attempt 1 of 1
[2023-03-14T11:03:43.270+0000] {taskinstance.py:1281} INFO - 
--------------------------------------------------------------------------------
[2023-03-14T11:03:43.281+0000] {taskinstance.py:1300} INFO - Executing <Task(BashOperator): ingest> on 2023-03-14 11:03:41.556236+00:00
[2023-03-14T11:03:43.286+0000] {standard_task_runner.py:55} INFO - Started process 2194 to run task
[2023-03-14T11:03:43.288+0000] {standard_task_runner.py:82} INFO - Running: ['***', 'tasks', 'run', 'LocalIngestionDag', 'ingest', 'manual__2023-03-14T11:03:41.556236+00:00', '--job-id', '1750', '--raw', '--subdir', 'DAGS_FOLDER/data_ingestion_local.py', '--cfg-path', '/tmp/tmpbcwo482t']
[2023-03-14T11:03:43.288+0000] {standard_task_runner.py:83} INFO - Job 1750: Subtask ingest
[2023-03-14T11:03:43.298+0000] {warnings.py:110} WARNING - /home/***/.local/lib/python3.7/site-packages/***/settings.py:249: DeprecationWarning: The sql_alchemy_conn option in [core] has been moved to the sql_alchemy_conn option in [database] - the old setting has been used, but please update your config.
  SQL_ALCHEMY_CONN = conf.get("database", "SQL_ALCHEMY_CONN")

[2023-03-14T11:03:43.334+0000] {task_command.py:388} INFO - Running <TaskInstance: LocalIngestionDag.ingest manual__2023-03-14T11:03:41.556236+00:00 [running]> on host 67d5ca07a279
[2023-03-14T11:03:43.389+0000] {taskinstance.py:1509} INFO - Exporting the following env vars:
AIRFLOW_CTX_DAG_OWNER=***
AIRFLOW_CTX_DAG_ID=LocalIngestionDag
AIRFLOW_CTX_TASK_ID=ingest
AIRFLOW_CTX_EXECUTION_DATE=2023-03-14T11:03:41.556236+00:00
AIRFLOW_CTX_TRY_NUMBER=1
AIRFLOW_CTX_DAG_RUN_ID=manual__2023-03-14T11:03:41.556236+00:00
[2023-03-14T11:03:43.389+0000] {subprocess.py:63} INFO - Tmp dir root location: 
 /tmp
[2023-03-14T11:03:43.390+0000] {subprocess.py:75} INFO - Running command: ['/bin/bash', '-c', 'ls /opt/***']
[2023-03-14T11:03:43.401+0000] {subprocess.py:86} INFO - Output:
[2023-03-14T11:03:43.403+0000] {subprocess.py:93} INFO - ***-worker.pid
[2023-03-14T11:03:43.403+0000] {subprocess.py:93} INFO - ***.cfg
[2023-03-14T11:03:43.403+0000] {subprocess.py:93} INFO - dags
[2023-03-14T11:03:43.403+0000] {subprocess.py:93} INFO - logs
[2023-03-14T11:03:43.403+0000] {subprocess.py:93} INFO - output.csv
[2023-03-14T11:03:43.403+0000] {subprocess.py:93} INFO - plugins
[2023-03-14T11:03:43.403+0000] {subprocess.py:93} INFO - requirements.txt
[2023-03-14T11:03:43.403+0000] {subprocess.py:93} INFO - webserver_config.py
[2023-03-14T11:03:43.404+0000] {subprocess.py:97} INFO - Command exited with return code 0
[2023-03-14T11:03:43.423+0000] {taskinstance.py:1323} INFO - Marking task as SUCCESS. dag_id=LocalIngestionDag, task_id=ingest, execution_date=20230314T110341, start_date=20230314T110343, end_date=20230314T110343
[2023-03-14T11:03:43.459+0000] {local_task_job.py:208} INFO - Task exited with return code 0
[2023-03-14T11:03:43.473+0000] {taskinstance.py:2578} INFO - 0 downstream tasks scheduled from follow-on schedule check
