[2023-03-21T21:16:48.007+0000] {taskinstance.py:1083} INFO - Dependencies all met for <TaskInstance: data_ingestion_gcs_dag.format_to_parquet scheduled__2023-03-20T00:00:00+00:00 [queued]>
[2023-03-21T21:16:48.018+0000] {taskinstance.py:1083} INFO - Dependencies all met for <TaskInstance: data_ingestion_gcs_dag.format_to_parquet scheduled__2023-03-20T00:00:00+00:00 [queued]>
[2023-03-21T21:16:48.018+0000] {taskinstance.py:1279} INFO - 
--------------------------------------------------------------------------------
[2023-03-21T21:16:48.018+0000] {taskinstance.py:1280} INFO - Starting attempt 1 of 1
[2023-03-21T21:16:48.018+0000] {taskinstance.py:1281} INFO - 
--------------------------------------------------------------------------------
[2023-03-21T21:16:48.033+0000] {taskinstance.py:1300} INFO - Executing <Task(PythonOperator): format_to_parquet> on 2023-03-20 00:00:00+00:00
[2023-03-21T21:16:48.040+0000] {standard_task_runner.py:55} INFO - Started process 79 to run task
[2023-03-21T21:16:48.043+0000] {standard_task_runner.py:82} INFO - Running: ['***', 'tasks', 'run', 'data_ingestion_gcs_dag', 'format_to_parquet', 'scheduled__2023-03-20T00:00:00+00:00', '--job-id', '1898', '--raw', '--subdir', 'DAGS_FOLDER/ingestion_script_gcp.py', '--cfg-path', '/tmp/tmpum1t0tnk']
[2023-03-21T21:16:48.044+0000] {standard_task_runner.py:83} INFO - Job 1898: Subtask format_to_parquet
[2023-03-21T21:16:48.056+0000] {warnings.py:110} WARNING - /home/***/.local/lib/python3.7/site-packages/***/settings.py:249: DeprecationWarning: The sql_alchemy_conn option in [core] has been moved to the sql_alchemy_conn option in [database] - the old setting has been used, but please update your config.
  SQL_ALCHEMY_CONN = conf.get("database", "SQL_ALCHEMY_CONN")

[2023-03-21T21:16:48.074+0000] {warnings.py:110} WARNING - /home/***/.local/lib/python3.7/site-packages/***/utils/sqlalchemy.py:124: DeprecationWarning: The sql_alchemy_conn option in [core] has been moved to the sql_alchemy_conn option in [database] - the old setting has been used, but please update your config.
  return not conf.get("database", "sql_alchemy_conn").startswith("mssql")

[2023-03-21T21:16:48.101+0000] {task_command.py:388} INFO - Running <TaskInstance: data_ingestion_gcs_dag.format_to_parquet scheduled__2023-03-20T00:00:00+00:00 [running]> on host 4b3eeaf199d3
[2023-03-21T21:16:48.166+0000] {taskinstance.py:1509} INFO - Exporting the following env vars:
AIRFLOW_CTX_DAG_OWNER=***
AIRFLOW_CTX_DAG_ID=data_ingestion_gcs_dag
AIRFLOW_CTX_TASK_ID=format_to_parquet
AIRFLOW_CTX_EXECUTION_DATE=2023-03-20T00:00:00+00:00
AIRFLOW_CTX_TRY_NUMBER=1
AIRFLOW_CTX_DAG_RUN_ID=scheduled__2023-03-20T00:00:00+00:00
[2023-03-21T21:16:48.167+0000] {ingestion_script_gcp.py:29} INFO - file name: /opt/***/yellow_tripdata_2019-01.csv.gz
[2023-03-21T21:17:03.518+0000] {python.py:177} INFO - Done. Returned value was: None
[2023-03-21T21:17:03.527+0000] {taskinstance.py:1323} INFO - Marking task as SUCCESS. dag_id=data_ingestion_gcs_dag, task_id=format_to_parquet, execution_date=20230320T000000, start_date=20230321T211648, end_date=20230321T211703
[2023-03-21T21:17:03.671+0000] {local_task_job.py:208} INFO - Task exited with return code 0
[2023-03-21T21:17:03.697+0000] {taskinstance.py:2578} INFO - 1 downstream tasks scheduled from follow-on schedule check
